<?xml version="1.0" encoding="UTF-8"?>
<coverage generated="1618852487598" clover="3.2.0">
  <project timestamp="1618852487598" name="All files">
    <metrics statements="415" coveredstatements="334" conditionals="155" coveredconditionals="99" methods="176" coveredmethods="134" elements="746" coveredelements="567" complexity="0" loc="415" ncloc="415" packages="56" files="109" classes="109"/>
    <package name="actions">
      <metrics statements="54" coveredstatements="54" conditionals="10" coveredconditionals="5" methods="35" coveredmethods="35"/>
      <file name="actionTypes.js" path="E:\IT\EPAM_2021\REACT\reactjs_gmp_2021-MY\src\actions\actionTypes.js">
        <metrics statements="13" coveredstatements="13" conditionals="0" coveredconditionals="0" methods="0" coveredmethods="0"/>
        <line num="1" count="21" type="stmt"/>
        <line num="2" count="21" type="stmt"/>
        <line num="3" count="21" type="stmt"/>
        <line num="4" count="21" type="stmt"/>
        <line num="5" count="21" type="stmt"/>
        <line num="6" count="21" type="stmt"/>
        <line num="7" count="21" type="stmt"/>
        <line num="8" count="21" type="stmt"/>
        <line num="9" count="21" type="stmt"/>
        <line num="10" count="21" type="stmt"/>
        <line num="11" count="21" type="stmt"/>
        <line num="12" count="21" type="stmt"/>
        <line num="13" count="21" type="stmt"/>
      </file>
      <file name="movies.js" path="E:\IT\EPAM_2021\REACT\reactjs_gmp_2021-MY\src\actions\movies.js">
        <metrics statements="41" coveredstatements="41" conditionals="10" coveredconditionals="5" methods="35" coveredmethods="35"/>
        <line num="9" count="19" type="stmt"/>
        <line num="14" count="19" type="stmt"/>
        <line num="18" count="19" type="stmt"/>
        <line num="22" count="19" type="stmt"/>
        <line num="27" count="19" type="stmt"/>
        <line num="32" count="19" type="stmt"/>
        <line num="37" count="19" type="stmt"/>
        <line num="42" count="19" type="stmt"/>
        <line num="47" count="19" type="stmt"/>
        <line num="52" count="19" type="stmt"/>
        <line num="57" count="19" type="stmt"/>
        <line num="62" count="19" type="stmt"/>
        <line num="67" count="19" type="stmt"/>
        <line num="71" count="19" type="stmt"/>
        <line num="72" count="2" type="stmt"/>
        <line num="73" count="2" type="stmt"/>
        <line num="76" count="1" type="stmt"/>
        <line num="79" count="1" type="stmt"/>
        <line num="83" count="19" type="stmt"/>
        <line num="86" count="1" type="stmt"/>
        <line num="89" count="1" type="stmt"/>
        <line num="92" count="19" type="stmt"/>
        <line num="95" count="1" type="stmt"/>
        <line num="98" count="1" type="stmt"/>
        <line num="101" count="19" type="stmt"/>
        <line num="104" count="1" type="stmt"/>
        <line num="107" count="1" type="stmt"/>
        <line num="110" count="19" type="stmt"/>
        <line num="113" count="1" type="stmt"/>
        <line num="116" count="1" type="stmt"/>
        <line num="119" count="19" type="stmt"/>
        <line num="120" count="1" type="cond" truecount="1" falsecount="1"/>
        <line num="121" count="1" type="stmt"/>
        <line num="124" count="1" type="cond" truecount="1" falsecount="1"/>
        <line num="125" count="1" type="stmt"/>
        <line num="128" count="1" type="cond" truecount="1" falsecount="1"/>
        <line num="129" count="1" type="stmt"/>
        <line num="132" count="1" type="cond" truecount="1" falsecount="1"/>
        <line num="133" count="1" type="stmt"/>
        <line num="136" count="1" type="cond" truecount="1" falsecount="1"/>
        <line num="137" count="1" type="stmt"/>
      </file>
    </package>
    <package name="components.Blur">
      <metrics statements="2" coveredstatements="2" conditionals="0" coveredconditionals="0" methods="1" coveredmethods="1"/>
      <file name="Blur.jsx" path="E:\IT\EPAM_2021\REACT\reactjs_gmp_2021-MY\src\components\Blur\Blur.jsx">
        <metrics statements="2" coveredstatements="2" conditionals="0" coveredconditionals="0" methods="1" coveredmethods="1"/>
        <line num="6" count="7" type="stmt"/>
        <line num="8" count="7" type="stmt"/>
      </file>
      <file name="index.js" path="E:\IT\EPAM_2021\REACT\reactjs_gmp_2021-MY\src\components\Blur\index.js">
        <metrics statements="0" coveredstatements="0" conditionals="0" coveredconditionals="0" methods="0" coveredmethods="0"/>
      </file>
    </package>
    <package name="components.Button">
      <metrics statements="4" coveredstatements="4" conditionals="0" coveredconditionals="0" methods="2" coveredmethods="1"/>
      <file name="Button.jsx" path="E:\IT\EPAM_2021\REACT\reactjs_gmp_2021-MY\src\components\Button\Button.jsx">
        <metrics statements="4" coveredstatements="4" conditionals="0" coveredconditionals="0" methods="2" coveredmethods="1"/>
        <line num="4" count="20" type="stmt"/>
        <line num="8" count="52" type="stmt"/>
        <line num="14" count="20" type="stmt"/>
        <line num="24" count="20" type="stmt"/>
      </file>
      <file name="index.js" path="E:\IT\EPAM_2021\REACT\reactjs_gmp_2021-MY\src\components\Button\index.js">
        <metrics statements="0" coveredstatements="0" conditionals="0" coveredconditionals="0" methods="0" coveredmethods="0"/>
      </file>
    </package>
    <package name="components.FilterItem">
      <metrics statements="4" coveredstatements="4" conditionals="2" coveredconditionals="2" methods="2" coveredmethods="2"/>
      <file name="FilterItem.jsx" path="E:\IT\EPAM_2021\REACT\reactjs_gmp_2021-MY\src\components\FilterItem\FilterItem.jsx">
        <metrics statements="4" coveredstatements="4" conditionals="2" coveredconditionals="2" methods="2" coveredmethods="2"/>
        <line num="6" count="7" type="stmt"/>
        <line num="7" count="16" type="cond" truecount="2" falsecount="0"/>
        <line num="9" count="16" type="stmt"/>
        <line num="16" count="7" type="stmt"/>
      </file>
      <file name="index.js" path="E:\IT\EPAM_2021\REACT\reactjs_gmp_2021-MY\src\components\FilterItem\index.js">
        <metrics statements="0" coveredstatements="0" conditionals="0" coveredconditionals="0" methods="0" coveredmethods="0"/>
      </file>
    </package>
    <package name="components.Logo">
      <metrics statements="2" coveredstatements="2" conditionals="0" coveredconditionals="0" methods="1" coveredmethods="1"/>
      <file name="Logo.jsx" path="E:\IT\EPAM_2021\REACT\reactjs_gmp_2021-MY\src\components\Logo\Logo.jsx">
        <metrics statements="2" coveredstatements="2" conditionals="0" coveredconditionals="0" methods="1" coveredmethods="1"/>
        <line num="5" count="10" type="stmt"/>
        <line num="6" count="14" type="stmt"/>
      </file>
      <file name="index.js" path="E:\IT\EPAM_2021\REACT\reactjs_gmp_2021-MY\src\components\Logo\index.js">
        <metrics statements="0" coveredstatements="0" conditionals="0" coveredconditionals="0" methods="0" coveredmethods="0"/>
      </file>
    </package>
    <package name="components.MovieDetailsContent">
      <metrics statements="8" coveredstatements="8" conditionals="14" coveredconditionals="8" methods="3" coveredmethods="3"/>
      <file name="MovieDetailsContent.jsx" path="E:\IT\EPAM_2021\REACT\reactjs_gmp_2021-MY\src\components\MovieDetailsContent\MovieDetailsContent.jsx">
        <metrics statements="8" coveredstatements="8" conditionals="14" coveredconditionals="8" methods="3" coveredmethods="3"/>
        <line num="12" count="4" type="stmt"/>
        <line num="13" count="6" type="stmt"/>
        <line num="14" count="4" type="stmt"/>
        <line num="15" count="4" type="stmt"/>
        <line num="18" count="4" type="stmt"/>
        <line num="19" count="1" type="cond" truecount="1" falsecount="1"/>
        <line num="20" count="1" type="stmt"/>
        <line num="24" count="4" type="cond" truecount="2" falsecount="0"/>
      </file>
      <file name="index.js" path="E:\IT\EPAM_2021\REACT\reactjs_gmp_2021-MY\src\components\MovieDetailsContent\index.js">
        <metrics statements="0" coveredstatements="0" conditionals="0" coveredconditionals="0" methods="0" coveredmethods="0"/>
      </file>
    </package>
    <package name="components.MovieDetailsLabel">
      <metrics statements="3" coveredstatements="3" conditionals="0" coveredconditionals="0" methods="1" coveredmethods="1"/>
      <file name="MovieDetailsLabel.jsx" path="E:\IT\EPAM_2021\REACT\reactjs_gmp_2021-MY\src\components\MovieDetailsLabel\MovieDetailsLabel.jsx">
        <metrics statements="3" coveredstatements="3" conditionals="0" coveredconditionals="0" methods="1" coveredmethods="1"/>
        <line num="6" count="5" type="stmt"/>
        <line num="7" count="10" type="stmt"/>
        <line num="14" count="5" type="stmt"/>
      </file>
      <file name="index.js" path="E:\IT\EPAM_2021\REACT\reactjs_gmp_2021-MY\src\components\MovieDetailsLabel\index.js">
        <metrics statements="0" coveredstatements="0" conditionals="0" coveredconditionals="0" methods="0" coveredmethods="0"/>
      </file>
    </package>
    <package name="components.MovieGenres">
      <metrics statements="2" coveredstatements="2" conditionals="0" coveredconditionals="0" methods="1" coveredmethods="1"/>
      <file name="MovieGenres.jsx" path="E:\IT\EPAM_2021\REACT\reactjs_gmp_2021-MY\src\components\MovieGenres\MovieGenres.jsx">
        <metrics statements="2" coveredstatements="2" conditionals="0" coveredconditionals="0" methods="1" coveredmethods="1"/>
        <line num="6" count="14" type="stmt"/>
        <line num="8" count="7" type="stmt"/>
      </file>
      <file name="index.js" path="E:\IT\EPAM_2021\REACT\reactjs_gmp_2021-MY\src\components\MovieGenres\index.js">
        <metrics statements="0" coveredstatements="0" conditionals="0" coveredconditionals="0" methods="0" coveredmethods="0"/>
      </file>
    </package>
    <package name="components.MovieReleaseDate">
      <metrics statements="2" coveredstatements="2" conditionals="0" coveredconditionals="0" methods="1" coveredmethods="1"/>
      <file name="MovieReleaseDate.jsx" path="E:\IT\EPAM_2021\REACT\reactjs_gmp_2021-MY\src\components\MovieReleaseDate\MovieReleaseDate.jsx">
        <metrics statements="2" coveredstatements="2" conditionals="0" coveredconditionals="0" methods="1" coveredmethods="1"/>
        <line num="6" count="14" type="stmt"/>
        <line num="8" count="7" type="stmt"/>
      </file>
      <file name="index.js" path="E:\IT\EPAM_2021\REACT\reactjs_gmp_2021-MY\src\components\MovieReleaseDate\index.js">
        <metrics statements="0" coveredstatements="0" conditionals="0" coveredconditionals="0" methods="0" coveredmethods="0"/>
      </file>
    </package>
    <package name="components.MovieTitle">
      <metrics statements="2" coveredstatements="2" conditionals="0" coveredconditionals="0" methods="1" coveredmethods="1"/>
      <file name="MovieTitle.jsx" path="E:\IT\EPAM_2021\REACT\reactjs_gmp_2021-MY\src\components\MovieTitle\MovieTitle.jsx">
        <metrics statements="2" coveredstatements="2" conditionals="0" coveredconditionals="0" methods="1" coveredmethods="1"/>
        <line num="6" count="14" type="stmt"/>
        <line num="8" count="7" type="stmt"/>
      </file>
      <file name="index.js" path="E:\IT\EPAM_2021\REACT\reactjs_gmp_2021-MY\src\components\MovieTitle\index.js">
        <metrics statements="0" coveredstatements="0" conditionals="0" coveredconditionals="0" methods="0" coveredmethods="0"/>
      </file>
    </package>
    <package name="components.OopsText">
      <metrics statements="4" coveredstatements="4" conditionals="2" coveredconditionals="2" methods="1" coveredmethods="1"/>
      <file name="OopsText.jsx" path="E:\IT\EPAM_2021\REACT\reactjs_gmp_2021-MY\src\components\OopsText\OopsText.jsx">
        <metrics statements="4" coveredstatements="4" conditionals="2" coveredconditionals="2" methods="1" coveredmethods="1"/>
        <line num="6" count="3" type="stmt"/>
        <line num="7" count="2" type="stmt"/>
        <line num="16" count="3" type="stmt"/>
        <line num="20" count="3" type="stmt"/>
      </file>
      <file name="index.js" path="E:\IT\EPAM_2021\REACT\reactjs_gmp_2021-MY\src\components\OopsText\index.js">
        <metrics statements="0" coveredstatements="0" conditionals="0" coveredconditionals="0" methods="0" coveredmethods="0"/>
      </file>
    </package>
    <package name="components.Select">
      <metrics statements="18" coveredstatements="7" conditionals="16" coveredconditionals="4" methods="3" coveredmethods="1"/>
      <file name="Select.jsx" path="E:\IT\EPAM_2021\REACT\reactjs_gmp_2021-MY\src\components\Select\Select.jsx">
        <metrics statements="18" coveredstatements="7" conditionals="16" coveredconditionals="4" methods="3" coveredmethods="1"/>
        <line num="14" count="10" type="stmt"/>
        <line num="15" count="8" type="stmt"/>
        <line num="17" count="8" type="cond" truecount="4" falsecount="0"/>
        <line num="18" count="4" type="stmt"/>
        <line num="31" count="0" type="cond" truecount="0" falsecount="4"/>
        <line num="32" count="0" type="cond" truecount="0" falsecount="2"/>
        <line num="33" count="0" type="stmt"/>
        <line num="35" count="0" type="stmt"/>
        <line num="37" count="0" type="cond" truecount="0" falsecount="2"/>
        <line num="38" count="0" type="cond" truecount="0" falsecount="2"/>
        <line num="39" count="0" type="stmt"/>
        <line num="40" count="0" type="cond" truecount="0" falsecount="2"/>
        <line num="41" count="0" type="stmt"/>
        <line num="43" count="0" type="stmt"/>
        <line num="47" count="0" type="stmt"/>
        <line num="53" count="4" type="stmt"/>
        <line num="63" count="10" type="stmt"/>
        <line num="76" count="10" type="stmt"/>
      </file>
      <file name="index.js" path="E:\IT\EPAM_2021\REACT\reactjs_gmp_2021-MY\src\components\Select\index.js">
        <metrics statements="0" coveredstatements="0" conditionals="0" coveredconditionals="0" methods="0" coveredmethods="0"/>
      </file>
    </package>
    <package name="components.Select.components.ClearIndicator">
      <metrics statements="2" coveredstatements="2" conditionals="0" coveredconditionals="0" methods="1" coveredmethods="1"/>
      <file name="ClearIndicator.jsx" path="E:\IT\EPAM_2021\REACT\reactjs_gmp_2021-MY\src\components\Select\components\ClearIndicator\ClearIndicator.jsx">
        <metrics statements="2" coveredstatements="2" conditionals="0" coveredconditionals="0" methods="1" coveredmethods="1"/>
        <line num="4" count="11" type="stmt"/>
        <line num="5" count="1" type="stmt"/>
      </file>
      <file name="index.js" path="E:\IT\EPAM_2021\REACT\reactjs_gmp_2021-MY\src\components\Select\components\ClearIndicator\index.js">
        <metrics statements="0" coveredstatements="0" conditionals="0" coveredconditionals="0" methods="0" coveredmethods="0"/>
      </file>
    </package>
    <package name="components.Select.components.DropdownIndicator">
      <metrics statements="2" coveredstatements="2" conditionals="0" coveredconditionals="0" methods="1" coveredmethods="1"/>
      <file name="DropdownIndicator.jsx" path="E:\IT\EPAM_2021\REACT\reactjs_gmp_2021-MY\src\components\Select\components\DropdownIndicator\DropdownIndicator.jsx">
        <metrics statements="2" coveredstatements="2" conditionals="0" coveredconditionals="0" methods="1" coveredmethods="1"/>
        <line num="4" count="11" type="stmt"/>
        <line num="5" count="9" type="stmt"/>
      </file>
      <file name="index.js" path="E:\IT\EPAM_2021\REACT\reactjs_gmp_2021-MY\src\components\Select\components\DropdownIndicator\index.js">
        <metrics statements="0" coveredstatements="0" conditionals="0" coveredconditionals="0" methods="0" coveredmethods="0"/>
      </file>
    </package>
    <package name="components.Select.components.MultiValue">
      <metrics statements="8" coveredstatements="3" conditionals="2" coveredconditionals="0" methods="1" coveredmethods="0"/>
      <file name="MultiValue.jsx" path="E:\IT\EPAM_2021\REACT\reactjs_gmp_2021-MY\src\components\Select\components\MultiValue\MultiValue.jsx">
        <metrics statements="8" coveredstatements="3" conditionals="2" coveredconditionals="0" methods="1" coveredmethods="0"/>
        <line num="5" count="10" type="stmt"/>
        <line num="10" count="10" type="stmt"/>
        <line num="11" count="0" type="stmt"/>
        <line num="13" count="0" type="stmt"/>
        <line num="15" count="0" type="cond" truecount="0" falsecount="2"/>
        <line num="17" count="0" type="stmt"/>
        <line num="19" count="0" type="stmt"/>
        <line num="26" count="10" type="stmt"/>
      </file>
      <file name="index.js" path="E:\IT\EPAM_2021\REACT\reactjs_gmp_2021-MY\src\components\Select\components\MultiValue\index.js">
        <metrics statements="0" coveredstatements="0" conditionals="0" coveredconditionals="0" methods="0" coveredmethods="0"/>
      </file>
    </package>
    <package name="components.Select.components.Option">
      <metrics statements="5" coveredstatements="4" conditionals="0" coveredconditionals="0" methods="2" coveredmethods="1"/>
      <file name="Option.jsx" path="E:\IT\EPAM_2021\REACT\reactjs_gmp_2021-MY\src\components\Select\components\Option\Option.jsx">
        <metrics statements="5" coveredstatements="4" conditionals="0" coveredconditionals="0" methods="2" coveredmethods="1"/>
        <line num="6" count="11" type="stmt"/>
        <line num="7" count="1" type="stmt"/>
        <line num="9" count="1" type="stmt"/>
        <line num="15" count="0" type="stmt"/>
        <line num="24" count="11" type="stmt"/>
      </file>
      <file name="index.js" path="E:\IT\EPAM_2021\REACT\reactjs_gmp_2021-MY\src\components\Select\components\Option\index.js">
        <metrics statements="0" coveredstatements="0" conditionals="0" coveredconditionals="0" methods="0" coveredmethods="0"/>
      </file>
    </package>
    <package name="components.Select.components.RequiredSelect">
      <metrics statements="12" coveredstatements="9" conditionals="6" coveredconditionals="3" methods="3" coveredmethods="2"/>
      <file name="RequiredSelect.jsx" path="E:\IT\EPAM_2021\REACT\reactjs_gmp_2021-MY\src\components\Select\components\RequiredSelect\RequiredSelect.jsx">
        <metrics statements="12" coveredstatements="9" conditionals="6" coveredconditionals="3" methods="3" coveredmethods="2"/>
        <line num="8" count="11" type="stmt"/>
        <line num="11" count="5" type="stmt"/>
        <line num="13" count="5" type="stmt"/>
        <line num="14" count="0" type="stmt"/>
        <line num="15" count="0" type="stmt"/>
        <line num="18" count="5" type="stmt"/>
        <line num="19" count="10" type="cond" truecount="1" falsecount="1"/>
        <line num="20" count="0" type="cond" truecount="0" falsecount="2"/>
        <line num="23" count="5" type="stmt"/>
        <line num="25" count="5" type="stmt"/>
        <line num="51" count="11" type="stmt"/>
        <line num="60" count="11" type="stmt"/>
      </file>
      <file name="index.js" path="E:\IT\EPAM_2021\REACT\reactjs_gmp_2021-MY\src\components\Select\components\RequiredSelect\index.js">
        <metrics statements="0" coveredstatements="0" conditionals="0" coveredconditionals="0" methods="0" coveredmethods="0"/>
      </file>
    </package>
    <package name="components.Select.components.ValueContainer">
      <metrics statements="9" coveredstatements="9" conditionals="2" coveredconditionals="2" methods="2" coveredmethods="2"/>
      <file name="ValueContainer.jsx" path="E:\IT\EPAM_2021\REACT\reactjs_gmp_2021-MY\src\components\Select\components\ValueContainer\ValueContainer.jsx">
        <metrics statements="9" coveredstatements="9" conditionals="2" coveredconditionals="2" methods="2" coveredmethods="2"/>
        <line num="5" count="11" type="stmt"/>
        <line num="10" count="11" type="stmt"/>
        <line num="11" count="5" type="stmt"/>
        <line num="12" count="5" type="stmt"/>
        <line num="14" count="5" type="stmt"/>
        <line num="16" count="5" type="cond" truecount="2" falsecount="0"/>
        <line num="17" count="1" type="stmt"/>
        <line num="20" count="5" type="stmt"/>
        <line num="27" count="11" type="stmt"/>
      </file>
      <file name="index.js" path="E:\IT\EPAM_2021\REACT\reactjs_gmp_2021-MY\src\components\Select\components\ValueContainer\index.js">
        <metrics statements="0" coveredstatements="0" conditionals="0" coveredconditionals="0" methods="0" coveredmethods="0"/>
      </file>
    </package>
    <package name="components.SortIcon">
      <metrics statements="2" coveredstatements="2" conditionals="2" coveredconditionals="1" methods="1" coveredmethods="1"/>
      <file name="SortIcon.jsx" path="E:\IT\EPAM_2021\REACT\reactjs_gmp_2021-MY\src\components\SortIcon\SortIcon.jsx">
        <metrics statements="2" coveredstatements="2" conditionals="2" coveredconditionals="1" methods="1" coveredmethods="1"/>
        <line num="4" count="7" type="cond" truecount="1" falsecount="1"/>
        <line num="8" count="7" type="stmt"/>
      </file>
      <file name="index.js" path="E:\IT\EPAM_2021\REACT\reactjs_gmp_2021-MY\src\components\SortIcon\index.js">
        <metrics statements="0" coveredstatements="0" conditionals="0" coveredconditionals="0" methods="0" coveredmethods="0"/>
      </file>
    </package>
    <package name="components.UseSearch">
      <metrics statements="3" coveredstatements="3" conditionals="2" coveredconditionals="2" methods="2" coveredmethods="2"/>
      <file name="UseSearch.jsx" path="E:\IT\EPAM_2021\REACT\reactjs_gmp_2021-MY\src\components\UseSearch\UseSearch.jsx">
        <metrics statements="3" coveredstatements="3" conditionals="2" coveredconditionals="2" methods="2" coveredmethods="2"/>
        <line num="6" count="2" type="stmt"/>
        <line num="7" count="5" type="stmt"/>
        <line num="9" count="2" type="cond" truecount="2" falsecount="0"/>
      </file>
      <file name="index.js" path="E:\IT\EPAM_2021\REACT\reactjs_gmp_2021-MY\src\components\UseSearch\index.js">
        <metrics statements="0" coveredstatements="0" conditionals="0" coveredconditionals="0" methods="0" coveredmethods="0"/>
      </file>
    </package>
    <package name="constants">
      <metrics statements="4" coveredstatements="4" conditionals="0" coveredconditionals="0" methods="0" coveredmethods="0"/>
      <file name="constants.js" path="E:\IT\EPAM_2021\REACT\reactjs_gmp_2021-MY\src\constants\constants.js">
        <metrics statements="4" coveredstatements="4" conditionals="0" coveredconditionals="0" methods="0" coveredmethods="0"/>
        <line num="1" count="19" type="stmt"/>
        <line num="9" count="19" type="stmt"/>
        <line num="31" count="19" type="stmt"/>
        <line num="40" count="19" type="stmt"/>
      </file>
      <file name="index.js" path="E:\IT\EPAM_2021\REACT\reactjs_gmp_2021-MY\src\constants\index.js">
        <metrics statements="0" coveredstatements="0" conditionals="0" coveredconditionals="0" methods="0" coveredmethods="0"/>
      </file>
    </package>
    <package name="containers.App">
      <metrics statements="2" coveredstatements="2" conditionals="0" coveredconditionals="0" methods="1" coveredmethods="1"/>
      <file name="App.jsx" path="E:\IT\EPAM_2021\REACT\reactjs_gmp_2021-MY\src\containers\App\App.jsx">
        <metrics statements="2" coveredstatements="2" conditionals="0" coveredconditionals="0" methods="1" coveredmethods="1"/>
        <line num="18" count="1" type="stmt"/>
        <line num="19" count="1" type="stmt"/>
      </file>
    </package>
    <package name="containers.ErrorBoundary">
      <metrics statements="9" coveredstatements="6" conditionals="4" coveredconditionals="4" methods="4" coveredmethods="2"/>
      <file name="ErrorBoundary.jsx" path="E:\IT\EPAM_2021\REACT\reactjs_gmp_2021-MY\src\containers\ErrorBoundary\ErrorBoundary.jsx">
        <metrics statements="9" coveredstatements="6" conditionals="4" coveredconditionals="4" methods="4" coveredmethods="2"/>
        <line num="9" count="2" type="stmt"/>
        <line num="14" count="0" type="stmt"/>
        <line num="18" count="0" type="stmt"/>
        <line num="19" count="0" type="stmt"/>
        <line num="23" count="2" type="stmt"/>
        <line num="24" count="2" type="stmt"/>
        <line num="26" count="2" type="cond" truecount="4" falsecount="0"/>
        <line num="30" count="2" type="stmt"/>
        <line num="35" count="2" type="stmt"/>
      </file>
      <file name="index.js" path="E:\IT\EPAM_2021\REACT\reactjs_gmp_2021-MY\src\containers\ErrorBoundary\index.js">
        <metrics statements="0" coveredstatements="0" conditionals="0" coveredconditionals="0" methods="0" coveredmethods="0"/>
      </file>
    </package>
    <package name="containers.Footer">
      <metrics statements="2" coveredstatements="2" conditionals="0" coveredconditionals="0" methods="1" coveredmethods="1"/>
      <file name="Footer.jsx" path="E:\IT\EPAM_2021\REACT\reactjs_gmp_2021-MY\src\containers\Footer\Footer.jsx">
        <metrics statements="2" coveredstatements="2" conditionals="0" coveredconditionals="0" methods="1" coveredmethods="1"/>
        <line num="7" count="5" type="stmt"/>
        <line num="8" count="5" type="stmt"/>
      </file>
      <file name="index.js" path="E:\IT\EPAM_2021\REACT\reactjs_gmp_2021-MY\src\containers\Footer\index.js">
        <metrics statements="0" coveredstatements="0" conditionals="0" coveredconditionals="0" methods="0" coveredmethods="0"/>
      </file>
    </package>
    <package name="containers.Header">
      <metrics statements="3" coveredstatements="3" conditionals="2" coveredconditionals="2" methods="2" coveredmethods="2"/>
      <file name="Header.jsx" path="E:\IT\EPAM_2021\REACT\reactjs_gmp_2021-MY\src\containers\Header\Header.jsx">
        <metrics statements="3" coveredstatements="3" conditionals="2" coveredconditionals="2" methods="2" coveredmethods="2"/>
        <line num="8" count="3" type="stmt"/>
        <line num="9" count="7" type="stmt"/>
        <line num="11" count="3" type="cond" truecount="2" falsecount="0"/>
      </file>
      <file name="index.js" path="E:\IT\EPAM_2021\REACT\reactjs_gmp_2021-MY\src\containers\Header\index.js">
        <metrics statements="0" coveredstatements="0" conditionals="0" coveredconditionals="0" methods="0" coveredmethods="0"/>
      </file>
    </package>
    <package name="containers.HeaderMain">
      <metrics statements="2" coveredstatements="2" conditionals="0" coveredconditionals="0" methods="1" coveredmethods="1"/>
      <file name="HeaderMain.jsx" path="E:\IT\EPAM_2021\REACT\reactjs_gmp_2021-MY\src\containers\HeaderMain\HeaderMain.jsx">
        <metrics statements="2" coveredstatements="2" conditionals="0" coveredconditionals="0" methods="1" coveredmethods="1"/>
        <line num="7" count="4" type="stmt"/>
        <line num="8" count="3" type="stmt"/>
      </file>
      <file name="index.js" path="E:\IT\EPAM_2021\REACT\reactjs_gmp_2021-MY\src\containers\HeaderMain\index.js">
        <metrics statements="0" coveredstatements="0" conditionals="0" coveredconditionals="0" methods="0" coveredmethods="0"/>
      </file>
    </package>
    <package name="containers.HeaderTop">
      <metrics statements="16" coveredstatements="11" conditionals="6" coveredconditionals="4" methods="6" coveredmethods="3"/>
      <file name="HeaderTop.jsx" path="E:\IT\EPAM_2021\REACT\reactjs_gmp_2021-MY\src\containers\HeaderTop\HeaderTop.jsx">
        <metrics statements="16" coveredstatements="11" conditionals="6" coveredconditionals="4" methods="6" coveredmethods="3"/>
        <line num="13" count="7" type="stmt"/>
        <line num="14" count="13" type="stmt"/>
        <line num="15" count="13" type="stmt"/>
        <line num="16" count="6" type="stmt"/>
        <line num="17" count="6" type="stmt"/>
        <line num="19" count="6" type="stmt"/>
        <line num="20" count="0" type="stmt"/>
        <line num="21" count="0" type="stmt"/>
        <line num="27" count="6" type="stmt"/>
        <line num="28" count="0" type="stmt"/>
        <line num="31" count="6" type="stmt"/>
        <line num="32" count="0" type="cond" truecount="0" falsecount="2"/>
        <line num="33" count="0" type="stmt"/>
        <line num="37" count="6" type="stmt"/>
        <line num="63" count="7" type="stmt"/>
        <line num="67" count="7" type="stmt"/>
      </file>
      <file name="index.js" path="E:\IT\EPAM_2021\REACT\reactjs_gmp_2021-MY\src\containers\HeaderTop\index.js">
        <metrics statements="0" coveredstatements="0" conditionals="0" coveredconditionals="0" methods="0" coveredmethods="0"/>
      </file>
    </package>
    <package name="containers.HomePage">
      <metrics statements="2" coveredstatements="2" conditionals="0" coveredconditionals="0" methods="1" coveredmethods="1"/>
      <file name="HomePage.jsx" path="E:\IT\EPAM_2021\REACT\reactjs_gmp_2021-MY\src\containers\HomePage\HomePage.jsx">
        <metrics statements="2" coveredstatements="2" conditionals="0" coveredconditionals="0" methods="1" coveredmethods="1"/>
        <line num="8" count="1" type="stmt"/>
        <line num="9" count="1" type="stmt"/>
      </file>
      <file name="index.js" path="E:\IT\EPAM_2021\REACT\reactjs_gmp_2021-MY\src\containers\HomePage\index.js">
        <metrics statements="0" coveredstatements="0" conditionals="0" coveredconditionals="0" methods="0" coveredmethods="0"/>
      </file>
    </package>
    <package name="containers.Loading">
      <metrics statements="3" coveredstatements="3" conditionals="2" coveredconditionals="2" methods="2" coveredmethods="2"/>
      <file name="Loading.jsx" path="E:\IT\EPAM_2021\REACT\reactjs_gmp_2021-MY\src\containers\Loading\Loading.jsx">
        <metrics statements="3" coveredstatements="3" conditionals="2" coveredconditionals="2" methods="2" coveredmethods="2"/>
        <line num="7" count="4" type="stmt"/>
        <line num="8" count="6" type="stmt"/>
        <line num="10" count="3" type="cond" truecount="2" falsecount="0"/>
      </file>
      <file name="index.js" path="E:\IT\EPAM_2021\REACT\reactjs_gmp_2021-MY\src\containers\Loading\index.js">
        <metrics statements="0" coveredstatements="0" conditionals="0" coveredconditionals="0" methods="0" coveredmethods="0"/>
      </file>
    </package>
    <package name="containers.Main">
      <metrics statements="15" coveredstatements="12" conditionals="2" coveredconditionals="2" methods="8" coveredmethods="7"/>
      <file name="Main.jsx" path="E:\IT\EPAM_2021\REACT\reactjs_gmp_2021-MY\src\containers\Main\Main.jsx">
        <metrics statements="15" coveredstatements="12" conditionals="2" coveredconditionals="2" methods="8" coveredmethods="7"/>
        <line num="14" count="4" type="stmt"/>
        <line num="15" count="6" type="stmt"/>
        <line num="16" count="6" type="stmt"/>
        <line num="17" count="6" type="stmt"/>
        <line num="18" count="6" type="stmt"/>
        <line num="19" count="6" type="stmt"/>
        <line num="20" count="6" type="stmt"/>
        <line num="21" count="3" type="stmt"/>
        <line num="22" count="3" type="stmt"/>
        <line num="23" count="3" type="stmt"/>
        <line num="25" count="3" type="stmt"/>
        <line num="26" count="0" type="stmt"/>
        <line num="27" count="0" type="stmt"/>
        <line num="28" count="0" type="stmt"/>
        <line num="31" count="3" type="cond" truecount="2" falsecount="0"/>
      </file>
      <file name="index.js" path="E:\IT\EPAM_2021\REACT\reactjs_gmp_2021-MY\src\containers\Main\index.js">
        <metrics statements="0" coveredstatements="0" conditionals="0" coveredconditionals="0" methods="0" coveredmethods="0"/>
      </file>
    </package>
    <package name="containers.Menu">
      <metrics statements="2" coveredstatements="2" conditionals="0" coveredconditionals="0" methods="1" coveredmethods="1"/>
      <file name="Menu.jsx" path="E:\IT\EPAM_2021\REACT\reactjs_gmp_2021-MY\src\containers\Menu\Menu.jsx">
        <metrics statements="2" coveredstatements="2" conditionals="0" coveredconditionals="0" methods="1" coveredmethods="1"/>
        <line num="8" count="5" type="stmt"/>
        <line num="9" count="2" type="stmt"/>
      </file>
      <file name="index.js" path="E:\IT\EPAM_2021\REACT\reactjs_gmp_2021-MY\src\containers\Menu\index.js">
        <metrics statements="0" coveredstatements="0" conditionals="0" coveredconditionals="0" methods="0" coveredmethods="0"/>
      </file>
    </package>
    <package name="containers.ModalWindow">
      <metrics statements="16" coveredstatements="8" conditionals="8" coveredconditionals="4" methods="7" coveredmethods="3"/>
      <file name="ModalWindow.jsx" path="E:\IT\EPAM_2021\REACT\reactjs_gmp_2021-MY\src\containers\ModalWindow\ModalWindow.jsx">
        <metrics statements="16" coveredstatements="8" conditionals="8" coveredconditionals="4" methods="7" coveredmethods="3"/>
        <line num="14" count="3" type="stmt"/>
        <line num="15" count="7" type="stmt"/>
        <line num="16" count="7" type="stmt"/>
        <line num="17" count="3" type="stmt"/>
        <line num="19" count="3" type="stmt"/>
        <line num="20" count="0" type="stmt"/>
        <line num="23" count="3" type="stmt"/>
        <line num="25" count="0" type="cond" truecount="0" falsecount="2"/>
        <line num="26" count="0" type="stmt"/>
        <line num="32" count="3" type="stmt"/>
        <line num="33" count="0" type="cond" truecount="0" falsecount="2"/>
        <line num="34" count="0" type="stmt"/>
        <line num="35" count="0" type="stmt"/>
        <line num="37" count="0" type="stmt"/>
        <line num="38" count="0" type="stmt"/>
        <line num="42" count="3" type="cond" truecount="2" falsecount="0"/>
      </file>
      <file name="index.js" path="E:\IT\EPAM_2021\REACT\reactjs_gmp_2021-MY\src\containers\ModalWindow\index.js">
        <metrics statements="0" coveredstatements="0" conditionals="0" coveredconditionals="0" methods="0" coveredmethods="0"/>
      </file>
    </package>
    <package name="containers.ModalWindow.forms.AddMovie">
      <metrics statements="10" coveredstatements="8" conditionals="2" coveredconditionals="2" methods="3" coveredmethods="2"/>
      <file name="AddMovie.jsx" path="E:\IT\EPAM_2021\REACT\reactjs_gmp_2021-MY\src\containers\ModalWindow\forms\AddMovie\AddMovie.jsx">
        <metrics statements="10" coveredstatements="8" conditionals="2" coveredconditionals="2" methods="3" coveredmethods="2"/>
        <line num="10" count="4" type="stmt"/>
        <line num="11" count="6" type="stmt"/>
        <line num="12" count="3" type="stmt"/>
        <line num="13" count="3" type="stmt"/>
        <line num="14" count="0" type="stmt"/>
        <line num="19" count="0" type="stmt"/>
        <line num="22" count="3" type="stmt"/>
        <line num="36" count="3" type="stmt"/>
        <line num="42" count="3" type="cond" truecount="2" falsecount="0"/>
        <line num="52" count="4" type="stmt"/>
      </file>
      <file name="index.js" path="E:\IT\EPAM_2021\REACT\reactjs_gmp_2021-MY\src\containers\ModalWindow\forms\AddMovie\index.js">
        <metrics statements="0" coveredstatements="0" conditionals="0" coveredconditionals="0" methods="0" coveredmethods="0"/>
      </file>
    </package>
    <package name="containers.ModalWindow.forms.CommonForm">
      <metrics statements="5" coveredstatements="4" conditionals="6" coveredconditionals="6" methods="2" coveredmethods="1"/>
      <file name="CommonForm.jsx" path="E:\IT\EPAM_2021\REACT\reactjs_gmp_2021-MY\src\containers\ModalWindow\forms\CommonForm\CommonForm.jsx">
        <metrics statements="5" coveredstatements="4" conditionals="6" coveredconditionals="6" methods="2" coveredmethods="1"/>
        <line num="9" count="5" type="stmt"/>
        <line num="10" count="4" type="stmt"/>
        <line num="46" count="0" type="stmt"/>
        <line num="77" count="5" type="stmt"/>
        <line num="82" count="5" type="stmt"/>
      </file>
      <file name="index.js" path="E:\IT\EPAM_2021\REACT\reactjs_gmp_2021-MY\src\containers\ModalWindow\forms\CommonForm\index.js">
        <metrics statements="0" coveredstatements="0" conditionals="0" coveredconditionals="0" methods="0" coveredmethods="0"/>
      </file>
    </package>
    <package name="containers.ModalWindow.forms.DeleteMovie">
      <metrics statements="8" coveredstatements="6" conditionals="2" coveredconditionals="2" methods="3" coveredmethods="2"/>
      <file name="DeleteMovie.jsx" path="E:\IT\EPAM_2021\REACT\reactjs_gmp_2021-MY\src\containers\ModalWindow\forms\DeleteMovie\DeleteMovie.jsx">
        <metrics statements="8" coveredstatements="6" conditionals="2" coveredconditionals="2" methods="3" coveredmethods="2"/>
        <line num="8" count="4" type="stmt"/>
        <line num="9" count="4" type="stmt"/>
        <line num="10" count="2" type="stmt"/>
        <line num="11" count="2" type="stmt"/>
        <line num="12" count="0" type="stmt"/>
        <line num="13" count="0" type="stmt"/>
        <line num="16" count="2" type="cond" truecount="2" falsecount="0"/>
        <line num="33" count="4" type="stmt"/>
      </file>
      <file name="index.js" path="E:\IT\EPAM_2021\REACT\reactjs_gmp_2021-MY\src\containers\ModalWindow\forms\DeleteMovie\index.js">
        <metrics statements="0" coveredstatements="0" conditionals="0" coveredconditionals="0" methods="0" coveredmethods="0"/>
      </file>
    </package>
    <package name="containers.ModalWindow.forms.EditMovie">
      <metrics statements="10" coveredstatements="8" conditionals="6" coveredconditionals="4" methods="4" coveredmethods="3"/>
      <file name="EditMovie.jsx" path="E:\IT\EPAM_2021\REACT\reactjs_gmp_2021-MY\src\containers\ModalWindow\forms\EditMovie\EditMovie.jsx">
        <metrics statements="10" coveredstatements="8" conditionals="6" coveredconditionals="4" methods="4" coveredmethods="3"/>
        <line num="11" count="4" type="stmt"/>
        <line num="28" count="4" type="stmt"/>
        <line num="29" count="2" type="stmt"/>
        <line num="30" count="2" type="stmt"/>
        <line num="31" count="0" type="stmt"/>
        <line num="36" count="0" type="stmt"/>
        <line num="39" count="2" type="stmt"/>
        <line num="54" count="2" type="cond" truecount="2" falsecount="0"/>
        <line num="61" count="1" type="stmt"/>
        <line num="70" count="4" type="stmt"/>
      </file>
      <file name="index.js" path="E:\IT\EPAM_2021\REACT\reactjs_gmp_2021-MY\src\containers\ModalWindow\forms\EditMovie\index.js">
        <metrics statements="0" coveredstatements="0" conditionals="0" coveredconditionals="0" methods="0" coveredmethods="0"/>
      </file>
    </package>
    <package name="containers.ModalWindow.forms.FormItem">
      <metrics statements="4" coveredstatements="4" conditionals="8" coveredconditionals="7" methods="1" coveredmethods="1"/>
      <file name="FormItem.jsx" path="E:\IT\EPAM_2021\REACT\reactjs_gmp_2021-MY\src\containers\ModalWindow\forms\FormItem\FormItem.jsx">
        <metrics statements="4" coveredstatements="4" conditionals="8" coveredconditionals="7" methods="1" coveredmethods="1"/>
        <line num="10" count="45" type="stmt"/>
        <line num="12" count="45" type="stmt"/>
        <line num="32" count="5" type="stmt"/>
        <line num="42" count="5" type="stmt"/>
      </file>
      <file name="index.js" path="E:\IT\EPAM_2021\REACT\reactjs_gmp_2021-MY\src\containers\ModalWindow\forms\FormItem\index.js">
        <metrics statements="0" coveredstatements="0" conditionals="0" coveredconditionals="0" methods="0" coveredmethods="0"/>
      </file>
    </package>
    <package name="containers.MovieCard">
      <metrics statements="16" coveredstatements="11" conditionals="2" coveredconditionals="1" methods="6" coveredmethods="1"/>
      <file name="MovieCard.jsx" path="E:\IT\EPAM_2021\REACT\reactjs_gmp_2021-MY\src\containers\MovieCard\MovieCard.jsx">
        <metrics statements="16" coveredstatements="11" conditionals="2" coveredconditionals="1" methods="6" coveredmethods="1"/>
        <line num="18" count="6" type="stmt"/>
        <line num="24" count="13" type="stmt"/>
        <line num="25" count="13" type="stmt"/>
        <line num="27" count="13" type="stmt"/>
        <line num="28" count="0" type="stmt"/>
        <line num="31" count="13" type="stmt"/>
        <line num="32" count="0" type="stmt"/>
        <line num="35" count="13" type="stmt"/>
        <line num="36" count="0" type="stmt"/>
        <line num="39" count="13" type="stmt"/>
        <line num="40" count="0" type="stmt"/>
        <line num="43" count="13" type="stmt"/>
        <line num="44" count="0" type="stmt"/>
        <line num="47" count="13" type="stmt"/>
        <line num="80" count="6" type="stmt"/>
        <line num="97" count="6" type="stmt"/>
      </file>
      <file name="index.js" path="E:\IT\EPAM_2021\REACT\reactjs_gmp_2021-MY\src\containers\MovieCard\index.js">
        <metrics statements="0" coveredstatements="0" conditionals="0" coveredconditionals="0" methods="0" coveredmethods="0"/>
      </file>
    </package>
    <package name="containers.MovieCardMenu">
      <metrics statements="17" coveredstatements="6" conditionals="8" coveredconditionals="2" methods="6" coveredmethods="1"/>
      <file name="MovieCardMenu.jsx" path="E:\IT\EPAM_2021\REACT\reactjs_gmp_2021-MY\src\containers\MovieCardMenu\MovieCardMenu.jsx">
        <metrics statements="17" coveredstatements="6" conditionals="8" coveredconditionals="2" methods="6" coveredmethods="1"/>
        <line num="8" count="7" type="stmt"/>
        <line num="12" count="14" type="stmt"/>
        <line num="13" count="0" type="stmt"/>
        <line num="16" count="0" type="stmt"/>
        <line num="18" count="0" type="cond" truecount="0" falsecount="2"/>
        <line num="20" count="0" type="stmt"/>
        <line num="25" count="14" type="stmt"/>
        <line num="27" count="0" type="cond" truecount="0" falsecount="2"/>
        <line num="28" count="0" type="stmt"/>
        <line num="34" count="14" type="stmt"/>
        <line num="35" count="0" type="cond" truecount="0" falsecount="2"/>
        <line num="36" count="0" type="stmt"/>
        <line num="37" count="0" type="stmt"/>
        <line num="39" count="0" type="stmt"/>
        <line num="40" count="0" type="stmt"/>
        <line num="44" count="14" type="cond" truecount="2" falsecount="0"/>
        <line num="75" count="7" type="stmt"/>
      </file>
      <file name="index.js" path="E:\IT\EPAM_2021\REACT\reactjs_gmp_2021-MY\src\containers\MovieCardMenu\index.js">
        <metrics statements="0" coveredstatements="0" conditionals="0" coveredconditionals="0" methods="0" coveredmethods="0"/>
      </file>
    </package>
    <package name="containers.MovieDetails">
      <metrics statements="2" coveredstatements="2" conditionals="0" coveredconditionals="0" methods="1" coveredmethods="1"/>
      <file name="MovieDetails.jsx" path="E:\IT\EPAM_2021\REACT\reactjs_gmp_2021-MY\src\containers\MovieDetails\MovieDetails.jsx">
        <metrics statements="2" coveredstatements="2" conditionals="0" coveredconditionals="0" methods="1" coveredmethods="1"/>
        <line num="9" count="3" type="stmt"/>
        <line num="10" count="2" type="stmt"/>
      </file>
      <file name="index.js" path="E:\IT\EPAM_2021\REACT\reactjs_gmp_2021-MY\src\containers\MovieDetails\index.js">
        <metrics statements="0" coveredstatements="0" conditionals="0" coveredconditionals="0" methods="0" coveredmethods="0"/>
      </file>
    </package>
    <package name="containers.MovieDetailsPage">
      <metrics statements="2" coveredstatements="2" conditionals="0" coveredconditionals="0" methods="1" coveredmethods="1"/>
      <file name="MovieDetailsPage.jsx" path="E:\IT\EPAM_2021\REACT\reactjs_gmp_2021-MY\src\containers\MovieDetailsPage\MovieDetailsPage.jsx">
        <metrics statements="2" coveredstatements="2" conditionals="0" coveredconditionals="0" methods="1" coveredmethods="1"/>
        <line num="8" count="2" type="stmt"/>
        <line num="9" count="1" type="stmt"/>
      </file>
      <file name="index.js" path="E:\IT\EPAM_2021\REACT\reactjs_gmp_2021-MY\src\containers\MovieDetailsPage\index.js">
        <metrics statements="0" coveredstatements="0" conditionals="0" coveredconditionals="0" methods="0" coveredmethods="0"/>
      </file>
    </package>
    <package name="containers.MoviesList">
      <metrics statements="4" coveredstatements="4" conditionals="0" coveredconditionals="0" methods="3" coveredmethods="3"/>
      <file name="MoviesList.jsx" path="E:\IT\EPAM_2021\REACT\reactjs_gmp_2021-MY\src\containers\MoviesList\MoviesList.jsx">
        <metrics statements="4" coveredstatements="4" conditionals="0" coveredconditionals="0" methods="3" coveredmethods="3"/>
        <line num="8" count="5" type="stmt"/>
        <line num="9" count="4" type="stmt"/>
        <line num="11" count="2" type="stmt"/>
        <line num="14" count="12" type="stmt"/>
      </file>
      <file name="index.js" path="E:\IT\EPAM_2021\REACT\reactjs_gmp_2021-MY\src\containers\MoviesList\index.js">
        <metrics statements="0" coveredstatements="0" conditionals="0" coveredconditionals="0" methods="0" coveredmethods="0"/>
      </file>
    </package>
    <package name="containers.NoMoviesFound">
      <metrics statements="3" coveredstatements="3" conditionals="2" coveredconditionals="2" methods="2" coveredmethods="2"/>
      <file name="NoMoviesFound.jsx" path="E:\IT\EPAM_2021\REACT\reactjs_gmp_2021-MY\src\containers\NoMoviesFound\NoMoviesFound.jsx">
        <metrics statements="3" coveredstatements="3" conditionals="2" coveredconditionals="2" methods="2" coveredmethods="2"/>
        <line num="6" count="5" type="stmt"/>
        <line num="7" count="4" type="stmt"/>
        <line num="9" count="2" type="cond" truecount="2" falsecount="0"/>
      </file>
      <file name="index.js" path="E:\IT\EPAM_2021\REACT\reactjs_gmp_2021-MY\src\containers\NoMoviesFound\index.js">
        <metrics statements="0" coveredstatements="0" conditionals="0" coveredconditionals="0" methods="0" coveredmethods="0"/>
      </file>
    </package>
    <package name="containers.PageNotFound">
      <metrics statements="2" coveredstatements="2" conditionals="0" coveredconditionals="0" methods="1" coveredmethods="1"/>
      <file name="PageNotFound.jsx" path="E:\IT\EPAM_2021\REACT\reactjs_gmp_2021-MY\src\containers\PageNotFound\PageNotFound.jsx">
        <metrics statements="2" coveredstatements="2" conditionals="0" coveredconditionals="0" methods="1" coveredmethods="1"/>
        <line num="11" count="2" type="stmt"/>
        <line num="12" count="1" type="stmt"/>
      </file>
      <file name="index.js" path="E:\IT\EPAM_2021\REACT\reactjs_gmp_2021-MY\src\containers\PageNotFound\index.js">
        <metrics statements="0" coveredstatements="0" conditionals="0" coveredconditionals="0" methods="0" coveredmethods="0"/>
      </file>
    </package>
    <package name="containers.ResultCount">
      <metrics statements="3" coveredstatements="3" conditionals="2" coveredconditionals="2" methods="2" coveredmethods="2"/>
      <file name="ResultCount.jsx" path="E:\IT\EPAM_2021\REACT\reactjs_gmp_2021-MY\src\containers\ResultCount\ResultCount.jsx">
        <metrics statements="3" coveredstatements="3" conditionals="2" coveredconditionals="2" methods="2" coveredmethods="2"/>
        <line num="6" count="5" type="stmt"/>
        <line num="7" count="4" type="stmt"/>
        <line num="9" count="2" type="stmt"/>
      </file>
      <file name="index.js" path="E:\IT\EPAM_2021\REACT\reactjs_gmp_2021-MY\src\containers\ResultCount\index.js">
        <metrics statements="0" coveredstatements="0" conditionals="0" coveredconditionals="0" methods="0" coveredmethods="0"/>
      </file>
    </package>
    <package name="containers.ResultsFilter">
      <metrics statements="14" coveredstatements="10" conditionals="2" coveredconditionals="0" methods="6" coveredmethods="4"/>
      <file name="ResultsFilter.jsx" path="E:\IT\EPAM_2021\REACT\reactjs_gmp_2021-MY\src\containers\ResultsFilter\ResultsFilter.jsx">
        <metrics statements="14" coveredstatements="10" conditionals="2" coveredconditionals="0" methods="6" coveredmethods="4"/>
        <line num="13" count="6" type="stmt"/>
        <line num="14" count="3" type="stmt"/>
        <line num="15" count="3" type="stmt"/>
        <line num="16" count="6" type="stmt"/>
        <line num="17" count="6" type="stmt"/>
        <line num="18" count="3" type="stmt"/>
        <line num="19" count="3" type="stmt"/>
        <line num="21" count="3" type="stmt"/>
        <line num="23" count="0" type="cond" truecount="0" falsecount="2"/>
        <line num="24" count="0" type="stmt"/>
        <line num="26" count="0" type="stmt"/>
        <line num="33" count="3" type="stmt"/>
        <line num="37" count="15" type="stmt"/>
        <line num="41" count="0" type="stmt"/>
      </file>
      <file name="index.js" path="E:\IT\EPAM_2021\REACT\reactjs_gmp_2021-MY\src\containers\ResultsFilter\index.js">
        <metrics statements="0" coveredstatements="0" conditionals="0" coveredconditionals="0" methods="0" coveredmethods="0"/>
      </file>
    </package>
    <package name="containers.ResultsSort">
      <metrics statements="19" coveredstatements="13" conditionals="6" coveredconditionals="0" methods="9" coveredmethods="6"/>
      <file name="ResultsSort.jsx" path="E:\IT\EPAM_2021\REACT\reactjs_gmp_2021-MY\src\containers\ResultsSort\ResultsSort.jsx">
        <metrics statements="19" coveredstatements="13" conditionals="6" coveredconditionals="0" methods="9" coveredmethods="6"/>
        <line num="15" count="6" type="stmt"/>
        <line num="16" count="6" type="stmt"/>
        <line num="17" count="6" type="stmt"/>
        <line num="18" count="3" type="stmt"/>
        <line num="19" count="6" type="stmt"/>
        <line num="20" count="3" type="stmt"/>
        <line num="21" count="3" type="stmt"/>
        <line num="23" count="3" type="stmt"/>
        <line num="24" count="18" type="stmt"/>
        <line num="27" count="3" type="stmt"/>
        <line num="29" count="0" type="cond" truecount="0" falsecount="2"/>
        <line num="30" count="0" type="stmt"/>
        <line num="32" count="0" type="stmt"/>
        <line num="39" count="3" type="cond" truecount="0" falsecount="2"/>
        <line num="41" count="3" type="stmt"/>
        <line num="43" count="0" type="cond" truecount="0" falsecount="2"/>
        <line num="44" count="0" type="stmt"/>
        <line num="46" count="0" type="stmt"/>
        <line num="53" count="3" type="stmt"/>
      </file>
      <file name="index.js" path="E:\IT\EPAM_2021\REACT\reactjs_gmp_2021-MY\src\containers\ResultsSort\index.js">
        <metrics statements="0" coveredstatements="0" conditionals="0" coveredconditionals="0" methods="0" coveredmethods="0"/>
      </file>
    </package>
    <package name="containers.Search">
      <metrics statements="18" coveredstatements="11" conditionals="4" coveredconditionals="2" methods="7" coveredmethods="2"/>
      <file name="Search.jsx" path="E:\IT\EPAM_2021\REACT\reactjs_gmp_2021-MY\src\containers\Search\Search.jsx">
        <metrics statements="18" coveredstatements="11" conditionals="4" coveredconditionals="2" methods="7" coveredmethods="2"/>
        <line num="12" count="5" type="stmt"/>
        <line num="13" count="4" type="stmt"/>
        <line num="14" count="9" type="stmt"/>
        <line num="15" count="4" type="stmt"/>
        <line num="16" count="4" type="cond" truecount="2" falsecount="0"/>
        <line num="17" count="4" type="stmt"/>
        <line num="18" count="4" type="stmt"/>
        <line num="19" count="4" type="stmt"/>
        <line num="20" count="0" type="stmt"/>
        <line num="25" count="4" type="stmt"/>
        <line num="27" count="0" type="cond" truecount="0" falsecount="2"/>
        <line num="28" count="0" type="stmt"/>
        <line num="34" count="4" type="stmt"/>
        <line num="35" count="0" type="stmt"/>
        <line num="36" count="0" type="stmt"/>
        <line num="37" count="0" type="stmt"/>
        <line num="40" count="4" type="stmt"/>
        <line num="44" count="0" type="stmt"/>
      </file>
      <file name="index.js" path="E:\IT\EPAM_2021\REACT\reactjs_gmp_2021-MY\src\containers\Search\index.js">
        <metrics statements="0" coveredstatements="0" conditionals="0" coveredconditionals="0" methods="0" coveredmethods="0"/>
      </file>
    </package>
    <package name="containers.SearchInput">
      <metrics statements="3" coveredstatements="3" conditionals="0" coveredconditionals="0" methods="1" coveredmethods="1"/>
      <file name="SearchInput.jsx" path="E:\IT\EPAM_2021\REACT\reactjs_gmp_2021-MY\src\containers\SearchInput\SearchInput.jsx">
        <metrics statements="3" coveredstatements="3" conditionals="0" coveredconditionals="0" methods="1" coveredmethods="1"/>
        <line num="6" count="6" type="stmt"/>
        <line num="7" count="5" type="stmt"/>
        <line num="16" count="6" type="stmt"/>
      </file>
      <file name="index.js" path="E:\IT\EPAM_2021\REACT\reactjs_gmp_2021-MY\src\containers\SearchInput\index.js">
        <metrics statements="0" coveredstatements="0" conditionals="0" coveredconditionals="0" methods="0" coveredmethods="0"/>
      </file>
    </package>
    <package name="containers.SearchPage">
      <metrics statements="2" coveredstatements="2" conditionals="0" coveredconditionals="0" methods="1" coveredmethods="1"/>
      <file name="SearchPage.jsx" path="E:\IT\EPAM_2021\REACT\reactjs_gmp_2021-MY\src\containers\SearchPage\SearchPage.jsx">
        <metrics statements="2" coveredstatements="2" conditionals="0" coveredconditionals="0" methods="1" coveredmethods="1"/>
        <line num="9" count="2" type="stmt"/>
        <line num="10" count="1" type="stmt"/>
      </file>
      <file name="index.js" path="E:\IT\EPAM_2021\REACT\reactjs_gmp_2021-MY\src\containers\SearchPage\index.js">
        <metrics statements="0" coveredstatements="0" conditionals="0" coveredconditionals="0" methods="0" coveredmethods="0"/>
      </file>
    </package>
    <package name="reducers">
      <metrics statements="1" coveredstatements="1" conditionals="0" coveredconditionals="0" methods="0" coveredmethods="0"/>
      <file name="index.js" path="E:\IT\EPAM_2021\REACT\reactjs_gmp_2021-MY\src\reducers\index.js">
        <metrics statements="1" coveredstatements="1" conditionals="0" coveredconditionals="0" methods="0" coveredmethods="0"/>
        <line num="6" count="1" type="stmt"/>
      </file>
    </package>
    <package name="reducers.movie">
      <metrics statements="12" coveredstatements="12" conditionals="10" coveredconditionals="10" methods="1" coveredmethods="1"/>
      <file name="index.js" path="E:\IT\EPAM_2021\REACT\reactjs_gmp_2021-MY\src\reducers\movie\index.js">
        <metrics statements="0" coveredstatements="0" conditionals="0" coveredconditionals="0" methods="0" coveredmethods="0"/>
      </file>
      <file name="movie.js" path="E:\IT\EPAM_2021\REACT\reactjs_gmp_2021-MY\src\reducers\movie\movie.js">
        <metrics statements="12" coveredstatements="12" conditionals="10" coveredconditionals="10" methods="1" coveredmethods="1"/>
        <line num="3" count="2" type="stmt"/>
        <line num="13" count="2" type="cond" truecount="1" falsecount="0"/>
        <line num="14" count="11" type="cond" truecount="9" falsecount="0"/>
        <line num="16" count="1" type="stmt"/>
        <line num="21" count="1" type="stmt"/>
        <line num="27" count="1" type="stmt"/>
        <line num="32" count="1" type="stmt"/>
        <line num="39" count="1" type="stmt"/>
        <line num="44" count="1" type="stmt"/>
        <line num="50" count="1" type="stmt"/>
        <line num="55" count="1" type="stmt"/>
        <line num="60" count="3" type="stmt"/>
      </file>
    </package>
    <package name="reducers.query">
      <metrics statements="9" coveredstatements="9" conditionals="7" coveredconditionals="7" methods="1" coveredmethods="1"/>
      <file name="index.js" path="E:\IT\EPAM_2021\REACT\reactjs_gmp_2021-MY\src\reducers\query\index.js">
        <metrics statements="0" coveredstatements="0" conditionals="0" coveredconditionals="0" methods="0" coveredmethods="0"/>
      </file>
      <file name="query.js" path="E:\IT\EPAM_2021\REACT\reactjs_gmp_2021-MY\src\reducers\query\query.js">
        <metrics statements="9" coveredstatements="9" conditionals="7" coveredconditionals="7" methods="1" coveredmethods="1"/>
        <line num="3" count="2" type="stmt"/>
        <line num="11" count="2" type="cond" truecount="1" falsecount="0"/>
        <line num="12" count="8" type="cond" truecount="6" falsecount="0"/>
        <line num="14" count="1" type="stmt"/>
        <line num="19" count="1" type="stmt"/>
        <line num="24" count="1" type="stmt"/>
        <line num="29" count="1" type="stmt"/>
        <line num="34" count="1" type="stmt"/>
        <line num="39" count="3" type="stmt"/>
      </file>
    </package>
    <package name="store">
      <metrics statements="1" coveredstatements="1" conditionals="0" coveredconditionals="0" methods="0" coveredmethods="0"/>
      <file name="index.js" path="E:\IT\EPAM_2021\REACT\reactjs_gmp_2021-MY\src\store\index.js">
        <metrics statements="1" coveredstatements="1" conditionals="0" coveredconditionals="0" methods="0" coveredmethods="0"/>
        <line num="7" count="1" type="stmt"/>
      </file>
    </package>
    <package name="tests.mocks">
      <metrics statements="2" coveredstatements="2" conditionals="0" coveredconditionals="0" methods="0" coveredmethods="0"/>
      <file name="fileMock.js" path="E:\IT\EPAM_2021\REACT\reactjs_gmp_2021-MY\src\tests\mocks\fileMock.js">
        <metrics statements="1" coveredstatements="1" conditionals="0" coveredconditionals="0" methods="0" coveredmethods="0"/>
        <line num="1" count="26" type="stmt"/>
      </file>
      <file name="mockData.js" path="E:\IT\EPAM_2021\REACT\reactjs_gmp_2021-MY\src\tests\mocks\mockData.js">
        <metrics statements="1" coveredstatements="1" conditionals="0" coveredconditionals="0" methods="0" coveredmethods="0"/>
        <line num="8" count="16" type="stmt"/>
      </file>
    </package>
    <package name="utils">
      <metrics statements="24" coveredstatements="22" conditionals="6" coveredconditionals="5" methods="16" coveredmethods="14"/>
      <file name="index.js" path="E:\IT\EPAM_2021\REACT\reactjs_gmp_2021-MY\src\utils\index.js">
        <metrics statements="0" coveredstatements="0" conditionals="0" coveredconditionals="0" methods="0" coveredmethods="0"/>
      </file>
      <file name="utils.js" path="E:\IT\EPAM_2021\REACT\reactjs_gmp_2021-MY\src\utils\utils.js">
        <metrics statements="24" coveredstatements="22" conditionals="6" coveredconditionals="5" methods="16" coveredmethods="14"/>
        <line num="8" count="22" type="stmt"/>
        <line num="9" count="38" type="stmt"/>
        <line num="12" count="102" type="stmt"/>
        <line num="14" count="36" type="stmt"/>
        <line num="16" count="33" type="stmt"/>
        <line num="19" count="22" type="cond" truecount="2" falsecount="0"/>
        <line num="22" count="22" type="stmt"/>
        <line num="24" count="3" type="cond" truecount="2" falsecount="0"/>
        <line num="25" count="1" type="stmt"/>
        <line num="28" count="2" type="stmt"/>
        <line num="30" count="2" type="stmt"/>
        <line num="32" count="1" type="stmt"/>
        <line num="35" count="1" type="stmt"/>
        <line num="38" count="22" type="stmt"/>
        <line num="48" count="0" type="stmt"/>
        <line num="67" count="0" type="stmt"/>
        <line num="75" count="22" type="stmt"/>
        <line num="77" count="1" type="stmt"/>
        <line num="80" count="22" type="stmt"/>
        <line num="82" count="2" type="stmt"/>
        <line num="90" count="22" type="stmt"/>
        <line num="92" count="2" type="stmt"/>
        <line num="94" count="22" type="stmt"/>
        <line num="97" count="22" type="stmt"/>
      </file>
    </package>
  </project>
</coverage>
