{"E:\\IT\\EPAM_2021\\REACT\\reactjs_gmp_2021-MY\\src\\actions\\actionTypes.js": {"path":"E:\\IT\\EPAM_2021\\REACT\\reactjs_gmp_2021-MY\\src\\actions\\actionTypes.js","statementMap":{"0":{"start":{"line":1,"column":27},"end":{"line":1,"column":40}},"1":{"start":{"line":2,"column":27},"end":{"line":2,"column":40}},"2":{"start":{"line":3,"column":35},"end":{"line":3,"column":56}},"3":{"start":{"line":4,"column":36},"end":{"line":4,"column":58}},"4":{"start":{"line":5,"column":39},"end":{"line":5,"column":64}},"5":{"start":{"line":6,"column":33},"end":{"line":6,"column":52}},"6":{"start":{"line":7,"column":27},"end":{"line":7,"column":40}},"7":{"start":{"line":8,"column":30},"end":{"line":8,"column":46}},"8":{"start":{"line":9,"column":25},"end":{"line":9,"column":36}},"9":{"start":{"line":10,"column":26},"end":{"line":10,"column":38}},"10":{"start":{"line":11,"column":26},"end":{"line":11,"column":38}},"11":{"start":{"line":12,"column":34},"end":{"line":12,"column":54}},"12":{"start":{"line":13,"column":35},"end":{"line":13,"column":56}}},"fnMap":{},"branchMap":{},"s":{"0":21,"1":21,"2":21,"3":21,"4":21,"5":21,"6":21,"7":21,"8":21,"9":21,"10":21,"11":21,"12":21},"f":{},"b":{},"_coverageSchema":"1a1c01bbd47fc00a2c39e90264f33305004495a9","hash":"d7258b49dbec4165af237c24994f5fa2e069f855"}
,"E:\\IT\\EPAM_2021\\REACT\\reactjs_gmp_2021-MY\\src\\actions\\movies.js": {"path":"E:\\IT\\EPAM_2021\\REACT\\reactjs_gmp_2021-MY\\src\\actions\\movies.js","statementMap":{"0":{"start":{"line":9,"column":26},"end":{"line":12,"column":2}},"1":{"start":{"line":9,"column":38},"end":{"line":12,"column":1}},"2":{"start":{"line":14,"column":26},"end":{"line":16,"column":2}},"3":{"start":{"line":14,"column":33},"end":{"line":16,"column":1}},"4":{"start":{"line":18,"column":33},"end":{"line":20,"column":2}},"5":{"start":{"line":18,"column":40},"end":{"line":20,"column":1}},"6":{"start":{"line":22,"column":34},"end":{"line":25,"column":2}},"7":{"start":{"line":22,"column":47},"end":{"line":25,"column":1}},"8":{"start":{"line":27,"column":35},"end":{"line":30,"column":2}},"9":{"start":{"line":27,"column":47},"end":{"line":30,"column":1}},"10":{"start":{"line":32,"column":25},"end":{"line":35,"column":2}},"11":{"start":{"line":32,"column":37},"end":{"line":35,"column":1}},"12":{"start":{"line":37,"column":25},"end":{"line":40,"column":2}},"13":{"start":{"line":37,"column":37},"end":{"line":40,"column":1}},"14":{"start":{"line":42,"column":28},"end":{"line":45,"column":2}},"15":{"start":{"line":42,"column":40},"end":{"line":45,"column":1}},"16":{"start":{"line":47,"column":24},"end":{"line":50,"column":2}},"17":{"start":{"line":47,"column":36},"end":{"line":50,"column":1}},"18":{"start":{"line":52,"column":25},"end":{"line":55,"column":2}},"19":{"start":{"line":52,"column":37},"end":{"line":55,"column":1}},"20":{"start":{"line":57,"column":25},"end":{"line":60,"column":2}},"21":{"start":{"line":57,"column":67},"end":{"line":60,"column":1}},"22":{"start":{"line":62,"column":32},"end":{"line":65,"column":2}},"23":{"start":{"line":62,"column":44},"end":{"line":65,"column":1}},"24":{"start":{"line":67,"column":33},"end":{"line":69,"column":2}},"25":{"start":{"line":67,"column":40},"end":{"line":69,"column":1}},"26":{"start":{"line":71,"column":27},"end":{"line":81,"column":1}},"27":{"start":{"line":71,"column":33},"end":{"line":81,"column":1}},"28":{"start":{"line":72,"column":2},"end":{"line":72,"column":32}},"29":{"start":{"line":73,"column":2},"end":{"line":80,"column":7}},"30":{"start":{"line":76,"column":6},"end":{"line":76,"column":45}},"31":{"start":{"line":79,"column":6},"end":{"line":79,"column":42}},"32":{"start":{"line":83,"column":28},"end":{"line":90,"column":4}},"33":{"start":{"line":83,"column":41},"end":{"line":90,"column":4}},"34":{"start":{"line":83,"column":55},"end":{"line":90,"column":4}},"35":{"start":{"line":86,"column":4},"end":{"line":86,"column":44}},"36":{"start":{"line":89,"column":4},"end":{"line":89,"column":40}},"37":{"start":{"line":92,"column":24},"end":{"line":99,"column":4}},"38":{"start":{"line":92,"column":37},"end":{"line":99,"column":4}},"39":{"start":{"line":92,"column":51},"end":{"line":99,"column":4}},"40":{"start":{"line":95,"column":4},"end":{"line":95,"column":27}},"41":{"start":{"line":98,"column":4},"end":{"line":98,"column":40}},"42":{"start":{"line":101,"column":25},"end":{"line":108,"column":4}},"43":{"start":{"line":101,"column":38},"end":{"line":108,"column":4}},"44":{"start":{"line":101,"column":52},"end":{"line":108,"column":4}},"45":{"start":{"line":104,"column":4},"end":{"line":104,"column":27}},"46":{"start":{"line":107,"column":4},"end":{"line":107,"column":40}},"47":{"start":{"line":110,"column":27},"end":{"line":117,"column":4}},"48":{"start":{"line":110,"column":40},"end":{"line":117,"column":4}},"49":{"start":{"line":110,"column":54},"end":{"line":117,"column":4}},"50":{"start":{"line":113,"column":4},"end":{"line":113,"column":27}},"51":{"start":{"line":116,"column":4},"end":{"line":116,"column":40}},"52":{"start":{"line":119,"column":31},"end":{"line":139,"column":1}},"53":{"start":{"line":119,"column":40},"end":{"line":139,"column":1}},"54":{"start":{"line":120,"column":2},"end":{"line":122,"column":3}},"55":{"start":{"line":121,"column":4},"end":{"line":121,"column":43}},"56":{"start":{"line":124,"column":2},"end":{"line":126,"column":3}},"57":{"start":{"line":125,"column":4},"end":{"line":125,"column":43}},"58":{"start":{"line":128,"column":2},"end":{"line":130,"column":3}},"59":{"start":{"line":129,"column":4},"end":{"line":129,"column":43}},"60":{"start":{"line":132,"column":2},"end":{"line":134,"column":3}},"61":{"start":{"line":133,"column":4},"end":{"line":133,"column":49}},"62":{"start":{"line":136,"column":2},"end":{"line":138,"column":3}},"63":{"start":{"line":137,"column":4},"end":{"line":137,"column":41}}},"fnMap":{"0":{"name":"(anonymous_0)","decl":{"start":{"line":9,"column":26},"end":{"line":9,"column":27}},"loc":{"start":{"line":9,"column":38},"end":{"line":12,"column":1}},"line":9},"1":{"name":"(anonymous_1)","decl":{"start":{"line":14,"column":26},"end":{"line":14,"column":27}},"loc":{"start":{"line":14,"column":33},"end":{"line":16,"column":1}},"line":14},"2":{"name":"(anonymous_2)","decl":{"start":{"line":18,"column":33},"end":{"line":18,"column":34}},"loc":{"start":{"line":18,"column":40},"end":{"line":20,"column":1}},"line":18},"3":{"name":"(anonymous_3)","decl":{"start":{"line":22,"column":34},"end":{"line":22,"column":35}},"loc":{"start":{"line":22,"column":47},"end":{"line":25,"column":1}},"line":22},"4":{"name":"(anonymous_4)","decl":{"start":{"line":27,"column":35},"end":{"line":27,"column":36}},"loc":{"start":{"line":27,"column":47},"end":{"line":30,"column":1}},"line":27},"5":{"name":"(anonymous_5)","decl":{"start":{"line":32,"column":25},"end":{"line":32,"column":26}},"loc":{"start":{"line":32,"column":37},"end":{"line":35,"column":1}},"line":32},"6":{"name":"(anonymous_6)","decl":{"start":{"line":37,"column":25},"end":{"line":37,"column":26}},"loc":{"start":{"line":37,"column":37},"end":{"line":40,"column":1}},"line":37},"7":{"name":"(anonymous_7)","decl":{"start":{"line":42,"column":28},"end":{"line":42,"column":29}},"loc":{"start":{"line":42,"column":40},"end":{"line":45,"column":1}},"line":42},"8":{"name":"(anonymous_8)","decl":{"start":{"line":47,"column":24},"end":{"line":47,"column":25}},"loc":{"start":{"line":47,"column":36},"end":{"line":50,"column":1}},"line":47},"9":{"name":"(anonymous_9)","decl":{"start":{"line":52,"column":25},"end":{"line":52,"column":26}},"loc":{"start":{"line":52,"column":37},"end":{"line":55,"column":1}},"line":52},"10":{"name":"(anonymous_10)","decl":{"start":{"line":57,"column":25},"end":{"line":57,"column":26}},"loc":{"start":{"line":57,"column":67},"end":{"line":60,"column":1}},"line":57},"11":{"name":"(anonymous_11)","decl":{"start":{"line":62,"column":32},"end":{"line":62,"column":33}},"loc":{"start":{"line":62,"column":44},"end":{"line":65,"column":1}},"line":62},"12":{"name":"(anonymous_12)","decl":{"start":{"line":67,"column":33},"end":{"line":67,"column":34}},"loc":{"start":{"line":67,"column":40},"end":{"line":69,"column":1}},"line":67},"13":{"name":"(anonymous_13)","decl":{"start":{"line":71,"column":27},"end":{"line":71,"column":28}},"loc":{"start":{"line":71,"column":33},"end":{"line":81,"column":1}},"line":71},"14":{"name":"(anonymous_14)","decl":{"start":{"line":71,"column":33},"end":{"line":71,"column":34}},"loc":{"start":{"line":71,"column":57},"end":{"line":81,"column":1}},"line":71},"15":{"name":"(anonymous_15)","decl":{"start":{"line":75,"column":10},"end":{"line":75,"column":11}},"loc":{"start":{"line":75,"column":19},"end":{"line":77,"column":5}},"line":75},"16":{"name":"(anonymous_16)","decl":{"start":{"line":78,"column":11},"end":{"line":78,"column":12}},"loc":{"start":{"line":78,"column":22},"end":{"line":80,"column":5}},"line":78},"17":{"name":"(anonymous_17)","decl":{"start":{"line":83,"column":28},"end":{"line":83,"column":29}},"loc":{"start":{"line":83,"column":41},"end":{"line":90,"column":4}},"line":83},"18":{"name":"(anonymous_18)","decl":{"start":{"line":83,"column":41},"end":{"line":83,"column":42}},"loc":{"start":{"line":83,"column":55},"end":{"line":90,"column":4}},"line":83},"19":{"name":"(anonymous_19)","decl":{"start":{"line":85,"column":8},"end":{"line":85,"column":9}},"loc":{"start":{"line":85,"column":17},"end":{"line":87,"column":3}},"line":85},"20":{"name":"(anonymous_20)","decl":{"start":{"line":88,"column":9},"end":{"line":88,"column":10}},"loc":{"start":{"line":88,"column":20},"end":{"line":90,"column":3}},"line":88},"21":{"name":"(anonymous_21)","decl":{"start":{"line":92,"column":24},"end":{"line":92,"column":25}},"loc":{"start":{"line":92,"column":37},"end":{"line":99,"column":4}},"line":92},"22":{"name":"(anonymous_22)","decl":{"start":{"line":92,"column":37},"end":{"line":92,"column":38}},"loc":{"start":{"line":92,"column":51},"end":{"line":99,"column":4}},"line":92},"23":{"name":"(anonymous_23)","decl":{"start":{"line":94,"column":8},"end":{"line":94,"column":9}},"loc":{"start":{"line":94,"column":14},"end":{"line":96,"column":3}},"line":94},"24":{"name":"(anonymous_24)","decl":{"start":{"line":97,"column":9},"end":{"line":97,"column":10}},"loc":{"start":{"line":97,"column":20},"end":{"line":99,"column":3}},"line":97},"25":{"name":"(anonymous_25)","decl":{"start":{"line":101,"column":25},"end":{"line":101,"column":26}},"loc":{"start":{"line":101,"column":38},"end":{"line":108,"column":4}},"line":101},"26":{"name":"(anonymous_26)","decl":{"start":{"line":101,"column":38},"end":{"line":101,"column":39}},"loc":{"start":{"line":101,"column":52},"end":{"line":108,"column":4}},"line":101},"27":{"name":"(anonymous_27)","decl":{"start":{"line":103,"column":8},"end":{"line":103,"column":9}},"loc":{"start":{"line":103,"column":14},"end":{"line":105,"column":3}},"line":103},"28":{"name":"(anonymous_28)","decl":{"start":{"line":106,"column":9},"end":{"line":106,"column":10}},"loc":{"start":{"line":106,"column":20},"end":{"line":108,"column":3}},"line":106},"29":{"name":"(anonymous_29)","decl":{"start":{"line":110,"column":27},"end":{"line":110,"column":28}},"loc":{"start":{"line":110,"column":40},"end":{"line":117,"column":4}},"line":110},"30":{"name":"(anonymous_30)","decl":{"start":{"line":110,"column":40},"end":{"line":110,"column":41}},"loc":{"start":{"line":110,"column":54},"end":{"line":117,"column":4}},"line":110},"31":{"name":"(anonymous_31)","decl":{"start":{"line":112,"column":8},"end":{"line":112,"column":9}},"loc":{"start":{"line":112,"column":14},"end":{"line":114,"column":3}},"line":112},"32":{"name":"(anonymous_32)","decl":{"start":{"line":115,"column":9},"end":{"line":115,"column":10}},"loc":{"start":{"line":115,"column":20},"end":{"line":117,"column":3}},"line":115},"33":{"name":"(anonymous_33)","decl":{"start":{"line":119,"column":31},"end":{"line":119,"column":32}},"loc":{"start":{"line":119,"column":40},"end":{"line":139,"column":1}},"line":119},"34":{"name":"(anonymous_34)","decl":{"start":{"line":119,"column":40},"end":{"line":119,"column":41}},"loc":{"start":{"line":119,"column":54},"end":{"line":139,"column":1}},"line":119}},"branchMap":{"0":{"loc":{"start":{"line":120,"column":2},"end":{"line":122,"column":3}},"type":"if","locations":[{"start":{"line":120,"column":2},"end":{"line":122,"column":3}},{"start":{"line":120,"column":2},"end":{"line":122,"column":3}}],"line":120},"1":{"loc":{"start":{"line":124,"column":2},"end":{"line":126,"column":3}},"type":"if","locations":[{"start":{"line":124,"column":2},"end":{"line":126,"column":3}},{"start":{"line":124,"column":2},"end":{"line":126,"column":3}}],"line":124},"2":{"loc":{"start":{"line":128,"column":2},"end":{"line":130,"column":3}},"type":"if","locations":[{"start":{"line":128,"column":2},"end":{"line":130,"column":3}},{"start":{"line":128,"column":2},"end":{"line":130,"column":3}}],"line":128},"3":{"loc":{"start":{"line":132,"column":2},"end":{"line":134,"column":3}},"type":"if","locations":[{"start":{"line":132,"column":2},"end":{"line":134,"column":3}},{"start":{"line":132,"column":2},"end":{"line":134,"column":3}}],"line":132},"4":{"loc":{"start":{"line":136,"column":2},"end":{"line":138,"column":3}},"type":"if","locations":[{"start":{"line":136,"column":2},"end":{"line":138,"column":3}},{"start":{"line":136,"column":2},"end":{"line":138,"column":3}}],"line":136}},"s":{"0":19,"1":6,"2":19,"3":4,"4":19,"5":1,"6":19,"7":2,"8":19,"9":2,"10":19,"11":2,"12":19,"13":2,"14":19,"15":2,"16":19,"17":2,"18":19,"19":2,"20":19,"21":1,"22":19,"23":1,"24":19,"25":3,"26":19,"27":2,"28":2,"29":2,"30":1,"31":1,"32":19,"33":3,"34":2,"35":1,"36":1,"37":19,"38":2,"39":2,"40":1,"41":1,"42":19,"43":2,"44":2,"45":1,"46":1,"47":19,"48":2,"49":2,"50":1,"51":1,"52":19,"53":1,"54":1,"55":1,"56":1,"57":1,"58":1,"59":1,"60":1,"61":1,"62":1,"63":1},"f":{"0":6,"1":4,"2":1,"3":2,"4":2,"5":2,"6":2,"7":2,"8":2,"9":2,"10":1,"11":1,"12":3,"13":2,"14":2,"15":1,"16":1,"17":3,"18":2,"19":1,"20":1,"21":2,"22":2,"23":1,"24":1,"25":2,"26":2,"27":1,"28":1,"29":2,"30":2,"31":1,"32":1,"33":1,"34":1},"b":{"0":[1,0],"1":[1,0],"2":[1,0],"3":[1,0],"4":[1,0]},"_coverageSchema":"1a1c01bbd47fc00a2c39e90264f33305004495a9","hash":"c10b65e8bc73e94b3113a985d181757e35bfb886"}
,"E:\\IT\\EPAM_2021\\REACT\\reactjs_gmp_2021-MY\\src\\components\\Blur\\Blur.jsx": {"path":"E:\\IT\\EPAM_2021\\REACT\\reactjs_gmp_2021-MY\\src\\components\\Blur\\Blur.jsx","statementMap":{"0":{"start":{"line":6,"column":13},"end":{"line":6,"column":67}},"1":{"start":{"line":6,"column":29},"end":{"line":6,"column":67}},"2":{"start":{"line":8,"column":0},"end":{"line":10,"column":2}}},"fnMap":{"0":{"name":"(anonymous_0)","decl":{"start":{"line":6,"column":13},"end":{"line":6,"column":14}},"loc":{"start":{"line":6,"column":29},"end":{"line":6,"column":67}},"line":6}},"branchMap":{},"s":{"0":7,"1":7,"2":7},"f":{"0":7},"b":{},"_coverageSchema":"1a1c01bbd47fc00a2c39e90264f33305004495a9","hash":"82fdcb036b5b6a43a982642190fbc17a8916c47f"}
,"E:\\IT\\EPAM_2021\\REACT\\reactjs_gmp_2021-MY\\src\\components\\Blur\\index.js": {"path":"E:\\IT\\EPAM_2021\\REACT\\reactjs_gmp_2021-MY\\src\\components\\Blur\\index.js","statementMap":{},"fnMap":{},"branchMap":{},"s":{},"f":{},"b":{},"_coverageSchema":"1a1c01bbd47fc00a2c39e90264f33305004495a9","hash":"19d83bece94b2fb0c0ac74850c1227b5b6cf1bff"}
,"E:\\IT\\EPAM_2021\\REACT\\reactjs_gmp_2021-MY\\src\\components\\Button\\Button.jsx": {"path":"E:\\IT\\EPAM_2021\\REACT\\reactjs_gmp_2021-MY\\src\\components\\Button\\Button.jsx","statementMap":{"0":{"start":{"line":4,"column":15},"end":{"line":12,"column":1}},"1":{"start":{"line":8,"column":2},"end":{"line":11,"column":11}},"2":{"start":{"line":14,"column":0},"end":{"line":22,"column":2}},"3":{"start":{"line":24,"column":0},"end":{"line":32,"column":2}}},"fnMap":{"0":{"name":"(anonymous_0)","decl":{"start":{"line":4,"column":15},"end":{"line":4,"column":16}},"loc":{"start":{"line":8,"column":2},"end":{"line":11,"column":11}},"line":8},"1":{"name":"(anonymous_1)","decl":{"start":{"line":28,"column":11},"end":{"line":28,"column":12}},"loc":{"start":{"line":28,"column":17},"end":{"line":28,"column":19}},"line":28}},"branchMap":{},"s":{"0":20,"1":52,"2":20,"3":20},"f":{"0":52,"1":0},"b":{},"_coverageSchema":"1a1c01bbd47fc00a2c39e90264f33305004495a9","hash":"6f9e4d127b323bbd9086a862b44fad1e8a8d3288"}
,"E:\\IT\\EPAM_2021\\REACT\\reactjs_gmp_2021-MY\\src\\components\\Button\\index.js": {"path":"E:\\IT\\EPAM_2021\\REACT\\reactjs_gmp_2021-MY\\src\\components\\Button\\index.js","statementMap":{},"fnMap":{},"branchMap":{},"s":{},"f":{},"b":{},"_coverageSchema":"1a1c01bbd47fc00a2c39e90264f33305004495a9","hash":"6f8512f88b250b230a55c6270d34acc0e8e07ab5"}
,"E:\\IT\\EPAM_2021\\REACT\\reactjs_gmp_2021-MY\\src\\components\\FilterItem\\FilterItem.jsx": {"path":"E:\\IT\\EPAM_2021\\REACT\\reactjs_gmp_2021-MY\\src\\components\\FilterItem\\FilterItem.jsx","statementMap":{"0":{"start":{"line":6,"column":19},"end":{"line":14,"column":1}},"1":{"start":{"line":7,"column":20},"end":{"line":7,"column":94}},"2":{"start":{"line":7,"column":35},"end":{"line":7,"column":80}},"3":{"start":{"line":9,"column":2},"end":{"line":13,"column":4}},"4":{"start":{"line":16,"column":0},"end":{"line":20,"column":2}}},"fnMap":{"0":{"name":"(anonymous_0)","decl":{"start":{"line":6,"column":19},"end":{"line":6,"column":20}},"loc":{"start":{"line":6,"column":53},"end":{"line":14,"column":1}},"line":6},"1":{"name":"(anonymous_1)","decl":{"start":{"line":7,"column":28},"end":{"line":7,"column":29}},"loc":{"start":{"line":7,"column":35},"end":{"line":7,"column":80}},"line":7}},"branchMap":{"0":{"loc":{"start":{"line":7,"column":35},"end":{"line":7,"column":80}},"type":"cond-expr","locations":[{"start":{"line":7,"column":46},"end":{"line":7,"column":65}},{"start":{"line":7,"column":68},"end":{"line":7,"column":80}}],"line":7}},"s":{"0":7,"1":16,"2":16,"3":16,"4":7},"f":{"0":16,"1":16},"b":{"0":[4,12]},"_coverageSchema":"1a1c01bbd47fc00a2c39e90264f33305004495a9","hash":"d0fe60a11a8ab87f590b56c41f94ee088516510b"}
,"E:\\IT\\EPAM_2021\\REACT\\reactjs_gmp_2021-MY\\src\\components\\FilterItem\\index.js": {"path":"E:\\IT\\EPAM_2021\\REACT\\reactjs_gmp_2021-MY\\src\\components\\FilterItem\\index.js","statementMap":{},"fnMap":{},"branchMap":{},"s":{},"f":{},"b":{},"_coverageSchema":"1a1c01bbd47fc00a2c39e90264f33305004495a9","hash":"b2463bf2702c26c035658b3f4f295438341c98f5"}
,"E:\\IT\\EPAM_2021\\REACT\\reactjs_gmp_2021-MY\\src\\components\\Logo\\Logo.jsx": {"path":"E:\\IT\\EPAM_2021\\REACT\\reactjs_gmp_2021-MY\\src\\components\\Logo\\Logo.jsx","statementMap":{"0":{"start":{"line":5,"column":13},"end":{"line":10,"column":1}},"1":{"start":{"line":6,"column":2},"end":{"line":9,"column":8}}},"fnMap":{"0":{"name":"(anonymous_0)","decl":{"start":{"line":5,"column":13},"end":{"line":5,"column":14}},"loc":{"start":{"line":6,"column":2},"end":{"line":9,"column":8}},"line":6}},"branchMap":{},"s":{"0":10,"1":14},"f":{"0":14},"b":{},"_coverageSchema":"1a1c01bbd47fc00a2c39e90264f33305004495a9","hash":"0ad07a36cf0152e2ae8384d8c0dda4a916568081"}
,"E:\\IT\\EPAM_2021\\REACT\\reactjs_gmp_2021-MY\\src\\components\\Logo\\index.js": {"path":"E:\\IT\\EPAM_2021\\REACT\\reactjs_gmp_2021-MY\\src\\components\\Logo\\index.js","statementMap":{},"fnMap":{},"branchMap":{},"s":{},"f":{},"b":{},"_coverageSchema":"1a1c01bbd47fc00a2c39e90264f33305004495a9","hash":"4cc9bce3fb86dfef8afe05bcede5f95bbba97c39"}
,"E:\\IT\\EPAM_2021\\REACT\\reactjs_gmp_2021-MY\\src\\components\\MovieDetailsContent\\MovieDetailsContent.jsx": {"path":"E:\\IT\\EPAM_2021\\REACT\\reactjs_gmp_2021-MY\\src\\components\\MovieDetailsContent\\MovieDetailsContent.jsx","statementMap":{"0":{"start":{"line":12,"column":28},"end":{"line":65,"column":1}},"1":{"start":{"line":13,"column":34},"end":{"line":13,"column":93}},"2":{"start":{"line":13,"column":57},"end":{"line":13,"column":92}},"3":{"start":{"line":14,"column":19},"end":{"line":14,"column":32}},"4":{"start":{"line":15,"column":15},"end":{"line":15,"column":26}},"5":{"start":{"line":18,"column":2},"end":{"line":22,"column":46}},"6":{"start":{"line":19,"column":4},"end":{"line":21,"column":5}},"7":{"start":{"line":20,"column":6},"end":{"line":20,"column":33}},"8":{"start":{"line":24,"column":2},"end":{"line":64,"column":4}}},"fnMap":{"0":{"name":"(anonymous_0)","decl":{"start":{"line":12,"column":28},"end":{"line":12,"column":29}},"loc":{"start":{"line":12,"column":34},"end":{"line":65,"column":1}},"line":12},"1":{"name":"(anonymous_1)","decl":{"start":{"line":13,"column":46},"end":{"line":13,"column":47}},"loc":{"start":{"line":13,"column":57},"end":{"line":13,"column":92}},"line":13},"2":{"name":"(anonymous_2)","decl":{"start":{"line":18,"column":12},"end":{"line":18,"column":13}},"loc":{"start":{"line":18,"column":18},"end":{"line":22,"column":3}},"line":18}},"branchMap":{"0":{"loc":{"start":{"line":19,"column":4},"end":{"line":21,"column":5}},"type":"if","locations":[{"start":{"line":19,"column":4},"end":{"line":21,"column":5}},{"start":{"line":19,"column":4},"end":{"line":21,"column":5}}],"line":19},"1":{"loc":{"start":{"line":24,"column":9},"end":{"line":64,"column":3}},"type":"binary-expr","locations":[{"start":{"line":24,"column":9},"end":{"line":24,"column":32}},{"start":{"line":25,"column":2},"end":{"line":63,"column":8}}],"line":24},"2":{"loc":{"start":{"line":27,"column":11},"end":{"line":27,"column":57}},"type":"binary-expr","locations":[{"start":{"line":27,"column":11},"end":{"line":27,"column":46}},{"start":{"line":27,"column":50},"end":{"line":27,"column":57}}],"line":27},"3":{"loc":{"start":{"line":39,"column":11},"end":{"line":39,"column":54}},"type":"binary-expr","locations":[{"start":{"line":39,"column":11},"end":{"line":39,"column":47}},{"start":{"line":39,"column":51},"end":{"line":39,"column":54}}],"line":39},"4":{"loc":{"start":{"line":42,"column":12},"end":{"line":42,"column":59}},"type":"binary-expr","locations":[{"start":{"line":42,"column":12},"end":{"line":42,"column":43}},{"start":{"line":42,"column":47},"end":{"line":42,"column":59}}],"line":42},"5":{"loc":{"start":{"line":50,"column":11},"end":{"line":50,"column":47}},"type":"binary-expr","locations":[{"start":{"line":50,"column":11},"end":{"line":50,"column":42}},{"start":{"line":50,"column":46},"end":{"line":50,"column":47}}],"line":50},"6":{"loc":{"start":{"line":61,"column":33},"end":{"line":61,"column":82}},"type":"binary-expr","locations":[{"start":{"line":61,"column":33},"end":{"line":61,"column":65}},{"start":{"line":61,"column":69},"end":{"line":61,"column":82}}],"line":61}},"s":{"0":4,"1":4,"2":6,"3":4,"4":4,"5":4,"6":1,"7":1,"8":4},"f":{"0":4,"1":6,"2":1},"b":{"0":[1,0],"1":[4,3],"2":[3,0],"3":[3,0],"4":[3,0],"5":[3,0],"6":[3,0]},"_coverageSchema":"1a1c01bbd47fc00a2c39e90264f33305004495a9","hash":"f36fce1e9626a8b0a870b43ac2cc33b7f2396175"}
,"E:\\IT\\EPAM_2021\\REACT\\reactjs_gmp_2021-MY\\src\\components\\MovieDetailsContent\\index.js": {"path":"E:\\IT\\EPAM_2021\\REACT\\reactjs_gmp_2021-MY\\src\\components\\MovieDetailsContent\\index.js","statementMap":{},"fnMap":{},"branchMap":{},"s":{},"f":{},"b":{},"_coverageSchema":"1a1c01bbd47fc00a2c39e90264f33305004495a9","hash":"268fece18e14ebc507abfa7777edfa8162fa367d"}
,"E:\\IT\\EPAM_2021\\REACT\\reactjs_gmp_2021-MY\\src\\components\\MovieDetailsLabel\\MovieDetailsLabel.jsx": {"path":"E:\\IT\\EPAM_2021\\REACT\\reactjs_gmp_2021-MY\\src\\components\\MovieDetailsLabel\\MovieDetailsLabel.jsx","statementMap":{"0":{"start":{"line":6,"column":26},"end":{"line":12,"column":1}},"1":{"start":{"line":7,"column":2},"end":{"line":11,"column":8}},"2":{"start":{"line":14,"column":0},"end":{"line":17,"column":2}}},"fnMap":{"0":{"name":"(anonymous_0)","decl":{"start":{"line":6,"column":26},"end":{"line":6,"column":27}},"loc":{"start":{"line":7,"column":2},"end":{"line":11,"column":8}},"line":7}},"branchMap":{},"s":{"0":5,"1":10,"2":5},"f":{"0":10},"b":{},"_coverageSchema":"1a1c01bbd47fc00a2c39e90264f33305004495a9","hash":"4fba2f5d914448b6abb22de176f283e3e119c30f"}
,"E:\\IT\\EPAM_2021\\REACT\\reactjs_gmp_2021-MY\\src\\components\\MovieDetailsLabel\\index.js": {"path":"E:\\IT\\EPAM_2021\\REACT\\reactjs_gmp_2021-MY\\src\\components\\MovieDetailsLabel\\index.js","statementMap":{},"fnMap":{},"branchMap":{},"s":{},"f":{},"b":{},"_coverageSchema":"1a1c01bbd47fc00a2c39e90264f33305004495a9","hash":"658ce8eba70bc2185c24c36eb129907af5e2e506"}
,"E:\\IT\\EPAM_2021\\REACT\\reactjs_gmp_2021-MY\\src\\components\\MovieGenres\\MovieGenres.jsx": {"path":"E:\\IT\\EPAM_2021\\REACT\\reactjs_gmp_2021-MY\\src\\components\\MovieGenres\\MovieGenres.jsx","statementMap":{"0":{"start":{"line":6,"column":20},"end":{"line":6,"column":77}},"1":{"start":{"line":6,"column":34},"end":{"line":6,"column":77}},"2":{"start":{"line":8,"column":0},"end":{"line":10,"column":2}}},"fnMap":{"0":{"name":"(anonymous_0)","decl":{"start":{"line":6,"column":20},"end":{"line":6,"column":21}},"loc":{"start":{"line":6,"column":34},"end":{"line":6,"column":77}},"line":6}},"branchMap":{},"s":{"0":7,"1":14,"2":7},"f":{"0":14},"b":{},"_coverageSchema":"1a1c01bbd47fc00a2c39e90264f33305004495a9","hash":"1029acc591812c341e4158e113e0a45975e75297"}
,"E:\\IT\\EPAM_2021\\REACT\\reactjs_gmp_2021-MY\\src\\components\\MovieGenres\\index.js": {"path":"E:\\IT\\EPAM_2021\\REACT\\reactjs_gmp_2021-MY\\src\\components\\MovieGenres\\index.js","statementMap":{},"fnMap":{},"branchMap":{},"s":{},"f":{},"b":{},"_coverageSchema":"1a1c01bbd47fc00a2c39e90264f33305004495a9","hash":"5fe3ab01dc2f934bf30f2f13b054e693b0f98d33"}
,"E:\\IT\\EPAM_2021\\REACT\\reactjs_gmp_2021-MY\\src\\components\\MovieReleaseDate\\MovieReleaseDate.jsx": {"path":"E:\\IT\\EPAM_2021\\REACT\\reactjs_gmp_2021-MY\\src\\components\\MovieReleaseDate\\MovieReleaseDate.jsx","statementMap":{"0":{"start":{"line":6,"column":25},"end":{"line":6,"column":160}},"1":{"start":{"line":6,"column":44},"end":{"line":6,"column":160}},"2":{"start":{"line":8,"column":0},"end":{"line":10,"column":2}}},"fnMap":{"0":{"name":"(anonymous_0)","decl":{"start":{"line":6,"column":25},"end":{"line":6,"column":26}},"loc":{"start":{"line":6,"column":44},"end":{"line":6,"column":160}},"line":6}},"branchMap":{},"s":{"0":7,"1":14,"2":7},"f":{"0":14},"b":{},"_coverageSchema":"1a1c01bbd47fc00a2c39e90264f33305004495a9","hash":"f5ca1d0b2bb21e38f4705eeb7bcf28893c0cfe6f"}
,"E:\\IT\\EPAM_2021\\REACT\\reactjs_gmp_2021-MY\\src\\components\\MovieReleaseDate\\index.js": {"path":"E:\\IT\\EPAM_2021\\REACT\\reactjs_gmp_2021-MY\\src\\components\\MovieReleaseDate\\index.js","statementMap":{},"fnMap":{},"branchMap":{},"s":{},"f":{},"b":{},"_coverageSchema":"1a1c01bbd47fc00a2c39e90264f33305004495a9","hash":"8f40f524098e990475c751868e21372b2f205622"}
,"E:\\IT\\EPAM_2021\\REACT\\reactjs_gmp_2021-MY\\src\\components\\MovieTitle\\MovieTitle.jsx": {"path":"E:\\IT\\EPAM_2021\\REACT\\reactjs_gmp_2021-MY\\src\\components\\MovieTitle\\MovieTitle.jsx","statementMap":{"0":{"start":{"line":6,"column":19},"end":{"line":6,"column":73}},"1":{"start":{"line":6,"column":32},"end":{"line":6,"column":73}},"2":{"start":{"line":8,"column":0},"end":{"line":10,"column":2}}},"fnMap":{"0":{"name":"(anonymous_0)","decl":{"start":{"line":6,"column":19},"end":{"line":6,"column":20}},"loc":{"start":{"line":6,"column":32},"end":{"line":6,"column":73}},"line":6}},"branchMap":{},"s":{"0":7,"1":14,"2":7},"f":{"0":14},"b":{},"_coverageSchema":"1a1c01bbd47fc00a2c39e90264f33305004495a9","hash":"b1d1e7c10c426c4f23a1426035fc13ae72e55d4c"}
,"E:\\IT\\EPAM_2021\\REACT\\reactjs_gmp_2021-MY\\src\\components\\MovieTitle\\index.js": {"path":"E:\\IT\\EPAM_2021\\REACT\\reactjs_gmp_2021-MY\\src\\components\\MovieTitle\\index.js","statementMap":{},"fnMap":{},"branchMap":{},"s":{},"f":{},"b":{},"_coverageSchema":"1a1c01bbd47fc00a2c39e90264f33305004495a9","hash":"93151b8a7b1632084cd292e4df20a4697b393ce1"}
,"E:\\IT\\EPAM_2021\\REACT\\reactjs_gmp_2021-MY\\src\\components\\OopsText\\OopsText.jsx": {"path":"E:\\IT\\EPAM_2021\\REACT\\reactjs_gmp_2021-MY\\src\\components\\OopsText\\OopsText.jsx","statementMap":{"0":{"start":{"line":6,"column":17},"end":{"line":14,"column":1}},"1":{"start":{"line":7,"column":2},"end":{"line":13,"column":8}},"2":{"start":{"line":16,"column":0},"end":{"line":18,"column":2}},"3":{"start":{"line":20,"column":0},"end":{"line":22,"column":2}}},"fnMap":{"0":{"name":"(anonymous_0)","decl":{"start":{"line":6,"column":17},"end":{"line":6,"column":18}},"loc":{"start":{"line":7,"column":2},"end":{"line":13,"column":8}},"line":7}},"branchMap":{"0":{"loc":{"start":{"line":8,"column":5},"end":{"line":10,"column":5}},"type":"binary-expr","locations":[{"start":{"line":8,"column":5},"end":{"line":8,"column":17}},{"start":{"line":9,"column":4},"end":{"line":9,"column":62}}],"line":8}},"s":{"0":3,"1":2,"2":3,"3":3},"f":{"0":2},"b":{"0":[2,2]},"_coverageSchema":"1a1c01bbd47fc00a2c39e90264f33305004495a9","hash":"56f0012b078e44bbc47f90fb632014321aad60c4"}
,"E:\\IT\\EPAM_2021\\REACT\\reactjs_gmp_2021-MY\\src\\components\\OopsText\\index.js": {"path":"E:\\IT\\EPAM_2021\\REACT\\reactjs_gmp_2021-MY\\src\\components\\OopsText\\index.js","statementMap":{},"fnMap":{},"branchMap":{},"s":{},"f":{},"b":{},"_coverageSchema":"1a1c01bbd47fc00a2c39e90264f33305004495a9","hash":"895dd578ea4ca9a86af5466cf98cbf46a15da2c8"}
,"E:\\IT\\EPAM_2021\\REACT\\reactjs_gmp_2021-MY\\src\\components\\Select\\Select.jsx": {"path":"E:\\IT\\EPAM_2021\\REACT\\reactjs_gmp_2021-MY\\src\\components\\Select\\Select.jsx","statementMap":{"0":{"start":{"line":14,"column":15},"end":{"line":61,"column":1}},"1":{"start":{"line":15,"column":36},"end":{"line":15,"column":41}},"2":{"start":{"line":17,"column":2},"end":{"line":51,"column":3}},"3":{"start":{"line":18,"column":4},"end":{"line":50,"column":6}},"4":{"start":{"line":31,"column":6},"end":{"line":45,"column":7}},"5":{"start":{"line":32,"column":8},"end":{"line":34,"column":9}},"6":{"start":{"line":33,"column":10},"end":{"line":33,"column":69}},"7":{"start":{"line":35,"column":21},"end":{"line":35,"column":23}},"8":{"start":{"line":37,"column":8},"end":{"line":44,"column":9}},"9":{"start":{"line":38,"column":10},"end":{"line":42,"column":11}},"10":{"start":{"line":39,"column":12},"end":{"line":39,"column":90}},"11":{"start":{"line":39,"column":50},"end":{"line":39,"column":88}},"12":{"start":{"line":40,"column":17},"end":{"line":42,"column":11}},"13":{"start":{"line":41,"column":12},"end":{"line":41,"column":57}},"14":{"start":{"line":43,"column":10},"end":{"line":43,"column":40}},"15":{"start":{"line":47,"column":6},"end":{"line":47,"column":38}},"16":{"start":{"line":53,"column":2},"end":{"line":60,"column":4}},"17":{"start":{"line":63,"column":0},"end":{"line":74,"column":2}},"18":{"start":{"line":76,"column":0},"end":{"line":85,"column":2}}},"fnMap":{"0":{"name":"(anonymous_0)","decl":{"start":{"line":14,"column":15},"end":{"line":14,"column":16}},"loc":{"start":{"line":14,"column":26},"end":{"line":61,"column":1}},"line":14},"1":{"name":"(anonymous_1)","decl":{"start":{"line":30,"column":18},"end":{"line":30,"column":19}},"loc":{"start":{"line":30,"column":39},"end":{"line":48,"column":9}},"line":30},"2":{"name":"(anonymous_2)","decl":{"start":{"line":39,"column":38},"end":{"line":39,"column":39}},"loc":{"start":{"line":39,"column":50},"end":{"line":39,"column":88}},"line":39}},"branchMap":{"0":{"loc":{"start":{"line":17,"column":2},"end":{"line":51,"column":3}},"type":"if","locations":[{"start":{"line":17,"column":2},"end":{"line":51,"column":3}},{"start":{"line":17,"column":2},"end":{"line":51,"column":3}}],"line":17},"1":{"loc":{"start":{"line":17,"column":6},"end":{"line":17,"column":31}},"type":"binary-expr","locations":[{"start":{"line":17,"column":6},"end":{"line":17,"column":13}},{"start":{"line":17,"column":17},"end":{"line":17,"column":31}}],"line":17},"2":{"loc":{"start":{"line":31,"column":6},"end":{"line":45,"column":7}},"type":"if","locations":[{"start":{"line":31,"column":6},"end":{"line":45,"column":7}},{"start":{"line":31,"column":6},"end":{"line":45,"column":7}}],"line":31},"3":{"loc":{"start":{"line":31,"column":10},"end":{"line":31,"column":50}},"type":"binary-expr","locations":[{"start":{"line":31,"column":10},"end":{"line":31,"column":27}},{"start":{"line":31,"column":31},"end":{"line":31,"column":50}}],"line":31},"4":{"loc":{"start":{"line":32,"column":8},"end":{"line":34,"column":9}},"type":"if","locations":[{"start":{"line":32,"column":8},"end":{"line":34,"column":9}},{"start":{"line":32,"column":8},"end":{"line":34,"column":9}}],"line":32},"5":{"loc":{"start":{"line":37,"column":8},"end":{"line":44,"column":9}},"type":"if","locations":[{"start":{"line":37,"column":8},"end":{"line":44,"column":9}},{"start":{"line":37,"column":8},"end":{"line":44,"column":9}}],"line":37},"6":{"loc":{"start":{"line":38,"column":10},"end":{"line":42,"column":11}},"type":"if","locations":[{"start":{"line":38,"column":10},"end":{"line":42,"column":11}},{"start":{"line":38,"column":10},"end":{"line":42,"column":11}}],"line":38},"7":{"loc":{"start":{"line":40,"column":17},"end":{"line":42,"column":11}},"type":"if","locations":[{"start":{"line":40,"column":17},"end":{"line":42,"column":11}},{"start":{"line":40,"column":17},"end":{"line":42,"column":11}}],"line":40}},"s":{"0":10,"1":8,"2":8,"3":4,"4":0,"5":0,"6":0,"7":0,"8":0,"9":0,"10":0,"11":0,"12":0,"13":0,"14":0,"15":0,"16":4,"17":10,"18":10},"f":{"0":8,"1":0,"2":0},"b":{"0":[4,4],"1":[8,4],"2":[0,0],"3":[0,0],"4":[0,0],"5":[0,0],"6":[0,0],"7":[0,0]},"_coverageSchema":"1a1c01bbd47fc00a2c39e90264f33305004495a9","hash":"b8146d328ee7685e54cb8702c8abb78608323b2d"}
,"E:\\IT\\EPAM_2021\\REACT\\reactjs_gmp_2021-MY\\src\\components\\Select\\index.js": {"path":"E:\\IT\\EPAM_2021\\REACT\\reactjs_gmp_2021-MY\\src\\components\\Select\\index.js","statementMap":{},"fnMap":{},"branchMap":{},"s":{},"f":{},"b":{},"_coverageSchema":"1a1c01bbd47fc00a2c39e90264f33305004495a9","hash":"b94ae6f1730e8580367c750c08c6fd0eb3a8f133"}
,"E:\\IT\\EPAM_2021\\REACT\\reactjs_gmp_2021-MY\\src\\components\\Select\\components\\ClearIndicator\\ClearIndicator.jsx": {"path":"E:\\IT\\EPAM_2021\\REACT\\reactjs_gmp_2021-MY\\src\\components\\Select\\components\\ClearIndicator\\ClearIndicator.jsx","statementMap":{"0":{"start":{"line":4,"column":23},"end":{"line":8,"column":1}},"1":{"start":{"line":5,"column":2},"end":{"line":7,"column":30}}},"fnMap":{"0":{"name":"(anonymous_0)","decl":{"start":{"line":4,"column":23},"end":{"line":4,"column":24}},"loc":{"start":{"line":5,"column":2},"end":{"line":7,"column":30}},"line":5}},"branchMap":{},"s":{"0":11,"1":1},"f":{"0":1},"b":{},"_coverageSchema":"1a1c01bbd47fc00a2c39e90264f33305004495a9","hash":"dbd4546a4d2eb7a253755a3e7ea63b4f6d58f0e7"}
,"E:\\IT\\EPAM_2021\\REACT\\reactjs_gmp_2021-MY\\src\\components\\Select\\components\\ClearIndicator\\index.js": {"path":"E:\\IT\\EPAM_2021\\REACT\\reactjs_gmp_2021-MY\\src\\components\\Select\\components\\ClearIndicator\\index.js","statementMap":{},"fnMap":{},"branchMap":{},"s":{},"f":{},"b":{},"_coverageSchema":"1a1c01bbd47fc00a2c39e90264f33305004495a9","hash":"5d898af2c891cd781a23cb9c7f36709427bd8bba"}
,"E:\\IT\\EPAM_2021\\REACT\\reactjs_gmp_2021-MY\\src\\components\\Select\\components\\DropdownIndicator\\DropdownIndicator.jsx": {"path":"E:\\IT\\EPAM_2021\\REACT\\reactjs_gmp_2021-MY\\src\\components\\Select\\components\\DropdownIndicator\\DropdownIndicator.jsx","statementMap":{"0":{"start":{"line":4,"column":26},"end":{"line":8,"column":1}},"1":{"start":{"line":5,"column":2},"end":{"line":7,"column":33}}},"fnMap":{"0":{"name":"(anonymous_0)","decl":{"start":{"line":4,"column":26},"end":{"line":4,"column":27}},"loc":{"start":{"line":5,"column":2},"end":{"line":7,"column":33}},"line":5}},"branchMap":{},"s":{"0":11,"1":9},"f":{"0":9},"b":{},"_coverageSchema":"1a1c01bbd47fc00a2c39e90264f33305004495a9","hash":"cd38c146b54824a11453d4f42561647b3db9ab87"}
,"E:\\IT\\EPAM_2021\\REACT\\reactjs_gmp_2021-MY\\src\\components\\Select\\components\\DropdownIndicator\\index.js": {"path":"E:\\IT\\EPAM_2021\\REACT\\reactjs_gmp_2021-MY\\src\\components\\Select\\components\\DropdownIndicator\\index.js","statementMap":{},"fnMap":{},"branchMap":{},"s":{},"f":{},"b":{},"_coverageSchema":"1a1c01bbd47fc00a2c39e90264f33305004495a9","hash":"cee518047c62261d05850c012500da62cfbf9faa"}
,"E:\\IT\\EPAM_2021\\REACT\\reactjs_gmp_2021-MY\\src\\components\\Select\\components\\MultiValue\\MultiValue.jsx": {"path":"E:\\IT\\EPAM_2021\\REACT\\reactjs_gmp_2021-MY\\src\\components\\Select\\components\\MultiValue\\MultiValue.jsx","statementMap":{"0":{"start":{"line":5,"column":18},"end":{"line":8,"column":1}},"1":{"start":{"line":10,"column":19},"end":{"line":24,"column":1}},"2":{"start":{"line":11,"column":66},"end":{"line":11,"column":71}},"3":{"start":{"line":13,"column":27},"end":{"line":13,"column":39}},"4":{"start":{"line":15,"column":2},"end":{"line":18,"column":3}},"5":{"start":{"line":17,"column":4},"end":{"line":17,"column":42}},"6":{"start":{"line":19,"column":2},"end":{"line":23,"column":4}},"7":{"start":{"line":26,"column":0},"end":{"line":34,"column":2}}},"fnMap":{"0":{"name":"(anonymous_0)","decl":{"start":{"line":10,"column":19},"end":{"line":10,"column":20}},"loc":{"start":{"line":10,"column":30},"end":{"line":24,"column":1}},"line":10}},"branchMap":{"0":{"loc":{"start":{"line":15,"column":2},"end":{"line":18,"column":3}},"type":"if","locations":[{"start":{"line":15,"column":2},"end":{"line":18,"column":3}},{"start":{"line":15,"column":2},"end":{"line":18,"column":3}}],"line":15}},"s":{"0":10,"1":10,"2":0,"3":0,"4":0,"5":0,"6":0,"7":10},"f":{"0":0},"b":{"0":[0,0]},"_coverageSchema":"1a1c01bbd47fc00a2c39e90264f33305004495a9","hash":"cf18a23e37274945aef886eb00b7a2164f66ab73"}
,"E:\\IT\\EPAM_2021\\REACT\\reactjs_gmp_2021-MY\\src\\components\\Select\\components\\MultiValue\\index.js": {"path":"E:\\IT\\EPAM_2021\\REACT\\reactjs_gmp_2021-MY\\src\\components\\Select\\components\\MultiValue\\index.js","statementMap":{},"fnMap":{},"branchMap":{},"s":{},"f":{},"b":{},"_coverageSchema":"1a1c01bbd47fc00a2c39e90264f33305004495a9","hash":"372cf9c76d1883c1a6723047942cdf3214cdfa6a"}
,"E:\\IT\\EPAM_2021\\REACT\\reactjs_gmp_2021-MY\\src\\components\\Select\\components\\Option\\Option.jsx": {"path":"E:\\IT\\EPAM_2021\\REACT\\reactjs_gmp_2021-MY\\src\\components\\Select\\components\\Option\\Option.jsx","statementMap":{"0":{"start":{"line":6,"column":15},"end":{"line":22,"column":1}},"1":{"start":{"line":7,"column":30},"end":{"line":7,"column":35}},"2":{"start":{"line":9,"column":2},"end":{"line":21,"column":4}},"3":{"start":{"line":15,"column":26},"end":{"line":15,"column":30}},"4":{"start":{"line":24,"column":0},"end":{"line":27,"column":2}}},"fnMap":{"0":{"name":"(anonymous_0)","decl":{"start":{"line":6,"column":15},"end":{"line":6,"column":16}},"loc":{"start":{"line":6,"column":26},"end":{"line":22,"column":1}},"line":6},"1":{"name":"(anonymous_1)","decl":{"start":{"line":15,"column":20},"end":{"line":15,"column":21}},"loc":{"start":{"line":15,"column":26},"end":{"line":15,"column":30}},"line":15}},"branchMap":{},"s":{"0":11,"1":1,"2":1,"3":0,"4":11},"f":{"0":1,"1":0},"b":{},"_coverageSchema":"1a1c01bbd47fc00a2c39e90264f33305004495a9","hash":"7584d2e5ef3add0ffb43a1f5566307f028511832"}
,"E:\\IT\\EPAM_2021\\REACT\\reactjs_gmp_2021-MY\\src\\components\\Select\\components\\Option\\index.js": {"path":"E:\\IT\\EPAM_2021\\REACT\\reactjs_gmp_2021-MY\\src\\components\\Select\\components\\Option\\index.js","statementMap":{},"fnMap":{},"branchMap":{},"s":{},"f":{},"b":{},"_coverageSchema":"1a1c01bbd47fc00a2c39e90264f33305004495a9","hash":"0ba68f6039d6026ea75f8080d25137e9fab0d5b1"}
,"E:\\IT\\EPAM_2021\\REACT\\reactjs_gmp_2021-MY\\src\\components\\Select\\components\\RequiredSelect\\RequiredSelect.jsx": {"path":"E:\\IT\\EPAM_2021\\REACT\\reactjs_gmp_2021-MY\\src\\components\\Select\\components\\RequiredSelect\\RequiredSelect.jsx","statementMap":{"0":{"start":{"line":8,"column":23},"end":{"line":49,"column":1}},"1":{"start":{"line":11,"column":38},"end":{"line":11,"column":53}},"2":{"start":{"line":13,"column":26},"end":{"line":16,"column":3}},"3":{"start":{"line":14,"column":4},"end":{"line":14,"column":35}},"4":{"start":{"line":15,"column":4},"end":{"line":15,"column":28}},"5":{"start":{"line":18,"column":19},"end":{"line":21,"column":3}},"6":{"start":{"line":19,"column":4},"end":{"line":19,"column":42}},"7":{"start":{"line":19,"column":29},"end":{"line":19,"column":42}},"8":{"start":{"line":20,"column":4},"end":{"line":20,"column":28}},"9":{"start":{"line":23,"column":25},"end":{"line":23,"column":36}},"10":{"start":{"line":25,"column":2},"end":{"line":48,"column":4}},"11":{"start":{"line":51,"column":0},"end":{"line":58,"column":2}},"12":{"start":{"line":60,"column":0},"end":{"line":65,"column":2}}},"fnMap":{"0":{"name":"(anonymous_0)","decl":{"start":{"line":8,"column":23},"end":{"line":8,"column":24}},"loc":{"start":{"line":10,"column":6},"end":{"line":49,"column":1}},"line":10},"1":{"name":"(anonymous_1)","decl":{"start":{"line":13,"column":26},"end":{"line":13,"column":27}},"loc":{"start":{"line":13,"column":52},"end":{"line":16,"column":3}},"line":13},"2":{"name":"(anonymous_2)","decl":{"start":{"line":18,"column":19},"end":{"line":18,"column":20}},"loc":{"start":{"line":18,"column":25},"end":{"line":21,"column":3}},"line":18}},"branchMap":{"0":{"loc":{"start":{"line":19,"column":4},"end":{"line":19,"column":42}},"type":"if","locations":[{"start":{"line":19,"column":4},"end":{"line":19,"column":42}},{"start":{"line":19,"column":4},"end":{"line":19,"column":42}}],"line":19},"1":{"loc":{"start":{"line":20,"column":11},"end":{"line":20,"column":27}},"type":"binary-expr","locations":[{"start":{"line":20,"column":11},"end":{"line":20,"column":21}},{"start":{"line":20,"column":25},"end":{"line":20,"column":27}}],"line":20},"2":{"loc":{"start":{"line":32,"column":7},"end":{"line":46,"column":7}},"type":"binary-expr","locations":[{"start":{"line":32,"column":7},"end":{"line":32,"column":21}},{"start":{"line":33,"column":6},"end":{"line":45,"column":8}}],"line":32}},"s":{"0":11,"1":5,"2":5,"3":0,"4":0,"5":5,"6":10,"7":10,"8":0,"9":5,"10":5,"11":11,"12":11},"f":{"0":5,"1":0,"2":10},"b":{"0":[10,0],"1":[0,0],"2":[5,5]},"_coverageSchema":"1a1c01bbd47fc00a2c39e90264f33305004495a9","hash":"14b51cc106072afe2f20a27de8dc5be5379e4362"}
,"E:\\IT\\EPAM_2021\\REACT\\reactjs_gmp_2021-MY\\src\\components\\Select\\components\\RequiredSelect\\index.js": {"path":"E:\\IT\\EPAM_2021\\REACT\\reactjs_gmp_2021-MY\\src\\components\\Select\\components\\RequiredSelect\\index.js","statementMap":{},"fnMap":{},"branchMap":{},"s":{},"f":{},"b":{},"_coverageSchema":"1a1c01bbd47fc00a2c39e90264f33305004495a9","hash":"cc604ada19ccc5e7f55a13bc660035289591dd17"}
,"E:\\IT\\EPAM_2021\\REACT\\reactjs_gmp_2021-MY\\src\\components\\Select\\components\\ValueContainer\\ValueContainer.jsx": {"path":"E:\\IT\\EPAM_2021\\REACT\\reactjs_gmp_2021-MY\\src\\components\\Select\\components\\ValueContainer\\ValueContainer.jsx","statementMap":{"0":{"start":{"line":5,"column":18},"end":{"line":8,"column":1}},"1":{"start":{"line":10,"column":23},"end":{"line":25,"column":1}},"2":{"start":{"line":11,"column":21},"end":{"line":11,"column":26}},"3":{"start":{"line":12,"column":24},"end":{"line":12,"column":34}},"4":{"start":{"line":14,"column":21},"end":{"line":14,"column":29}},"5":{"start":{"line":16,"column":2},"end":{"line":18,"column":3}},"6":{"start":{"line":16,"column":34},"end":{"line":16,"column":63}},"7":{"start":{"line":17,"column":4},"end":{"line":17,"column":51}},"8":{"start":{"line":20,"column":2},"end":{"line":24,"column":4}},"9":{"start":{"line":27,"column":0},"end":{"line":30,"column":2}}},"fnMap":{"0":{"name":"(anonymous_0)","decl":{"start":{"line":10,"column":23},"end":{"line":10,"column":24}},"loc":{"start":{"line":10,"column":49},"end":{"line":25,"column":1}},"line":10},"1":{"name":"(anonymous_1)","decl":{"start":{"line":16,"column":25},"end":{"line":16,"column":26}},"loc":{"start":{"line":16,"column":34},"end":{"line":16,"column":63}},"line":16}},"branchMap":{"0":{"loc":{"start":{"line":16,"column":2},"end":{"line":18,"column":3}},"type":"if","locations":[{"start":{"line":16,"column":2},"end":{"line":18,"column":3}},{"start":{"line":16,"column":2},"end":{"line":18,"column":3}}],"line":16}},"s":{"0":11,"1":11,"2":5,"3":5,"4":5,"5":5,"6":1,"7":1,"8":5,"9":11},"f":{"0":5,"1":1},"b":{"0":[1,4]},"_coverageSchema":"1a1c01bbd47fc00a2c39e90264f33305004495a9","hash":"2370576fec9d946257092ab9aab6951e2e20871c"}
,"E:\\IT\\EPAM_2021\\REACT\\reactjs_gmp_2021-MY\\src\\components\\Select\\components\\ValueContainer\\index.js": {"path":"E:\\IT\\EPAM_2021\\REACT\\reactjs_gmp_2021-MY\\src\\components\\Select\\components\\ValueContainer\\index.js","statementMap":{},"fnMap":{},"branchMap":{},"s":{},"f":{},"b":{},"_coverageSchema":"1a1c01bbd47fc00a2c39e90264f33305004495a9","hash":"769146fb78d9a84c25e72696dc9a49b78e8539e2"}
,"E:\\IT\\EPAM_2021\\REACT\\reactjs_gmp_2021-MY\\src\\components\\SortIcon\\SortIcon.jsx": {"path":"E:\\IT\\EPAM_2021\\REACT\\reactjs_gmp_2021-MY\\src\\components\\SortIcon\\SortIcon.jsx","statementMap":{"0":{"start":{"line":4,"column":17},"end":{"line":6,"column":66}},"1":{"start":{"line":4,"column":35},"end":{"line":6,"column":65}},"2":{"start":{"line":8,"column":0},"end":{"line":10,"column":2}}},"fnMap":{"0":{"name":"(anonymous_0)","decl":{"start":{"line":4,"column":17},"end":{"line":4,"column":18}},"loc":{"start":{"line":4,"column":35},"end":{"line":6,"column":65}},"line":4}},"branchMap":{"0":{"loc":{"start":{"line":4,"column":35},"end":{"line":6,"column":65}},"type":"cond-expr","locations":[{"start":{"line":5,"column":6},"end":{"line":5,"column":64}},{"start":{"line":6,"column":6},"end":{"line":6,"column":65}}],"line":4}},"s":{"0":7,"1":4,"2":7},"f":{"0":4},"b":{"0":[0,4]},"_coverageSchema":"1a1c01bbd47fc00a2c39e90264f33305004495a9","hash":"3ecacbb5724512dea68ab02092dadeeb374fd5be"}
,"E:\\IT\\EPAM_2021\\REACT\\reactjs_gmp_2021-MY\\src\\components\\SortIcon\\index.js": {"path":"E:\\IT\\EPAM_2021\\REACT\\reactjs_gmp_2021-MY\\src\\components\\SortIcon\\index.js","statementMap":{},"fnMap":{},"branchMap":{},"s":{},"f":{},"b":{},"_coverageSchema":"1a1c01bbd47fc00a2c39e90264f33305004495a9","hash":"7c356abb0b08130e61ca8f35d9f6d0b4c4aca27e"}
,"E:\\IT\\EPAM_2021\\REACT\\reactjs_gmp_2021-MY\\src\\components\\UseSearch\\UseSearch.jsx": {"path":"E:\\IT\\EPAM_2021\\REACT\\reactjs_gmp_2021-MY\\src\\components\\UseSearch\\UseSearch.jsx","statementMap":{"0":{"start":{"line":6,"column":18},"end":{"line":14,"column":1}},"1":{"start":{"line":7,"column":28},"end":{"line":7,"column":81}},"2":{"start":{"line":7,"column":51},"end":{"line":7,"column":80}},"3":{"start":{"line":9,"column":2},"end":{"line":13,"column":4}}},"fnMap":{"0":{"name":"(anonymous_0)","decl":{"start":{"line":6,"column":18},"end":{"line":6,"column":19}},"loc":{"start":{"line":6,"column":24},"end":{"line":14,"column":1}},"line":6},"1":{"name":"(anonymous_1)","decl":{"start":{"line":7,"column":40},"end":{"line":7,"column":41}},"loc":{"start":{"line":7,"column":51},"end":{"line":7,"column":80}},"line":7}},"branchMap":{"0":{"loc":{"start":{"line":9,"column":9},"end":{"line":13,"column":3}},"type":"binary-expr","locations":[{"start":{"line":9,"column":9},"end":{"line":9,"column":27}},{"start":{"line":10,"column":2},"end":{"line":12,"column":8}}],"line":9}},"s":{"0":2,"1":2,"2":5,"3":2},"f":{"0":2,"1":5},"b":{"0":[2,2]},"_coverageSchema":"1a1c01bbd47fc00a2c39e90264f33305004495a9","hash":"72caae761baba8cd577413e2bce908109861770f"}
,"E:\\IT\\EPAM_2021\\REACT\\reactjs_gmp_2021-MY\\src\\components\\UseSearch\\index.js": {"path":"E:\\IT\\EPAM_2021\\REACT\\reactjs_gmp_2021-MY\\src\\components\\UseSearch\\index.js","statementMap":{},"fnMap":{},"branchMap":{},"s":{},"f":{},"b":{},"_coverageSchema":"1a1c01bbd47fc00a2c39e90264f33305004495a9","hash":"283be65aa8f1d5f9d2c6645924c06d8ffa20725c"}
,"E:\\IT\\EPAM_2021\\REACT\\reactjs_gmp_2021-MY\\src\\constants\\constants.js": {"path":"E:\\IT\\EPAM_2021\\REACT\\reactjs_gmp_2021-MY\\src\\constants\\constants.js","statementMap":{"0":{"start":{"line":1,"column":27},"end":{"line":7,"column":1}},"1":{"start":{"line":9,"column":22},"end":{"line":29,"column":1}},"2":{"start":{"line":31,"column":22},"end":{"line":38,"column":1}},"3":{"start":{"line":40,"column":24},"end":{"line":40,"column":54}}},"fnMap":{},"branchMap":{},"s":{"0":19,"1":19,"2":19,"3":19},"f":{},"b":{},"_coverageSchema":"1a1c01bbd47fc00a2c39e90264f33305004495a9","hash":"c0c092c025c3956e30dc71cdf3a2f0eba1a15ba9"}
,"E:\\IT\\EPAM_2021\\REACT\\reactjs_gmp_2021-MY\\src\\constants\\index.js": {"path":"E:\\IT\\EPAM_2021\\REACT\\reactjs_gmp_2021-MY\\src\\constants\\index.js","statementMap":{},"fnMap":{},"branchMap":{},"s":{},"f":{},"b":{},"_coverageSchema":"1a1c01bbd47fc00a2c39e90264f33305004495a9","hash":"328aaeda1689a4de4ee803f0b80376800a526437"}
,"E:\\IT\\EPAM_2021\\REACT\\reactjs_gmp_2021-MY\\src\\containers\\App\\App.jsx": {"path":"E:\\IT\\EPAM_2021\\REACT\\reactjs_gmp_2021-MY\\src\\containers\\App\\App.jsx","statementMap":{"0":{"start":{"line":18,"column":12},"end":{"line":31,"column":1}},"1":{"start":{"line":19,"column":2},"end":{"line":30,"column":13}}},"fnMap":{"0":{"name":"(anonymous_0)","decl":{"start":{"line":18,"column":12},"end":{"line":18,"column":13}},"loc":{"start":{"line":19,"column":2},"end":{"line":30,"column":13}},"line":19}},"branchMap":{},"s":{"0":1,"1":1},"f":{"0":1},"b":{},"_coverageSchema":"1a1c01bbd47fc00a2c39e90264f33305004495a9","hash":"8f025f40cf52a1d7ab4c5148cc8cdc4270928eef"}
,"E:\\IT\\EPAM_2021\\REACT\\reactjs_gmp_2021-MY\\src\\containers\\ErrorBoundary\\ErrorBoundary.jsx": {"path":"E:\\IT\\EPAM_2021\\REACT\\reactjs_gmp_2021-MY\\src\\containers\\ErrorBoundary\\ErrorBoundary.jsx","statementMap":{"0":{"start":{"line":9,"column":9},"end":{"line":11,"column":2}},"1":{"start":{"line":14,"column":3},"end":{"line":14,"column":27}},"2":{"start":{"line":18,"column":3},"end":{"line":18,"column":33}},"3":{"start":{"line":19,"column":3},"end":{"line":19,"column":41}},"4":{"start":{"line":23,"column":22},"end":{"line":23,"column":32}},"5":{"start":{"line":24,"column":36},"end":{"line":24,"column":46}},"6":{"start":{"line":26,"column":3},"end":{"line":26,"column":89}},"7":{"start":{"line":30,"column":0},"end":{"line":33,"column":2}},"8":{"start":{"line":35,"column":24},"end":{"line":37,"column":2}},"9":{"start":{"line":35,"column":36},"end":{"line":37,"column":1}}},"fnMap":{"0":{"name":"(anonymous_0)","decl":{"start":{"line":13,"column":1},"end":{"line":13,"column":2}},"loc":{"start":{"line":13,"column":35},"end":{"line":15,"column":2}},"line":13},"1":{"name":"(anonymous_1)","decl":{"start":{"line":17,"column":1},"end":{"line":17,"column":2}},"loc":{"start":{"line":17,"column":37},"end":{"line":20,"column":2}},"line":17},"2":{"name":"(anonymous_2)","decl":{"start":{"line":22,"column":1},"end":{"line":22,"column":2}},"loc":{"start":{"line":22,"column":10},"end":{"line":27,"column":2}},"line":22},"3":{"name":"(anonymous_3)","decl":{"start":{"line":35,"column":24},"end":{"line":35,"column":25}},"loc":{"start":{"line":35,"column":36},"end":{"line":37,"column":1}},"line":35}},"branchMap":{"0":{"loc":{"start":{"line":26,"column":10},"end":{"line":26,"column":88}},"type":"cond-expr","locations":[{"start":{"line":26,"column":37},"end":{"line":26,"column":77}},{"start":{"line":26,"column":80},"end":{"line":26,"column":88}}],"line":26},"1":{"loc":{"start":{"line":26,"column":10},"end":{"line":26,"column":34}},"type":"binary-expr","locations":[{"start":{"line":26,"column":10},"end":{"line":26,"column":18}},{"start":{"line":26,"column":22},"end":{"line":26,"column":34}}],"line":26}},"s":{"0":2,"1":0,"2":0,"3":0,"4":2,"5":2,"6":2,"7":2,"8":2,"9":2},"f":{"0":0,"1":0,"2":2,"3":2},"b":{"0":[1,1],"1":[2,2]},"_coverageSchema":"1a1c01bbd47fc00a2c39e90264f33305004495a9","hash":"8e576a22afef6e948fdda0a5c4d35a54215489eb"}
,"E:\\IT\\EPAM_2021\\REACT\\reactjs_gmp_2021-MY\\src\\containers\\ErrorBoundary\\index.js": {"path":"E:\\IT\\EPAM_2021\\REACT\\reactjs_gmp_2021-MY\\src\\containers\\ErrorBoundary\\index.js","statementMap":{},"fnMap":{},"branchMap":{},"s":{},"f":{},"b":{},"_coverageSchema":"1a1c01bbd47fc00a2c39e90264f33305004495a9","hash":"714674fd91444fccb35ac91bc32c773977340503"}
,"E:\\IT\\EPAM_2021\\REACT\\reactjs_gmp_2021-MY\\src\\containers\\Footer\\Footer.jsx": {"path":"E:\\IT\\EPAM_2021\\REACT\\reactjs_gmp_2021-MY\\src\\containers\\Footer\\Footer.jsx","statementMap":{"0":{"start":{"line":7,"column":15},"end":{"line":11,"column":1}},"1":{"start":{"line":8,"column":2},"end":{"line":10,"column":11}}},"fnMap":{"0":{"name":"(anonymous_0)","decl":{"start":{"line":7,"column":15},"end":{"line":7,"column":16}},"loc":{"start":{"line":8,"column":2},"end":{"line":10,"column":11}},"line":8}},"branchMap":{},"s":{"0":5,"1":5},"f":{"0":5},"b":{},"_coverageSchema":"1a1c01bbd47fc00a2c39e90264f33305004495a9","hash":"c7418ca6e1cdf05b38a73b1c8986ef3e87c79124"}
,"E:\\IT\\EPAM_2021\\REACT\\reactjs_gmp_2021-MY\\src\\containers\\Footer\\index.js": {"path":"E:\\IT\\EPAM_2021\\REACT\\reactjs_gmp_2021-MY\\src\\containers\\Footer\\index.js","statementMap":{},"fnMap":{},"branchMap":{},"s":{},"f":{},"b":{},"_coverageSchema":"1a1c01bbd47fc00a2c39e90264f33305004495a9","hash":"4e92772ff1bc6e62d807e1155d63d09c65ebc059"}
,"E:\\IT\\EPAM_2021\\REACT\\reactjs_gmp_2021-MY\\src\\containers\\Header\\Header.jsx": {"path":"E:\\IT\\EPAM_2021\\REACT\\reactjs_gmp_2021-MY\\src\\containers\\Header\\Header.jsx","statementMap":{"0":{"start":{"line":8,"column":15},"end":{"line":19,"column":1}},"1":{"start":{"line":9,"column":28},"end":{"line":9,"column":81}},"2":{"start":{"line":9,"column":51},"end":{"line":9,"column":80}},"3":{"start":{"line":11,"column":2},"end":{"line":18,"column":4}}},"fnMap":{"0":{"name":"(anonymous_0)","decl":{"start":{"line":8,"column":15},"end":{"line":8,"column":16}},"loc":{"start":{"line":8,"column":21},"end":{"line":19,"column":1}},"line":8},"1":{"name":"(anonymous_1)","decl":{"start":{"line":9,"column":40},"end":{"line":9,"column":41}},"loc":{"start":{"line":9,"column":51},"end":{"line":9,"column":80}},"line":9}},"branchMap":{"0":{"loc":{"start":{"line":11,"column":9},"end":{"line":18,"column":3}},"type":"binary-expr","locations":[{"start":{"line":11,"column":9},"end":{"line":11,"column":27}},{"start":{"line":12,"column":2},"end":{"line":17,"column":11}}],"line":11}},"s":{"0":3,"1":3,"2":7,"3":3},"f":{"0":3,"1":7},"b":{"0":[3,2]},"_coverageSchema":"1a1c01bbd47fc00a2c39e90264f33305004495a9","hash":"ff39a1e43af6de2ab46c7a35e924c9f680118dda"}
,"E:\\IT\\EPAM_2021\\REACT\\reactjs_gmp_2021-MY\\src\\containers\\Header\\index.js": {"path":"E:\\IT\\EPAM_2021\\REACT\\reactjs_gmp_2021-MY\\src\\containers\\Header\\index.js","statementMap":{},"fnMap":{},"branchMap":{},"s":{},"f":{},"b":{},"_coverageSchema":"1a1c01bbd47fc00a2c39e90264f33305004495a9","hash":"da302bb944623fd59ba4d907876d2f122ab07d3b"}
,"E:\\IT\\EPAM_2021\\REACT\\reactjs_gmp_2021-MY\\src\\containers\\HeaderMain\\HeaderMain.jsx": {"path":"E:\\IT\\EPAM_2021\\REACT\\reactjs_gmp_2021-MY\\src\\containers\\HeaderMain\\HeaderMain.jsx","statementMap":{"0":{"start":{"line":7,"column":19},"end":{"line":12,"column":1}},"1":{"start":{"line":8,"column":2},"end":{"line":11,"column":8}}},"fnMap":{"0":{"name":"(anonymous_0)","decl":{"start":{"line":7,"column":19},"end":{"line":7,"column":20}},"loc":{"start":{"line":8,"column":2},"end":{"line":11,"column":8}},"line":8}},"branchMap":{},"s":{"0":4,"1":3},"f":{"0":3},"b":{},"_coverageSchema":"1a1c01bbd47fc00a2c39e90264f33305004495a9","hash":"e5432a50819ab7e3259892965ec7481115344c51"}
,"E:\\IT\\EPAM_2021\\REACT\\reactjs_gmp_2021-MY\\src\\containers\\HeaderMain\\index.js": {"path":"E:\\IT\\EPAM_2021\\REACT\\reactjs_gmp_2021-MY\\src\\containers\\HeaderMain\\index.js","statementMap":{},"fnMap":{},"branchMap":{},"s":{},"f":{},"b":{},"_coverageSchema":"1a1c01bbd47fc00a2c39e90264f33305004495a9","hash":"daaa53bbc223d3debae38858aca2d56d7a802a56"}
,"E:\\IT\\EPAM_2021\\REACT\\reactjs_gmp_2021-MY\\src\\containers\\HeaderTop\\HeaderTop.jsx": {"path":"E:\\IT\\EPAM_2021\\REACT\\reactjs_gmp_2021-MY\\src\\containers\\HeaderTop\\HeaderTop.jsx","statementMap":{"0":{"start":{"line":13,"column":18},"end":{"line":61,"column":1}},"1":{"start":{"line":14,"column":34},"end":{"line":14,"column":93}},"2":{"start":{"line":14,"column":57},"end":{"line":14,"column":92}},"3":{"start":{"line":15,"column":16},"end":{"line":15,"column":51}},"4":{"start":{"line":15,"column":39},"end":{"line":15,"column":50}},"5":{"start":{"line":16,"column":18},"end":{"line":16,"column":30}},"6":{"start":{"line":17,"column":19},"end":{"line":17,"column":32}},"7":{"start":{"line":19,"column":25},"end":{"line":25,"column":3}},"8":{"start":{"line":20,"column":4},"end":{"line":20,"column":34}},"9":{"start":{"line":21,"column":4},"end":{"line":24,"column":7}},"10":{"start":{"line":27,"column":29},"end":{"line":29,"column":3}},"11":{"start":{"line":28,"column":4},"end":{"line":28,"column":36}},"12":{"start":{"line":31,"column":2},"end":{"line":35,"column":32}},"13":{"start":{"line":32,"column":4},"end":{"line":34,"column":5}},"14":{"start":{"line":33,"column":6},"end":{"line":33,"column":60}},"15":{"start":{"line":37,"column":2},"end":{"line":60,"column":4}},"16":{"start":{"line":63,"column":0},"end":{"line":65,"column":2}},"17":{"start":{"line":67,"column":0},"end":{"line":69,"column":2}}},"fnMap":{"0":{"name":"(anonymous_0)","decl":{"start":{"line":13,"column":18},"end":{"line":13,"column":19}},"loc":{"start":{"line":13,"column":36},"end":{"line":61,"column":1}},"line":13},"1":{"name":"(anonymous_1)","decl":{"start":{"line":14,"column":46},"end":{"line":14,"column":47}},"loc":{"start":{"line":14,"column":57},"end":{"line":14,"column":92}},"line":14},"2":{"name":"(anonymous_2)","decl":{"start":{"line":15,"column":28},"end":{"line":15,"column":29}},"loc":{"start":{"line":15,"column":39},"end":{"line":15,"column":50}},"line":15},"3":{"name":"(anonymous_3)","decl":{"start":{"line":19,"column":25},"end":{"line":19,"column":26}},"loc":{"start":{"line":19,"column":31},"end":{"line":25,"column":3}},"line":19},"4":{"name":"(anonymous_4)","decl":{"start":{"line":27,"column":29},"end":{"line":27,"column":30}},"loc":{"start":{"line":27,"column":35},"end":{"line":29,"column":3}},"line":27},"5":{"name":"(anonymous_5)","decl":{"start":{"line":31,"column":12},"end":{"line":31,"column":13}},"loc":{"start":{"line":31,"column":18},"end":{"line":35,"column":3}},"line":31}},"branchMap":{"0":{"loc":{"start":{"line":32,"column":4},"end":{"line":34,"column":5}},"type":"if","locations":[{"start":{"line":32,"column":4},"end":{"line":34,"column":5}},{"start":{"line":32,"column":4},"end":{"line":34,"column":5}}],"line":32},"1":{"loc":{"start":{"line":40,"column":7},"end":{"line":58,"column":7}},"type":"binary-expr","locations":[{"start":{"line":40,"column":7},"end":{"line":40,"column":18}},{"start":{"line":41,"column":6},"end":{"line":57,"column":9}}],"line":40},"2":{"loc":{"start":{"line":42,"column":9},"end":{"line":56,"column":9}},"type":"cond-expr","locations":[{"start":{"line":43,"column":10},"end":{"line":49,"column":19}},{"start":{"line":51,"column":10},"end":{"line":55,"column":12}}],"line":42}},"s":{"0":7,"1":6,"2":13,"3":6,"4":13,"5":6,"6":6,"7":6,"8":0,"9":0,"10":6,"11":0,"12":6,"13":0,"14":0,"15":6,"16":7,"17":7},"f":{"0":6,"1":13,"2":13,"3":0,"4":0,"5":0},"b":{"0":[0,0],"1":[6,5],"2":[3,2]},"_coverageSchema":"1a1c01bbd47fc00a2c39e90264f33305004495a9","hash":"a2be307ff822f621645aa456a91a294b894ac83d"}
,"E:\\IT\\EPAM_2021\\REACT\\reactjs_gmp_2021-MY\\src\\containers\\HeaderTop\\index.js": {"path":"E:\\IT\\EPAM_2021\\REACT\\reactjs_gmp_2021-MY\\src\\containers\\HeaderTop\\index.js","statementMap":{},"fnMap":{},"branchMap":{},"s":{},"f":{},"b":{},"_coverageSchema":"1a1c01bbd47fc00a2c39e90264f33305004495a9","hash":"8e09307c58b53c1e87322190e11cc08b6aa4c76d"}
,"E:\\IT\\EPAM_2021\\REACT\\reactjs_gmp_2021-MY\\src\\containers\\HomePage\\HomePage.jsx": {"path":"E:\\IT\\EPAM_2021\\REACT\\reactjs_gmp_2021-MY\\src\\containers\\HomePage\\HomePage.jsx","statementMap":{"0":{"start":{"line":8,"column":17},"end":{"line":15,"column":1}},"1":{"start":{"line":9,"column":2},"end":{"line":14,"column":5}}},"fnMap":{"0":{"name":"(anonymous_0)","decl":{"start":{"line":8,"column":17},"end":{"line":8,"column":18}},"loc":{"start":{"line":9,"column":2},"end":{"line":14,"column":5}},"line":9}},"branchMap":{},"s":{"0":1,"1":1},"f":{"0":1},"b":{},"_coverageSchema":"1a1c01bbd47fc00a2c39e90264f33305004495a9","hash":"0fdfda2db49974fb6e777d0748cab31903862a91"}
,"E:\\IT\\EPAM_2021\\REACT\\reactjs_gmp_2021-MY\\src\\containers\\HomePage\\index.js": {"path":"E:\\IT\\EPAM_2021\\REACT\\reactjs_gmp_2021-MY\\src\\containers\\HomePage\\index.js","statementMap":{},"fnMap":{},"branchMap":{},"s":{},"f":{},"b":{},"_coverageSchema":"1a1c01bbd47fc00a2c39e90264f33305004495a9","hash":"4eba1d4a48069d7eb4a54665a47da9372de2a8e5"}
,"E:\\IT\\EPAM_2021\\REACT\\reactjs_gmp_2021-MY\\src\\containers\\Loading\\Loading.jsx": {"path":"E:\\IT\\EPAM_2021\\REACT\\reactjs_gmp_2021-MY\\src\\containers\\Loading\\Loading.jsx","statementMap":{"0":{"start":{"line":7,"column":16},"end":{"line":13,"column":1}},"1":{"start":{"line":8,"column":20},"end":{"line":8,"column":65}},"2":{"start":{"line":8,"column":43},"end":{"line":8,"column":64}},"3":{"start":{"line":10,"column":2},"end":{"line":12,"column":4}}},"fnMap":{"0":{"name":"(anonymous_0)","decl":{"start":{"line":7,"column":16},"end":{"line":7,"column":17}},"loc":{"start":{"line":7,"column":22},"end":{"line":13,"column":1}},"line":7},"1":{"name":"(anonymous_1)","decl":{"start":{"line":8,"column":32},"end":{"line":8,"column":33}},"loc":{"start":{"line":8,"column":43},"end":{"line":8,"column":64}},"line":8}},"branchMap":{"0":{"loc":{"start":{"line":10,"column":9},"end":{"line":12,"column":3}},"type":"binary-expr","locations":[{"start":{"line":10,"column":9},"end":{"line":10,"column":18}},{"start":{"line":11,"column":2},"end":{"line":11,"column":84}}],"line":10}},"s":{"0":4,"1":3,"2":6,"3":3},"f":{"0":3,"1":6},"b":{"0":[3,3]},"_coverageSchema":"1a1c01bbd47fc00a2c39e90264f33305004495a9","hash":"dcc1d29e356242e41b2c0ee148da16506e053b01"}
,"E:\\IT\\EPAM_2021\\REACT\\reactjs_gmp_2021-MY\\src\\containers\\Loading\\index.js": {"path":"E:\\IT\\EPAM_2021\\REACT\\reactjs_gmp_2021-MY\\src\\containers\\Loading\\index.js","statementMap":{},"fnMap":{},"branchMap":{},"s":{},"f":{},"b":{},"_coverageSchema":"1a1c01bbd47fc00a2c39e90264f33305004495a9","hash":"1ab12749c97c087d5847602e44210bd2665b315b"}
,"E:\\IT\\EPAM_2021\\REACT\\reactjs_gmp_2021-MY\\src\\containers\\Main\\Main.jsx": {"path":"E:\\IT\\EPAM_2021\\REACT\\reactjs_gmp_2021-MY\\src\\containers\\Main\\Main.jsx","statementMap":{"0":{"start":{"line":14,"column":13},"end":{"line":39,"column":1}},"1":{"start":{"line":15,"column":28},"end":{"line":15,"column":81}},"2":{"start":{"line":15,"column":51},"end":{"line":15,"column":80}},"3":{"start":{"line":16,"column":17},"end":{"line":16,"column":59}},"4":{"start":{"line":16,"column":40},"end":{"line":16,"column":58}},"5":{"start":{"line":17,"column":17},"end":{"line":17,"column":59}},"6":{"start":{"line":17,"column":40},"end":{"line":17,"column":58}},"7":{"start":{"line":18,"column":17},"end":{"line":18,"column":59}},"8":{"start":{"line":18,"column":40},"end":{"line":18,"column":58}},"9":{"start":{"line":19,"column":20},"end":{"line":19,"column":65}},"10":{"start":{"line":19,"column":43},"end":{"line":19,"column":64}},"11":{"start":{"line":20,"column":16},"end":{"line":20,"column":57}},"12":{"start":{"line":20,"column":39},"end":{"line":20,"column":56}},"13":{"start":{"line":21,"column":19},"end":{"line":21,"column":32}},"14":{"start":{"line":22,"column":19},"end":{"line":22,"column":32}},"15":{"start":{"line":23,"column":14},"end":{"line":23,"column":50}},"16":{"start":{"line":25,"column":2},"end":{"line":29,"column":64}},"17":{"start":{"line":26,"column":4},"end":{"line":26,"column":35}},"18":{"start":{"line":27,"column":4},"end":{"line":27,"column":28}},"19":{"start":{"line":28,"column":4},"end":{"line":28,"column":18}},"20":{"start":{"line":31,"column":2},"end":{"line":38,"column":4}}},"fnMap":{"0":{"name":"(anonymous_0)","decl":{"start":{"line":14,"column":13},"end":{"line":14,"column":14}},"loc":{"start":{"line":14,"column":19},"end":{"line":39,"column":1}},"line":14},"1":{"name":"(anonymous_1)","decl":{"start":{"line":15,"column":40},"end":{"line":15,"column":41}},"loc":{"start":{"line":15,"column":51},"end":{"line":15,"column":80}},"line":15},"2":{"name":"(anonymous_2)","decl":{"start":{"line":16,"column":29},"end":{"line":16,"column":30}},"loc":{"start":{"line":16,"column":40},"end":{"line":16,"column":58}},"line":16},"3":{"name":"(anonymous_3)","decl":{"start":{"line":17,"column":29},"end":{"line":17,"column":30}},"loc":{"start":{"line":17,"column":40},"end":{"line":17,"column":58}},"line":17},"4":{"name":"(anonymous_4)","decl":{"start":{"line":18,"column":29},"end":{"line":18,"column":30}},"loc":{"start":{"line":18,"column":40},"end":{"line":18,"column":58}},"line":18},"5":{"name":"(anonymous_5)","decl":{"start":{"line":19,"column":32},"end":{"line":19,"column":33}},"loc":{"start":{"line":19,"column":43},"end":{"line":19,"column":64}},"line":19},"6":{"name":"(anonymous_6)","decl":{"start":{"line":20,"column":28},"end":{"line":20,"column":29}},"loc":{"start":{"line":20,"column":39},"end":{"line":20,"column":56}},"line":20},"7":{"name":"(anonymous_7)","decl":{"start":{"line":25,"column":12},"end":{"line":25,"column":13}},"loc":{"start":{"line":25,"column":18},"end":{"line":29,"column":3}},"line":25}},"branchMap":{"0":{"loc":{"start":{"line":31,"column":9},"end":{"line":38,"column":3}},"type":"binary-expr","locations":[{"start":{"line":31,"column":9},"end":{"line":31,"column":27}},{"start":{"line":32,"column":2},"end":{"line":37,"column":9}}],"line":31}},"s":{"0":4,"1":3,"2":6,"3":3,"4":6,"5":3,"6":6,"7":3,"8":6,"9":3,"10":6,"11":3,"12":6,"13":3,"14":3,"15":3,"16":3,"17":0,"18":0,"19":0,"20":3},"f":{"0":3,"1":6,"2":6,"3":6,"4":6,"5":6,"6":6,"7":0},"b":{"0":[3,1]},"_coverageSchema":"1a1c01bbd47fc00a2c39e90264f33305004495a9","hash":"8e4e8483d5fab40514e811482b2d0493c00bd45a"}
,"E:\\IT\\EPAM_2021\\REACT\\reactjs_gmp_2021-MY\\src\\containers\\Main\\index.js": {"path":"E:\\IT\\EPAM_2021\\REACT\\reactjs_gmp_2021-MY\\src\\containers\\Main\\index.js","statementMap":{},"fnMap":{},"branchMap":{},"s":{},"f":{},"b":{},"_coverageSchema":"1a1c01bbd47fc00a2c39e90264f33305004495a9","hash":"cb9b953ab130be668c9e297f01363c6bd479f1b4"}
,"E:\\IT\\EPAM_2021\\REACT\\reactjs_gmp_2021-MY\\src\\containers\\Menu\\Menu.jsx": {"path":"E:\\IT\\EPAM_2021\\REACT\\reactjs_gmp_2021-MY\\src\\containers\\Menu\\Menu.jsx","statementMap":{"0":{"start":{"line":8,"column":13},"end":{"line":13,"column":1}},"1":{"start":{"line":9,"column":2},"end":{"line":12,"column":8}}},"fnMap":{"0":{"name":"(anonymous_0)","decl":{"start":{"line":8,"column":13},"end":{"line":8,"column":14}},"loc":{"start":{"line":9,"column":2},"end":{"line":12,"column":8}},"line":9}},"branchMap":{},"s":{"0":5,"1":2},"f":{"0":2},"b":{},"_coverageSchema":"1a1c01bbd47fc00a2c39e90264f33305004495a9","hash":"88ec8ca3ee142ffe21bfb2b6cf5a73d346a41bc7"}
,"E:\\IT\\EPAM_2021\\REACT\\reactjs_gmp_2021-MY\\src\\containers\\Menu\\index.js": {"path":"E:\\IT\\EPAM_2021\\REACT\\reactjs_gmp_2021-MY\\src\\containers\\Menu\\index.js","statementMap":{},"fnMap":{},"branchMap":{},"s":{},"f":{},"b":{},"_coverageSchema":"1a1c01bbd47fc00a2c39e90264f33305004495a9","hash":"53cb3641f69909576ae6aacf777fe889f0a374b4"}
,"E:\\IT\\EPAM_2021\\REACT\\reactjs_gmp_2021-MY\\src\\containers\\ModalWindow\\ModalWindow.jsx": {"path":"E:\\IT\\EPAM_2021\\REACT\\reactjs_gmp_2021-MY\\src\\containers\\ModalWindow\\ModalWindow.jsx","statementMap":{"0":{"start":{"line":14,"column":20},"end":{"line":67,"column":1}},"1":{"start":{"line":15,"column":28},"end":{"line":15,"column":81}},"2":{"start":{"line":15,"column":51},"end":{"line":15,"column":80}},"3":{"start":{"line":16,"column":27},"end":{"line":16,"column":79}},"4":{"start":{"line":16,"column":50},"end":{"line":16,"column":78}},"5":{"start":{"line":17,"column":19},"end":{"line":17,"column":32}},"6":{"start":{"line":19,"column":27},"end":{"line":21,"column":3}},"7":{"start":{"line":20,"column":4},"end":{"line":20,"column":27}},"8":{"start":{"line":23,"column":24},"end":{"line":30,"column":3}},"9":{"start":{"line":25,"column":6},"end":{"line":27,"column":7}},"10":{"start":{"line":26,"column":8},"end":{"line":26,"column":31}},"11":{"start":{"line":32,"column":2},"end":{"line":40,"column":41}},"12":{"start":{"line":33,"column":4},"end":{"line":36,"column":5}},"13":{"start":{"line":34,"column":6},"end":{"line":34,"column":56}},"14":{"start":{"line":35,"column":6},"end":{"line":35,"column":64}},"15":{"start":{"line":37,"column":4},"end":{"line":39,"column":6}},"16":{"start":{"line":38,"column":6},"end":{"line":38,"column":59}},"17":{"start":{"line":42,"column":2},"end":{"line":66,"column":4}}},"fnMap":{"0":{"name":"(anonymous_0)","decl":{"start":{"line":14,"column":20},"end":{"line":14,"column":21}},"loc":{"start":{"line":14,"column":26},"end":{"line":67,"column":1}},"line":14},"1":{"name":"(anonymous_1)","decl":{"start":{"line":15,"column":40},"end":{"line":15,"column":41}},"loc":{"start":{"line":15,"column":51},"end":{"line":15,"column":80}},"line":15},"2":{"name":"(anonymous_2)","decl":{"start":{"line":16,"column":39},"end":{"line":16,"column":40}},"loc":{"start":{"line":16,"column":50},"end":{"line":16,"column":78}},"line":16},"3":{"name":"(anonymous_3)","decl":{"start":{"line":19,"column":27},"end":{"line":19,"column":28}},"loc":{"start":{"line":19,"column":33},"end":{"line":21,"column":3}},"line":19},"4":{"name":"(anonymous_4)","decl":{"start":{"line":24,"column":4},"end":{"line":24,"column":5}},"loc":{"start":{"line":24,"column":15},"end":{"line":28,"column":5}},"line":24},"5":{"name":"(anonymous_5)","decl":{"start":{"line":32,"column":12},"end":{"line":32,"column":13}},"loc":{"start":{"line":32,"column":18},"end":{"line":40,"column":3}},"line":32},"6":{"name":"(anonymous_6)","decl":{"start":{"line":37,"column":11},"end":{"line":37,"column":12}},"loc":{"start":{"line":37,"column":17},"end":{"line":39,"column":5}},"line":37}},"branchMap":{"0":{"loc":{"start":{"line":25,"column":6},"end":{"line":27,"column":7}},"type":"if","locations":[{"start":{"line":25,"column":6},"end":{"line":27,"column":7}},{"start":{"line":25,"column":6},"end":{"line":27,"column":7}}],"line":25},"1":{"loc":{"start":{"line":33,"column":4},"end":{"line":36,"column":5}},"type":"if","locations":[{"start":{"line":33,"column":4},"end":{"line":36,"column":5}},{"start":{"line":33,"column":4},"end":{"line":36,"column":5}}],"line":33},"2":{"loc":{"start":{"line":42,"column":9},"end":{"line":66,"column":3}},"type":"binary-expr","locations":[{"start":{"line":42,"column":9},"end":{"line":42,"column":26}},{"start":{"line":43,"column":2},"end":{"line":65,"column":8}}],"line":42},"3":{"loc":{"start":{"line":56,"column":11},"end":{"line":61,"column":11}},"type":"binary-expr","locations":[{"start":{"line":56,"column":11},"end":{"line":56,"column":27}},{"start":{"line":57,"column":10},"end":{"line":60,"column":13}}],"line":56}},"s":{"0":3,"1":3,"2":7,"3":3,"4":7,"5":3,"6":3,"7":0,"8":3,"9":0,"10":0,"11":3,"12":0,"13":0,"14":0,"15":0,"16":0,"17":3},"f":{"0":3,"1":7,"2":7,"3":0,"4":0,"5":0,"6":0},"b":{"0":[0,0],"1":[0,0],"2":[3,2],"3":[2,1]},"_coverageSchema":"1a1c01bbd47fc00a2c39e90264f33305004495a9","hash":"844342ca600b0aaaac1e53a09cfe77a486e5fbdd"}
,"E:\\IT\\EPAM_2021\\REACT\\reactjs_gmp_2021-MY\\src\\containers\\ModalWindow\\index.js": {"path":"E:\\IT\\EPAM_2021\\REACT\\reactjs_gmp_2021-MY\\src\\containers\\ModalWindow\\index.js","statementMap":{},"fnMap":{},"branchMap":{},"s":{},"f":{},"b":{},"_coverageSchema":"1a1c01bbd47fc00a2c39e90264f33305004495a9","hash":"6d334264f6b17dd153589adf16544f8dafa5af7f"}
,"E:\\IT\\EPAM_2021\\REACT\\reactjs_gmp_2021-MY\\src\\containers\\ModalWindow\\forms\\AddMovie\\AddMovie.jsx": {"path":"E:\\IT\\EPAM_2021\\REACT\\reactjs_gmp_2021-MY\\src\\containers\\ModalWindow\\forms\\AddMovie\\AddMovie.jsx","statementMap":{"0":{"start":{"line":10,"column":17},"end":{"line":50,"column":1}},"1":{"start":{"line":11,"column":28},"end":{"line":11,"column":81}},"2":{"start":{"line":11,"column":51},"end":{"line":11,"column":80}},"3":{"start":{"line":12,"column":19},"end":{"line":12,"column":32}},"4":{"start":{"line":13,"column":19},"end":{"line":20,"column":3}},"5":{"start":{"line":14,"column":20},"end":{"line":17,"column":5}},"6":{"start":{"line":19,"column":4},"end":{"line":19,"column":32}},"7":{"start":{"line":22,"column":24},"end":{"line":34,"column":3}},"8":{"start":{"line":36,"column":17},"end":{"line":40,"column":4}},"9":{"start":{"line":42,"column":2},"end":{"line":49,"column":4}},"10":{"start":{"line":52,"column":0},"end":{"line":54,"column":2}}},"fnMap":{"0":{"name":"(anonymous_0)","decl":{"start":{"line":10,"column":17},"end":{"line":10,"column":18}},"loc":{"start":{"line":10,"column":34},"end":{"line":50,"column":1}},"line":10},"1":{"name":"(anonymous_1)","decl":{"start":{"line":11,"column":40},"end":{"line":11,"column":41}},"loc":{"start":{"line":11,"column":51},"end":{"line":11,"column":80}},"line":11},"2":{"name":"(anonymous_2)","decl":{"start":{"line":13,"column":19},"end":{"line":13,"column":20}},"loc":{"start":{"line":13,"column":31},"end":{"line":20,"column":3}},"line":13}},"branchMap":{"0":{"loc":{"start":{"line":42,"column":9},"end":{"line":49,"column":3}},"type":"binary-expr","locations":[{"start":{"line":42,"column":9},"end":{"line":42,"column":41}},{"start":{"line":43,"column":2},"end":{"line":48,"column":19}}],"line":42}},"s":{"0":4,"1":3,"2":6,"3":3,"4":3,"5":0,"6":0,"7":3,"8":3,"9":3,"10":4},"f":{"0":3,"1":6,"2":0},"b":{"0":[3,3]},"_coverageSchema":"1a1c01bbd47fc00a2c39e90264f33305004495a9","hash":"b486fe6a6a5fa5e9e64503082e7c3fcae1536787"}
,"E:\\IT\\EPAM_2021\\REACT\\reactjs_gmp_2021-MY\\src\\containers\\ModalWindow\\forms\\AddMovie\\index.js": {"path":"E:\\IT\\EPAM_2021\\REACT\\reactjs_gmp_2021-MY\\src\\containers\\ModalWindow\\forms\\AddMovie\\index.js","statementMap":{},"fnMap":{},"branchMap":{},"s":{},"f":{},"b":{},"_coverageSchema":"1a1c01bbd47fc00a2c39e90264f33305004495a9","hash":"c7276ce5677a45c02336a87a4beacecfdef1d6e6"}
,"E:\\IT\\EPAM_2021\\REACT\\reactjs_gmp_2021-MY\\src\\containers\\ModalWindow\\forms\\CommonForm\\CommonForm.jsx": {"path":"E:\\IT\\EPAM_2021\\REACT\\reactjs_gmp_2021-MY\\src\\containers\\ModalWindow\\forms\\CommonForm\\CommonForm.jsx","statementMap":{"0":{"start":{"line":9,"column":19},"end":{"line":75,"column":1}},"1":{"start":{"line":10,"column":2},"end":{"line":74,"column":5}},"2":{"start":{"line":46,"column":5},"end":{"line":51,"column":8}},"3":{"start":{"line":77,"column":0},"end":{"line":80,"column":2}},"4":{"start":{"line":82,"column":0},"end":{"line":84,"column":2}}},"fnMap":{"0":{"name":"(anonymous_0)","decl":{"start":{"line":9,"column":19},"end":{"line":9,"column":20}},"loc":{"start":{"line":10,"column":2},"end":{"line":74,"column":5}},"line":10},"1":{"name":"(anonymous_1)","decl":{"start":{"line":45,"column":16},"end":{"line":45,"column":17}},"loc":{"start":{"line":45,"column":27},"end":{"line":52,"column":7}},"line":45}},"branchMap":{"0":{"loc":{"start":{"line":11,"column":5},"end":{"line":13,"column":5}},"type":"binary-expr","locations":[{"start":{"line":11,"column":5},"end":{"line":11,"column":11}},{"start":{"line":12,"column":4},"end":{"line":12,"column":52}}],"line":11},"1":{"loc":{"start":{"line":18,"column":17},"end":{"line":18,"column":74}},"type":"cond-expr","locations":[{"start":{"line":18,"column":46},"end":{"line":18,"column":64}},{"start":{"line":18,"column":67},"end":{"line":18,"column":74}}],"line":18},"2":{"loc":{"start":{"line":70,"column":15},"end":{"line":70,"column":41}},"type":"cond-expr","locations":[{"start":{"line":70,"column":24},"end":{"line":70,"column":30}},{"start":{"line":70,"column":33},"end":{"line":70,"column":41}}],"line":70}},"s":{"0":5,"1":4,"2":0,"3":5,"4":5},"f":{"0":4,"1":0},"b":{"0":[4,1],"1":[1,3],"2":[1,3]},"_coverageSchema":"1a1c01bbd47fc00a2c39e90264f33305004495a9","hash":"f7da8525a0771dd4b9714964c61c44842f6d2dd3"}
,"E:\\IT\\EPAM_2021\\REACT\\reactjs_gmp_2021-MY\\src\\containers\\ModalWindow\\forms\\CommonForm\\index.js": {"path":"E:\\IT\\EPAM_2021\\REACT\\reactjs_gmp_2021-MY\\src\\containers\\ModalWindow\\forms\\CommonForm\\index.js","statementMap":{},"fnMap":{},"branchMap":{},"s":{},"f":{},"b":{},"_coverageSchema":"1a1c01bbd47fc00a2c39e90264f33305004495a9","hash":"59571fcff9b58f46bf9e67706b467562ddd7eeda"}
,"E:\\IT\\EPAM_2021\\REACT\\reactjs_gmp_2021-MY\\src\\containers\\ModalWindow\\forms\\DeleteMovie\\DeleteMovie.jsx": {"path":"E:\\IT\\EPAM_2021\\REACT\\reactjs_gmp_2021-MY\\src\\containers\\ModalWindow\\forms\\DeleteMovie\\DeleteMovie.jsx","statementMap":{"0":{"start":{"line":8,"column":20},"end":{"line":31,"column":1}},"1":{"start":{"line":9,"column":28},"end":{"line":9,"column":81}},"2":{"start":{"line":9,"column":51},"end":{"line":9,"column":80}},"3":{"start":{"line":10,"column":19},"end":{"line":10,"column":32}},"4":{"start":{"line":11,"column":19},"end":{"line":14,"column":3}},"5":{"start":{"line":12,"column":4},"end":{"line":12,"column":27}},"6":{"start":{"line":13,"column":4},"end":{"line":13,"column":35}},"7":{"start":{"line":16,"column":2},"end":{"line":30,"column":4}},"8":{"start":{"line":33,"column":0},"end":{"line":36,"column":2}}},"fnMap":{"0":{"name":"(anonymous_0)","decl":{"start":{"line":8,"column":20},"end":{"line":8,"column":21}},"loc":{"start":{"line":8,"column":46},"end":{"line":31,"column":1}},"line":8},"1":{"name":"(anonymous_1)","decl":{"start":{"line":9,"column":40},"end":{"line":9,"column":41}},"loc":{"start":{"line":9,"column":51},"end":{"line":9,"column":80}},"line":9},"2":{"name":"(anonymous_2)","decl":{"start":{"line":11,"column":19},"end":{"line":11,"column":20}},"loc":{"start":{"line":11,"column":30},"end":{"line":14,"column":3}},"line":11}},"branchMap":{"0":{"loc":{"start":{"line":16,"column":9},"end":{"line":30,"column":3}},"type":"binary-expr","locations":[{"start":{"line":16,"column":9},"end":{"line":16,"column":44}},{"start":{"line":17,"column":2},"end":{"line":29,"column":5}}],"line":16}},"s":{"0":4,"1":2,"2":4,"3":2,"4":2,"5":0,"6":0,"7":2,"8":4},"f":{"0":2,"1":4,"2":0},"b":{"0":[2,1]},"_coverageSchema":"1a1c01bbd47fc00a2c39e90264f33305004495a9","hash":"61e04a35d0ad1a660202fdab393212f6d624c4e3"}
,"E:\\IT\\EPAM_2021\\REACT\\reactjs_gmp_2021-MY\\src\\containers\\ModalWindow\\forms\\DeleteMovie\\index.js": {"path":"E:\\IT\\EPAM_2021\\REACT\\reactjs_gmp_2021-MY\\src\\containers\\ModalWindow\\forms\\DeleteMovie\\index.js","statementMap":{},"fnMap":{},"branchMap":{},"s":{},"f":{},"b":{},"_coverageSchema":"1a1c01bbd47fc00a2c39e90264f33305004495a9","hash":"5ec8cc59e572ab37d0e3ad344f530aa6768122bb"}
[...]
,"E:\\IT\\EPAM_2021\\REACT\\reactjs_gmp_2021-MY\\src\\containers\\ResultsSort\\index.js": {"path":"E:\\IT\\EPAM_2021\\REACT\\reactjs_gmp_2021-MY\\src\\containers\\ResultsSort\\index.js","statementMap":{},"fnMap":{},"branchMap":{},"s":{},"f":{},"b":{},"_coverageSchema":"1a1c01bbd47fc00a2c39e90264f33305004495a9","hash":"16d25e9f0ecb3901f4ad3bb72cf9c1e273f05f47"}
,"E:\\IT\\EPAM_2021\\REACT\\reactjs_gmp_2021-MY\\src\\containers\\Search\\Search.jsx": {"path":"E:\\IT\\EPAM_2021\\REACT\\reactjs_gmp_2021-MY\\src\\containers\\Search\\Search.jsx","statementMap":{"0":{"start":{"line":12,"column":15},"end":{"line":54,"column":1}},"1":{"start":{"line":13,"column":19},"end":{"line":13,"column":32}},"2":{"start":{"line":14,"column":16},"end":{"line":14,"column":51}},"3":{"start":{"line":14,"column":39},"end":{"line":14,"column":50}},"4":{"start":{"line":15,"column":14},"end":{"line":15,"column":50}},"5":{"start":{"line":16,"column":28},"end":{"line":16,"column":61}},"6":{"start":{"line":17,"column":19},"end":{"line":17,"column":32}},"7":{"start":{"line":18,"column":18},"end":{"line":18,"column":30}},"8":{"start":{"line":19,"column":25},"end":{"line":24,"column":3}},"9":{"start":{"line":20,"column":4},"end":{"line":23,"column":7}},"10":{"start":{"line":25,"column":24},"end":{"line":32,"column":3}},"11":{"start":{"line":27,"column":6},"end":{"line":29,"column":7}},"12":{"start":{"line":28,"column":8},"end":{"line":28,"column":56}},"13":{"start":{"line":34,"column":2},"end":{"line":39,"column":39}},"14":{"start":{"line":35,"column":4},"end":{"line":35,"column":54}},"15":{"start":{"line":36,"column":4},"end":{"line":38,"column":6}},"16":{"start":{"line":37,"column":6},"end":{"line":37,"column":59}},"17":{"start":{"line":40,"column":2},"end":{"line":53,"column":4}},"18":{"start":{"line":44,"column":29},"end":{"line":44,"column":57}}},"fnMap":{"0":{"name":"(anonymous_0)","decl":{"start":{"line":12,"column":15},"end":{"line":12,"column":16}},"loc":{"start":{"line":12,"column":21},"end":{"line":54,"column":1}},"line":12},"1":{"name":"(anonymous_1)","decl":{"start":{"line":14,"column":28},"end":{"line":14,"column":29}},"loc":{"start":{"line":14,"column":39},"end":{"line":14,"column":50}},"line":14},"2":{"name":"(anonymous_2)","decl":{"start":{"line":19,"column":25},"end":{"line":19,"column":26}},"loc":{"start":{"line":19,"column":31},"end":{"line":24,"column":3}},"line":19},"3":{"name":"(anonymous_3)","decl":{"start":{"line":26,"column":4},"end":{"line":26,"column":5}},"loc":{"start":{"line":26,"column":15},"end":{"line":30,"column":5}},"line":26},"4":{"name":"(anonymous_4)","decl":{"start":{"line":34,"column":12},"end":{"line":34,"column":13}},"loc":{"start":{"line":34,"column":18},"end":{"line":39,"column":3}},"line":34},"5":{"name":"(anonymous_5)","decl":{"start":{"line":36,"column":11},"end":{"line":36,"column":12}},"loc":{"start":{"line":36,"column":17},"end":{"line":38,"column":5}},"line":36},"6":{"name":"(anonymous_6)","decl":{"start":{"line":44,"column":18},"end":{"line":44,"column":19}},"loc":{"start":{"line":44,"column":29},"end":{"line":44,"column":57}},"line":44}},"branchMap":{"0":{"loc":{"start":{"line":16,"column":37},"end":{"line":16,"column":60}},"type":"binary-expr","locations":[{"start":{"line":16,"column":37},"end":{"line":16,"column":54}},{"start":{"line":16,"column":58},"end":{"line":16,"column":60}}],"line":16},"1":{"loc":{"start":{"line":27,"column":6},"end":{"line":29,"column":7}},"type":"if","locations":[{"start":{"line":27,"column":6},"end":{"line":29,"column":7}},{"start":{"line":27,"column":6},"end":{"line":29,"column":7}}],"line":27}},"s":{"0":5,"1":4,"2":4,"3":9,"4":4,"5":4,"6":4,"7":4,"8":4,"9":0,"10":4,"11":0,"12":0,"13":4,"14":0,"15":0,"16":0,"17":4,"18":0},"f":{"0":4,"1":9,"2":0,"3":0,"4":0,"5":0,"6":0},"b":{"0":[4,4],"1":[0,0]},"_coverageSchema":"1a1c01bbd47fc00a2c39e90264f33305004495a9","hash":"7f823c621a0009b8a684e9379a4bdf023a78b678"}
,"E:\\IT\\EPAM_2021\\REACT\\reactjs_gmp_2021-MY\\src\\containers\\Search\\index.js": {"path":"E:\\IT\\EPAM_2021\\REACT\\reactjs_gmp_2021-MY\\src\\containers\\Search\\index.js","statementMap":{},"fnMap":{},"branchMap":{},"s":{},"f":{},"b":{},"_coverageSchema":"1a1c01bbd47fc00a2c39e90264f33305004495a9","hash":"2338d226c0a491295d300abfdabd3bf00ade3aef"}
,"E:\\IT\\EPAM_2021\\REACT\\reactjs_gmp_2021-MY\\src\\containers\\SearchInput\\SearchInput.jsx": {"path":"E:\\IT\\EPAM_2021\\REACT\\reactjs_gmp_2021-MY\\src\\containers\\SearchInput\\SearchInput.jsx","statementMap":{"0":{"start":{"line":6,"column":20},"end":{"line":14,"column":1}},"1":{"start":{"line":7,"column":2},"end":{"line":13,"column":4}},"2":{"start":{"line":16,"column":0},"end":{"line":19,"column":2}}},"fnMap":{"0":{"name":"(anonymous_0)","decl":{"start":{"line":6,"column":20},"end":{"line":6,"column":21}},"loc":{"start":{"line":7,"column":2},"end":{"line":13,"column":4}},"line":7}},"branchMap":{},"s":{"0":6,"1":5,"2":6},"f":{"0":5},"b":{},"_coverageSchema":"1a1c01bbd47fc00a2c39e90264f33305004495a9","hash":"89786f79a895b5b535d4880975b219c8244c360a"}
,"E:\\IT\\EPAM_2021\\REACT\\reactjs_gmp_2021-MY\\src\\containers\\SearchInput\\index.js": {"path":"E:\\IT\\EPAM_2021\\REACT\\reactjs_gmp_2021-MY\\src\\containers\\SearchInput\\index.js","statementMap":{},"fnMap":{},"branchMap":{},"s":{},"f":{},"b":{},"_coverageSchema":"1a1c01bbd47fc00a2c39e90264f33305004495a9","hash":"a16499460801ae6e22f22997cf3bc116ef899bfd"}
,"E:\\IT\\EPAM_2021\\REACT\\reactjs_gmp_2021-MY\\src\\containers\\SearchPage\\SearchPage.jsx": {"path":"E:\\IT\\EPAM_2021\\REACT\\reactjs_gmp_2021-MY\\src\\containers\\SearchPage\\SearchPage.jsx","statementMap":{"0":{"start":{"line":9,"column":19},"end":{"line":17,"column":1}},"1":{"start":{"line":10,"column":2},"end":{"line":16,"column":5}}},"fnMap":{"0":{"name":"(anonymous_0)","decl":{"start":{"line":9,"column":19},"end":{"line":9,"column":20}},"loc":{"start":{"line":10,"column":2},"end":{"line":16,"column":5}},"line":10}},"branchMap":{},"s":{"0":2,"1":1},"f":{"0":1},"b":{},"_coverageSchema":"1a1c01bbd47fc00a2c39e90264f33305004495a9","hash":"1bfa5d764858c7d75fcae567e89f7d89f57a0752"}
,"E:\\IT\\EPAM_2021\\REACT\\reactjs_gmp_2021-MY\\src\\containers\\SearchPage\\index.js": {"path":"E:\\IT\\EPAM_2021\\REACT\\reactjs_gmp_2021-MY\\src\\containers\\SearchPage\\index.js","statementMap":{},"fnMap":{},"branchMap":{},"s":{},"f":{},"b":{},"_coverageSchema":"1a1c01bbd47fc00a2c39e90264f33305004495a9","hash":"f5ca7619221b210d8b93ee71a89471b44dafaa53"}
,"E:\\IT\\EPAM_2021\\REACT\\reactjs_gmp_2021-MY\\src\\reducers\\index.js": {"path":"E:\\IT\\EPAM_2021\\REACT\\reactjs_gmp_2021-MY\\src\\reducers\\index.js","statementMap":{"0":{"start":{"line":6,"column":20},"end":{"line":9,"column":2}}},"fnMap":{},"branchMap":{},"s":{"0":1},"f":{},"b":{},"_coverageSchema":"1a1c01bbd47fc00a2c39e90264f33305004495a9","hash":"2e94055616a8cfd6915f1c3cb70f0e01ac182e7a"}
,"E:\\IT\\EPAM_2021\\REACT\\reactjs_gmp_2021-MY\\src\\reducers\\movie\\index.js": {"path":"E:\\IT\\EPAM_2021\\REACT\\reactjs_gmp_2021-MY\\src\\reducers\\movie\\index.js","statementMap":{},"fnMap":{},"branchMap":{},"s":{},"f":{},"b":{},"_coverageSchema":"1a1c01bbd47fc00a2c39e90264f33305004495a9","hash":"6cfd61ac25b8fa4d02ee05f20389778d995a9913"}
,"E:\\IT\\EPAM_2021\\REACT\\reactjs_gmp_2021-MY\\src\\reducers\\movie\\movie.js": {"path":"E:\\IT\\EPAM_2021\\REACT\\reactjs_gmp_2021-MY\\src\\reducers\\movie\\movie.js","statementMap":{"0":{"start":{"line":3,"column":28},"end":{"line":11,"column":1}},"1":{"start":{"line":13,"column":14},"end":{"line":62,"column":1}},"2":{"start":{"line":14,"column":2},"end":{"line":61,"column":3}},"3":{"start":{"line":16,"column":6},"end":{"line":19,"column":8}},"4":{"start":{"line":21,"column":6},"end":{"line":25,"column":8}},"5":{"start":{"line":27,"column":6},"end":{"line":30,"column":8}},"6":{"start":{"line":32,"column":6},"end":{"line":37,"column":8}},"7":{"start":{"line":39,"column":6},"end":{"line":42,"column":8}},"8":{"start":{"line":44,"column":6},"end":{"line":48,"column":8}},"9":{"start":{"line":50,"column":6},"end":{"line":53,"column":8}},"10":{"start":{"line":55,"column":6},"end":{"line":58,"column":8}},"11":{"start":{"line":60,"column":6},"end":{"line":60,"column":19}}},"fnMap":{"0":{"name":"(anonymous_0)","decl":{"start":{"line":13,"column":14},"end":{"line":13,"column":15}},"loc":{"start":{"line":13,"column":48},"end":{"line":62,"column":1}},"line":13}},"branchMap":{"0":{"loc":{"start":{"line":13,"column":15},"end":{"line":13,"column":35}},"type":"default-arg","locations":[{"start":{"line":13,"column":23},"end":{"line":13,"column":35}}],"line":13},"1":{"loc":{"start":{"line":14,"column":2},"end":{"line":61,"column":3}},"type":"switch","locations":[{"start":{"line":15,"column":4},"end":{"line":19,"column":8}},{"start":{"line":20,"column":4},"end":{"line":25,"column":8}},{"start":{"line":26,"column":4},"end":{"line":30,"column":8}},{"start":{"line":31,"column":4},"end":{"line":37,"column":8}},{"start":{"line":38,"column":4},"end":{"line":42,"column":8}},{"start":{"line":43,"column":4},"end":{"line":48,"column":8}},{"start":{"line":49,"column":4},"end":{"line":53,"column":8}},{"start":{"line":54,"column":4},"end":{"line":58,"column":8}},{"start":{"line":59,"column":4},"end":{"line":60,"column":19}}],"line":14}},"s":{"0":2,"1":2,"2":11,"3":1,"4":1,"5":1,"6":1,"7":1,"8":1,"9":1,"10":1,"11":3},"f":{"0":11},"b":{"0":[3],"1":[1,1,1,1,1,1,1,1,3]},"_coverageSchema":"1a1c01bbd47fc00a2c39e90264f33305004495a9","hash":"5aedd0cc610cc718647f083ee9765178341f2c44"}
,"E:\\IT\\EPAM_2021\\REACT\\reactjs_gmp_2021-MY\\src\\reducers\\query\\index.js": {"path":"E:\\IT\\EPAM_2021\\REACT\\reactjs_gmp_2021-MY\\src\\reducers\\query\\index.js","statementMap":{},"fnMap":{},"branchMap":{},"s":{},"f":{},"b":{},"_coverageSchema":"1a1c01bbd47fc00a2c39e90264f33305004495a9","hash":"6bdd685c5a80cffeac43db061557d903930145fb"}
,"E:\\IT\\EPAM_2021\\REACT\\reactjs_gmp_2021-MY\\src\\reducers\\query\\query.js": {"path":"E:\\IT\\EPAM_2021\\REACT\\reactjs_gmp_2021-MY\\src\\reducers\\query\\query.js","statementMap":{"0":{"start":{"line":3,"column":28},"end":{"line":9,"column":1}},"1":{"start":{"line":11,"column":14},"end":{"line":41,"column":1}},"2":{"start":{"line":12,"column":2},"end":{"line":40,"column":3}},"3":{"start":{"line":14,"column":6},"end":{"line":17,"column":8}},"4":{"start":{"line":19,"column":6},"end":{"line":22,"column":8}},"5":{"start":{"line":24,"column":6},"end":{"line":27,"column":8}},"6":{"start":{"line":29,"column":6},"end":{"line":32,"column":8}},"7":{"start":{"line":34,"column":6},"end":{"line":37,"column":8}},"8":{"start":{"line":39,"column":6},"end":{"line":39,"column":19}}},"fnMap":{"0":{"name":"(anonymous_0)","decl":{"start":{"line":11,"column":14},"end":{"line":11,"column":15}},"loc":{"start":{"line":11,"column":48},"end":{"line":41,"column":1}},"line":11}},"branchMap":{"0":{"loc":{"start":{"line":11,"column":15},"end":{"line":11,"column":35}},"type":"default-arg","locations":[{"start":{"line":11,"column":23},"end":{"line":11,"column":35}}],"line":11},"1":{"loc":{"start":{"line":12,"column":2},"end":{"line":40,"column":3}},"type":"switch","locations":[{"start":{"line":13,"column":4},"end":{"line":17,"column":8}},{"start":{"line":18,"column":4},"end":{"line":22,"column":8}},{"start":{"line":23,"column":4},"end":{"line":27,"column":8}},{"start":{"line":28,"column":4},"end":{"line":32,"column":8}},{"start":{"line":33,"column":4},"end":{"line":37,"column":8}},{"start":{"line":38,"column":4},"end":{"line":39,"column":19}}],"line":12}},"s":{"0":2,"1":2,"2":8,"3":1,"4":1,"5":1,"6":1,"7":1,"8":3},"f":{"0":8},"b":{"0":[3],"1":[1,1,1,1,1,3]},"_coverageSchema":"1a1c01bbd47fc00a2c39e90264f33305004495a9","hash":"b32f4a24cfdec06fa1be1c5b87d2870e7d973e77"}
,"E:\\IT\\EPAM_2021\\REACT\\reactjs_gmp_2021-MY\\src\\store\\index.js": {"path":"E:\\IT\\EPAM_2021\\REACT\\reactjs_gmp_2021-MY\\src\\store\\index.js","statementMap":{"0":{"start":{"line":7,"column":14},"end":{"line":10,"column":1}}},"fnMap":{},"branchMap":{},"s":{"0":1},"f":{},"b":{},"_coverageSchema":"1a1c01bbd47fc00a2c39e90264f33305004495a9","hash":"2b5488cc2651f2a10d097273632d00c566a1dfdb"}
,"E:\\IT\\EPAM_2021\\REACT\\reactjs_gmp_2021-MY\\src\\tests\\mocks\\fileMock.js": {"path":"E:\\IT\\EPAM_2021\\REACT\\reactjs_gmp_2021-MY\\src\\tests\\mocks\\fileMock.js","statementMap":{"0":{"start":{"line":1,"column":0},"end":{"line":1,"column":34}}},"fnMap":{},"branchMap":{},"s":{"0":26},"f":{},"b":{},"_coverageSchema":"1a1c01bbd47fc00a2c39e90264f33305004495a9","hash":"e81140aacad4f468be96ff48b7963a279c87d12a"}
,"E:\\IT\\EPAM_2021\\REACT\\reactjs_gmp_2021-MY\\src\\tests\\mocks\\mockData.js": {"path":"E:\\IT\\EPAM_2021\\REACT\\reactjs_gmp_2021-MY\\src\\tests\\mocks\\mockData.js","statementMap":{"0":{"start":{"line":8,"column":19},"end":{"line":93,"column":1}}},"fnMap":{},"branchMap":{},"s":{"0":16},"f":{},"b":{},"_coverageSchema":"1a1c01bbd47fc00a2c39e90264f33305004495a9","hash":"a5b512366681633e79a80c150b11b80da9907cdc"}
,"E:\\IT\\EPAM_2021\\REACT\\reactjs_gmp_2021-MY\\src\\utils\\index.js": {"path":"E:\\IT\\EPAM_2021\\REACT\\reactjs_gmp_2021-MY\\src\\utils\\index.js","statementMap":{},"fnMap":{},"branchMap":{},"s":{},"f":{},"b":{},"_coverageSchema":"1a1c01bbd47fc00a2c39e90264f33305004495a9","hash":"0ee41316272630dc4f607d0297d4eac81c24c9dd"}
,"E:\\IT\\EPAM_2021\\REACT\\reactjs_gmp_2021-MY\\src\\utils\\utils.js": {"path":"E:\\IT\\EPAM_2021\\REACT\\reactjs_gmp_2021-MY\\src\\utils\\utils.js","statementMap":{"0":{"start":{"line":8,"column":25},"end":{"line":10,"column":1}},"1":{"start":{"line":8,"column":50},"end":{"line":10,"column":1}},"2":{"start":{"line":9,"column":23},"end":{"line":9,"column":51}},"3":{"start":{"line":12,"column":30},"end":{"line":12,"column":65}},"4":{"start":{"line":12,"column":40},"end":{"line":12,"column":65}},"5":{"start":{"line":14,"column":32},"end":{"line":14,"column":76}},"6":{"start":{"line":14,"column":42},"end":{"line":14,"column":76}},"7":{"start":{"line":16,"column":38},"end":{"line":17,"column":55}},"8":{"start":{"line":16,"column":48},"end":{"line":17,"column":55}},"9":{"start":{"line":19,"column":34},"end":{"line":20,"column":36}},"10":{"start":{"line":19,"column":51},"end":{"line":20,"column":36}},"11":{"start":{"line":22,"column":26},"end":{"line":36,"column":1}},"12":{"start":{"line":24,"column":2},"end":{"line":26,"column":3}},"13":{"start":{"line":25,"column":4},"end":{"line":25,"column":16}},"14":{"start":{"line":28,"column":2},"end":{"line":33,"column":3}},"15":{"start":{"line":30,"column":4},"end":{"line":30,"column":17}},"16":{"start":{"line":32,"column":4},"end":{"line":32,"column":17}},"17":{"start":{"line":35,"column":2},"end":{"line":35,"column":14}},"18":{"start":{"line":38,"column":35},"end":{"line":72,"column":2}},"19":{"start":{"line":38,"column":41},"end":{"line":72,"column":2}},"20":{"start":{"line":48,"column":17},"end":{"line":48,"column":34}},"21":{"start":{"line":67,"column":17},"end":{"line":67,"column":42}},"22":{"start":{"line":75,"column":29},"end":{"line":78,"column":1}},"23":{"start":{"line":77,"column":2},"end":{"line":77,"column":29}},"24":{"start":{"line":80,"column":32},"end":{"line":88,"column":2}},"25":{"start":{"line":80,"column":48},"end":{"line":88,"column":1}},"26":{"start":{"line":82,"column":43},"end":{"line":82,"column":54}},"27":{"start":{"line":90,"column":30},"end":{"line":92,"column":112}},"28":{"start":{"line":92,"column":6},"end":{"line":92,"column":112}},"29":{"start":{"line":94,"column":31},"end":{"line":95,"column":44}},"30":{"start":{"line":94,"column":42},"end":{"line":95,"column":44}},"31":{"start":{"line":97,"column":27},"end":{"line":97,"column":54}},"32":{"start":{"line":97,"column":33},"end":{"line":97,"column":54}}},"fnMap":{"0":{"name":"(anonymous_0)","decl":{"start":{"line":8,"column":25},"end":{"line":8,"column":26}},"loc":{"start":{"line":8,"column":50},"end":{"line":10,"column":1}},"line":8},"1":{"name":"(anonymous_1)","decl":{"start":{"line":9,"column":10},"end":{"line":9,"column":11}},"loc":{"start":{"line":9,"column":23},"end":{"line":9,"column":51}},"line":9},"2":{"name":"(anonymous_2)","decl":{"start":{"line":12,"column":30},"end":{"line":12,"column":31}},"loc":{"start":{"line":12,"column":40},"end":{"line":12,"column":65}},"line":12},"3":{"name":"(anonymous_3)","decl":{"start":{"line":14,"column":32},"end":{"line":14,"column":33}},"loc":{"start":{"line":14,"column":42},"end":{"line":14,"column":76}},"line":14},"4":{"name":"(anonymous_4)","decl":{"start":{"line":16,"column":38},"end":{"line":16,"column":39}},"loc":{"start":{"line":16,"column":48},"end":{"line":17,"column":55}},"line":16},"5":{"name":"(anonymous_5)","decl":{"start":{"line":19,"column":34},"end":{"line":19,"column":35}},"loc":{"start":{"line":19,"column":51},"end":{"line":20,"column":36}},"line":19},"6":{"name":"(anonymous_6)","decl":{"start":{"line":22,"column":26},"end":{"line":22,"column":27}},"loc":{"start":{"line":22,"column":35},"end":{"line":36,"column":1}},"line":22},"7":{"name":"(anonymous_7)","decl":{"start":{"line":38,"column":35},"end":{"line":38,"column":36}},"loc":{"start":{"line":38,"column":41},"end":{"line":72,"column":2}},"line":38},"8":{"name":"(anonymous_8)","decl":{"start":{"line":48,"column":6},"end":{"line":48,"column":7}},"loc":{"start":{"line":48,"column":17},"end":{"line":48,"column":34}},"line":48},"9":{"name":"(anonymous_9)","decl":{"start":{"line":67,"column":6},"end":{"line":67,"column":7}},"loc":{"start":{"line":67,"column":17},"end":{"line":67,"column":42}},"line":67},"10":{"name":"(anonymous_10)","decl":{"start":{"line":75,"column":29},"end":{"line":75,"column":30}},"loc":{"start":{"line":75,"column":40},"end":{"line":78,"column":1}},"line":75},"11":{"name":"(anonymous_11)","decl":{"start":{"line":80,"column":32},"end":{"line":80,"column":33}},"loc":{"start":{"line":80,"column":48},"end":{"line":88,"column":1}},"line":80},"12":{"name":"(anonymous_12)","decl":{"start":{"line":82,"column":32},"end":{"line":82,"column":33}},"loc":{"start":{"line":82,"column":43},"end":{"line":82,"column":54}},"line":82},"13":{"name":"(anonymous_13)","decl":{"start":{"line":90,"column":30},"end":{"line":90,"column":31}},"loc":{"start":{"line":92,"column":6},"end":{"line":92,"column":112}},"line":92},"14":{"name":"(anonymous_14)","decl":{"start":{"line":94,"column":31},"end":{"line":94,"column":32}},"loc":{"start":{"line":94,"column":42},"end":{"line":95,"column":44}},"line":94},"15":{"name":"(anonymous_15)","decl":{"start":{"line":97,"column":27},"end":{"line":97,"column":28}},"loc":{"start":{"line":97,"column":33},"end":{"line":97,"column":54}},"line":97}},"branchMap":{"0":{"loc":{"start":{"line":19,"column":51},"end":{"line":20,"column":36}},"type":"binary-expr","locations":[{"start":{"line":19,"column":51},"end":{"line":19,"column":75}},{"start":{"line":20,"column":4},"end":{"line":20,"column":36}}],"line":19},"1":{"loc":{"start":{"line":24,"column":2},"end":{"line":26,"column":3}},"type":"if","locations":[{"start":{"line":24,"column":2},"end":{"line":26,"column":3}},{"start":{"line":24,"column":2},"end":{"line":26,"column":3}}],"line":24},"2":{"loc":{"start":{"line":81,"column":15},"end":{"line":81,"column":95}},"type":"cond-expr","locations":[{"start":{"line":81,"column":39},"end":{"line":81,"column":60}},{"start":{"line":81,"column":63},"end":{"line":81,"column":95}}],"line":81}},"s":{"0":22,"1":2,"2":38,"3":22,"4":102,"5":22,"6":36,"7":22,"8":33,"9":22,"10":3,"11":22,"12":3,"13":1,"14":2,"15":2,"16":1,"17":1,"18":22,"19":4,"20":0,"21":0,"22":22,"23":1,"24":22,"25":1,"26":2,"27":22,"28":2,"29":22,"30":6,"31":22,"32":1},"f":{"0":2,"1":38,"2":102,"3":36,"4":33,"5":3,"6":3,"7":4,"8":0,"9":0,"10":1,"11":1,"12":2,"13":2,"14":6,"15":1},"b":{"0":[3,2],"1":[1,2],"2":[1,0]},"_coverageSchema":"1a1c01bbd47fc00a2c39e90264f33305004495a9","hash":"79244e64db769a32cebebee599bb455084fff37c"}
}
