TN:
SF:src\actions\actionTypes.js
FNF:0
FNH:0
DA:1,21
DA:2,21
DA:3,21
DA:4,21
DA:5,21
DA:6,21
DA:7,21
DA:8,21
DA:9,21
DA:10,21
DA:11,21
DA:12,21
DA:13,21
LF:13
LH:13
BRF:0
BRH:0
end_of_record
TN:
SF:src\actions\movies.js
FN:9,(anonymous_0)
FN:14,(anonymous_1)
FN:18,(anonymous_2)
FN:22,(anonymous_3)
FN:27,(anonymous_4)
FN:32,(anonymous_5)
FN:37,(anonymous_6)
FN:42,(anonymous_7)
FN:47,(anonymous_8)
FN:52,(anonymous_9)
FN:57,(anonymous_10)
FN:62,(anonymous_11)
FN:67,(anonymous_12)
FN:71,(anonymous_13)
FN:71,(anonymous_14)
FN:75,(anonymous_15)
FN:78,(anonymous_16)
FN:83,(anonymous_17)
FN:83,(anonymous_18)
FN:85,(anonymous_19)
FN:88,(anonymous_20)
FN:92,(anonymous_21)
FN:92,(anonymous_22)
FN:94,(anonymous_23)
FN:97,(anonymous_24)
FN:101,(anonymous_25)
FN:101,(anonymous_26)
FN:103,(anonymous_27)
FN:106,(anonymous_28)
FN:110,(anonymous_29)
FN:110,(anonymous_30)
FN:112,(anonymous_31)
FN:115,(anonymous_32)
FN:119,(anonymous_33)
FN:119,(anonymous_34)
FNF:35
FNH:35
FNDA:6,(anonymous_0)
FNDA:4,(anonymous_1)
FNDA:1,(anonymous_2)
FNDA:2,(anonymous_3)
FNDA:2,(anonymous_4)
FNDA:2,(anonymous_5)
FNDA:2,(anonymous_6)
FNDA:2,(anonymous_7)
FNDA:2,(anonymous_8)
FNDA:2,(anonymous_9)
FNDA:1,(anonymous_10)
FNDA:1,(anonymous_11)
FNDA:3,(anonymous_12)
FNDA:2,(anonymous_13)
FNDA:2,(anonymous_14)
FNDA:1,(anonymous_15)
FNDA:1,(anonymous_16)
FNDA:3,(anonymous_17)
FNDA:2,(anonymous_18)
FNDA:1,(anonymous_19)
FNDA:1,(anonymous_20)
FNDA:2,(anonymous_21)
FNDA:2,(anonymous_22)
FNDA:1,(anonymous_23)
FNDA:1,(anonymous_24)
FNDA:2,(anonymous_25)
FNDA:2,(anonymous_26)
FNDA:1,(anonymous_27)
FNDA:1,(anonymous_28)
FNDA:2,(anonymous_29)
FNDA:2,(anonymous_30)
FNDA:1,(anonymous_31)
FNDA:1,(anonymous_32)
FNDA:1,(anonymous_33)
FNDA:1,(anonymous_34)
DA:9,19
DA:14,19
DA:18,19
DA:22,19
DA:27,19
DA:32,19
DA:37,19
DA:42,19
DA:47,19
DA:52,19
DA:57,19
DA:62,19
DA:67,19
DA:71,19
DA:72,2
DA:73,2
DA:76,1
DA:79,1
DA:83,19
DA:86,1
DA:89,1
DA:92,19
DA:95,1
DA:98,1
DA:101,19
DA:104,1
DA:107,1
DA:110,19
DA:113,1
DA:116,1
DA:119,19
DA:120,1
DA:121,1
DA:124,1
DA:125,1
DA:128,1
DA:129,1
DA:132,1
DA:133,1
DA:136,1
DA:137,1
LF:41
LH:41
BRDA:120,0,0,1
BRDA:120,0,1,0
BRDA:124,1,0,1
BRDA:124,1,1,0
BRDA:128,2,0,1
BRDA:128,2,1,0
BRDA:132,3,0,1
BRDA:132,3,1,0
BRDA:136,4,0,1
BRDA:136,4,1,0
BRF:10
BRH:5
end_of_record
TN:
SF:src\components\Blur\Blur.jsx
FN:6,(anonymous_0)
FNF:1
FNH:1
FNDA:7,(anonymous_0)
DA:6,7
DA:8,7
LF:2
LH:2
BRF:0
BRH:0
end_of_record
TN:
SF:src\components\Blur\index.js
FNF:0
FNH:0
LF:0
LH:0
BRF:0
BRH:0
end_of_record
TN:
SF:src\components\Button\Button.jsx
FN:4,(anonymous_0)
FN:28,(anonymous_1)
FNF:2
FNH:1
FNDA:52,(anonymous_0)
FNDA:0,(anonymous_1)
DA:4,20
DA:8,52
DA:14,20
DA:24,20
LF:4
LH:4
BRF:0
BRH:0
end_of_record
TN:
SF:src\components\Button\index.js
FNF:0
FNH:0
LF:0
LH:0
BRF:0
BRH:0
end_of_record
TN:
SF:src\components\FilterItem\FilterItem.jsx
FN:6,(anonymous_0)
FN:7,(anonymous_1)
FNF:2
FNH:2
FNDA:16,(anonymous_0)
FNDA:16,(anonymous_1)
DA:6,7
DA:7,16
DA:9,16
DA:16,7
LF:4
LH:4
BRDA:7,0,0,4
BRDA:7,0,1,12
BRF:2
BRH:2
end_of_record
TN:
SF:src\components\FilterItem\index.js
FNF:0
FNH:0
LF:0
LH:0
BRF:0
BRH:0
end_of_record
TN:
SF:src\components\Logo\Logo.jsx
FN:5,(anonymous_0)
FNF:1
FNH:1
FNDA:14,(anonymous_0)
DA:5,10
DA:6,14
LF:2
LH:2
BRF:0
BRH:0
end_of_record
TN:
SF:src\components\Logo\index.js
FNF:0
FNH:0
LF:0
LH:0
BRF:0
BRH:0
end_of_record
TN:
SF:src\components\MovieDetailsContent\MovieDetailsContent.jsx
FN:12,(anonymous_0)
FN:13,(anonymous_1)
FN:18,(anonymous_2)
FNF:3
FNH:3
FNDA:4,(anonymous_0)
FNDA:6,(anonymous_1)
FNDA:1,(anonymous_2)
DA:12,4
DA:13,6
DA:14,4
DA:15,4
DA:18,4
DA:19,1
DA:20,1
DA:24,4
LF:8
LH:8
BRDA:19,0,0,1
BRDA:19,0,1,0
BRDA:24,1,0,4
BRDA:24,1,1,3
BRDA:27,2,0,3
BRDA:27,2,1,0
BRDA:39,3,0,3
BRDA:39,3,1,0
BRDA:42,4,0,3
BRDA:42,4,1,0
BRDA:50,5,0,3
BRDA:50,5,1,0
BRDA:61,6,0,3
BRDA:61,6,1,0
BRF:14
BRH:8
end_of_record
TN:
SF:src\components\MovieDetailsContent\index.js
FNF:0
FNH:0
LF:0
LH:0
BRF:0
BRH:0
end_of_record
TN:
SF:src\components\MovieDetailsLabel\MovieDetailsLabel.jsx
FN:6,(anonymous_0)
FNF:1
FNH:1
FNDA:10,(anonymous_0)
DA:6,5
DA:7,10
DA:14,5
LF:3
LH:3
BRF:0
BRH:0
end_of_record
TN:
SF:src\components\MovieDetailsLabel\index.js
FNF:0
FNH:0
LF:0
LH:0
BRF:0
BRH:0
end_of_record
TN:
SF:src\components\MovieGenres\MovieGenres.jsx
FN:6,(anonymous_0)
FNF:1
FNH:1
FNDA:14,(anonymous_0)
DA:6,14
DA:8,7
LF:2
LH:2
BRF:0
BRH:0
end_of_record
TN:
SF:src\components\MovieGenres\index.js
FNF:0
FNH:0
LF:0
LH:0
BRF:0
BRH:0
end_of_record
TN:
SF:src\components\MovieReleaseDate\MovieReleaseDate.jsx
FN:6,(anonymous_0)
FNF:1
FNH:1
FNDA:14,(anonymous_0)
DA:6,14
DA:8,7
LF:2
LH:2
BRF:0
BRH:0
end_of_record
TN:
SF:src\components\MovieReleaseDate\index.js
FNF:0
FNH:0
LF:0
LH:0
BRF:0
BRH:0
end_of_record
TN:
SF:src\components\MovieTitle\MovieTitle.jsx
FN:6,(anonymous_0)
FNF:1
FNH:1
FNDA:14,(anonymous_0)
DA:6,14
DA:8,7
LF:2
LH:2
BRF:0
BRH:0
end_of_record
TN:
SF:src\components\MovieTitle\index.js
FNF:0
FNH:0
LF:0
LH:0
BRF:0
BRH:0
end_of_record
TN:
SF:src\components\OopsText\OopsText.jsx
FN:6,(anonymous_0)
FNF:1
FNH:1
FNDA:2,(anonymous_0)
DA:6,3
DA:7,2
DA:16,3
DA:20,3
LF:4
LH:4
BRDA:8,0,0,2
BRDA:8,0,1,2
BRF:2
BRH:2
end_of_record
TN:
SF:src\components\OopsText\index.js
FNF:0
FNH:0
LF:0
LH:0
BRF:0
BRH:0
end_of_record
TN:
SF:src\components\Select\Select.jsx
FN:14,(anonymous_0)
FN:30,(anonymous_1)
FN:39,(anonymous_2)
FNF:3
FNH:1
FNDA:8,(anonymous_0)
FNDA:0,(anonymous_1)
FNDA:0,(anonymous_2)
DA:14,10
DA:15,8
DA:17,8
DA:18,4
DA:31,0
DA:32,0
DA:33,0
DA:35,0
DA:37,0
DA:38,0
DA:39,0
DA:40,0
DA:41,0
DA:43,0
DA:47,0
DA:53,4
DA:63,10
DA:76,10
LF:18
LH:7
BRDA:17,0,0,4
BRDA:17,0,1,4
BRDA:17,1,0,8
BRDA:17,1,1,4
BRDA:31,2,0,0
BRDA:31,2,1,0
BRDA:31,3,0,0
BRDA:31,3,1,0
BRDA:32,4,0,0
BRDA:32,4,1,0
BRDA:37,5,0,0
BRDA:37,5,1,0
BRDA:38,6,0,0
BRDA:38,6,1,0
BRDA:40,7,0,0
BRDA:40,7,1,0
BRF:16
BRH:4
end_of_record
TN:
SF:src\components\Select\index.js
FNF:0
FNH:0
LF:0
LH:0
BRF:0
BRH:0
end_of_record
TN:
SF:src\components\Select\components\ClearIndicator\ClearIndicator.jsx
FN:4,(anonymous_0)
FNF:1
FNH:1
FNDA:1,(anonymous_0)
DA:4,11
DA:5,1
LF:2
LH:2
BRF:0
BRH:0
end_of_record
TN:
SF:src\components\Select\components\ClearIndicator\index.js
FNF:0
FNH:0
LF:0
LH:0
BRF:0
BRH:0
end_of_record
TN:
SF:src\components\Select\components\DropdownIndicator\DropdownIndicator.jsx
FN:4,(anonymous_0)
FNF:1
FNH:1
FNDA:9,(anonymous_0)
DA:4,11
DA:5,9
LF:2
LH:2
BRF:0
BRH:0
end_of_record
TN:
SF:src\components\Select\components\DropdownIndicator\index.js
FNF:0
FNH:0
LF:0
LH:0
BRF:0
BRH:0
end_of_record
TN:
SF:src\components\Select\components\MultiValue\MultiValue.jsx
FN:10,(anonymous_0)
FNF:1
FNH:0
FNDA:0,(anonymous_0)
DA:5,10
DA:10,10
DA:11,0
DA:13,0
DA:15,0
DA:17,0
DA:19,0
DA:26,10
LF:8
LH:3
BRDA:15,0,0,0
BRDA:15,0,1,0
BRF:2
BRH:0
end_of_record
TN:
SF:src\components\Select\components\MultiValue\index.js
FNF:0
FNH:0
LF:0
LH:0
BRF:0
BRH:0
end_of_record
TN:
SF:src\components\Select\components\Option\Option.jsx
FN:6,(anonymous_0)
FN:15,(anonymous_1)
FNF:2
FNH:1
FNDA:1,(anonymous_0)
FNDA:0,(anonymous_1)
DA:6,11
DA:7,1
DA:9,1
DA:15,0
DA:24,11
LF:5
LH:4
BRF:0
BRH:0
end_of_record
TN:
SF:src\components\Select\components\Option\index.js
FNF:0
FNH:0
LF:0
LH:0
BRF:0
BRH:0
end_of_record
TN:
SF:src\components\Select\components\RequiredSelect\RequiredSelect.jsx
FN:8,(anonymous_0)
FN:13,(anonymous_1)
FN:18,(anonymous_2)
FNF:3
FNH:2
FNDA:5,(anonymous_0)
FNDA:0,(anonymous_1)
FNDA:10,(anonymous_2)
DA:8,11
DA:11,5
DA:13,5
DA:14,0
DA:15,0
DA:18,5
DA:19,10
DA:20,0
DA:23,5
DA:25,5
DA:51,11
DA:60,11
LF:12
LH:9
BRDA:19,0,0,10
BRDA:19,0,1,0
BRDA:20,1,0,0
BRDA:20,1,1,0
BRDA:32,2,0,5
BRDA:32,2,1,5
BRF:6
BRH:3
end_of_record
TN:
SF:src\components\Select\components\RequiredSelect\index.js
FNF:0
FNH:0
LF:0
LH:0
BRF:0
BRH:0
end_of_record
TN:
SF:src\components\Select\components\ValueContainer\ValueContainer.jsx
FN:10,(anonymous_0)
FN:16,(anonymous_1)
FNF:2
FNH:2
FNDA:5,(anonymous_0)
FNDA:1,(anonymous_1)
DA:5,11
DA:10,11
DA:11,5
DA:12,5
DA:14,5
DA:16,5
DA:17,1
DA:20,5
DA:27,11
LF:9
LH:9
BRDA:16,0,0,1
BRDA:16,0,1,4
BRF:2
BRH:2
end_of_record
TN:
SF:src\components\Select\components\ValueContainer\index.js
FNF:0
FNH:0
LF:0
LH:0
BRF:0
BRH:0
end_of_record
TN:
SF:src\components\SortIcon\SortIcon.jsx
FN:4,(anonymous_0)
FNF:1
FNH:1
FNDA:4,(anonymous_0)
DA:4,7
DA:8,7
LF:2
LH:2
BRDA:4,0,0,0
BRDA:4,0,1,4
BRF:2
BRH:1
end_of_record
TN:
SF:src\components\SortIcon\index.js
FNF:0
FNH:0
LF:0
LH:0
BRF:0
BRH:0
end_of_record
TN:
SF:src\components\UseSearch\UseSearch.jsx
FN:6,(anonymous_0)
FN:7,(anonymous_1)
FNF:2
FNH:2
FNDA:2,(anonymous_0)
FNDA:5,(anonymous_1)
DA:6,2
DA:7,5
DA:9,2
LF:3
LH:3
BRDA:9,0,0,2
BRDA:9,0,1,2
BRF:2
BRH:2
end_of_record
TN:
SF:src\components\UseSearch\index.js
FNF:0
FNH:0
LF:0
LH:0
BRF:0
BRH:0
end_of_record
TN:
SF:src\constants\constants.js
FNF:0
FNH:0
DA:1,19
DA:9,19
DA:31,19
DA:40,19
LF:4
LH:4
BRF:0
BRH:0
end_of_record
TN:
SF:src\constants\index.js
FNF:0
FNH:0
LF:0
LH:0
BRF:0
BRH:0
end_of_record
TN:
SF:src\containers\App\App.jsx
FN:18,(anonymous_0)
FNF:1
FNH:1
FNDA:1,(anonymous_0)
DA:18,1
DA:19,1
LF:2
LH:2
BRF:0
BRH:0
end_of_record
TN:
SF:src\containers\ErrorBoundary\ErrorBoundary.jsx
FN:13,(anonymous_0)
FN:17,(anonymous_1)
FN:22,(anonymous_2)
FN:35,(anonymous_3)
FNF:4
FNH:2
FNDA:0,(anonymous_0)
FNDA:0,(anonymous_1)
FNDA:2,(anonymous_2)
FNDA:2,(anonymous_3)
DA:9,2
DA:14,0
DA:18,0
DA:19,0
DA:23,2
DA:24,2
DA:26,2
DA:30,2
DA:35,2
LF:9
LH:6
BRDA:26,0,0,1
BRDA:26,0,1,1
BRDA:26,1,0,2
BRDA:26,1,1,2
BRF:4
BRH:4
end_of_record
TN:
SF:src\containers\ErrorBoundary\index.js
FNF:0
FNH:0
LF:0
LH:0
BRF:0
BRH:0
end_of_record
TN:
SF:src\containers\Footer\Footer.jsx
FN:7,(anonymous_0)
FNF:1
FNH:1
FNDA:5,(anonymous_0)
DA:7,5
DA:8,5
LF:2
LH:2
BRF:0
BRH:0
end_of_record
TN:
SF:src\containers\Footer\index.js
FNF:0
FNH:0
LF:0
LH:0
BRF:0
BRH:0
end_of_record
TN:
SF:src\containers\Header\Header.jsx
FN:8,(anonymous_0)
FN:9,(anonymous_1)
FNF:2
FNH:2
FNDA:3,(anonymous_0)
FNDA:7,(anonymous_1)
DA:8,3
DA:9,7
DA:11,3
LF:3
LH:3
BRDA:11,0,0,3
BRDA:11,0,1,2
BRF:2
BRH:2
end_of_record
TN:
SF:src\containers\Header\index.js
FNF:0
FNH:0
LF:0
LH:0
BRF:0
BRH:0
end_of_record
TN:
SF:src\containers\HeaderMain\HeaderMain.jsx
FN:7,(anonymous_0)
FNF:1
FNH:1
FNDA:3,(anonymous_0)
DA:7,4
DA:8,3
LF:2
LH:2
BRF:0
BRH:0
end_of_record
TN:
SF:src\containers\HeaderMain\index.js
FNF:0
FNH:0
LF:0
LH:0
BRF:0
BRH:0
end_of_record
TN:
SF:src\containers\HeaderTop\HeaderTop.jsx
FN:13,(anonymous_0)
FN:14,(anonymous_1)
FN:15,(anonymous_2)
FN:19,(anonymous_3)
FN:27,(anonymous_4)
FN:31,(anonymous_5)
FNF:6
FNH:3
FNDA:6,(anonymous_0)
FNDA:13,(anonymous_1)
FNDA:13,(anonymous_2)
FNDA:0,(anonymous_3)
FNDA:0,(anonymous_4)
FNDA:0,(anonymous_5)
DA:13,7
DA:14,13
DA:15,13
DA:16,6
DA:17,6
DA:19,6
DA:20,0
DA:21,0
DA:27,6
DA:28,0
DA:31,6
DA:32,0
DA:33,0
DA:37,6
DA:63,7
DA:67,7
LF:16
LH:11
BRDA:32,0,0,0
BRDA:32,0,1,0
BRDA:40,1,0,6
BRDA:40,1,1,5
BRDA:42,2,0,3
BRDA:42,2,1,2
BRF:6
BRH:4
end_of_record
TN:
SF:src\containers\HeaderTop\index.js
FNF:0
FNH:0
LF:0
LH:0
BRF:0
BRH:0
end_of_record
TN:
SF:src\containers\HomePage\HomePage.jsx
FN:8,(anonymous_0)
FNF:1
FNH:1
FNDA:1,(anonymous_0)
DA:8,1
DA:9,1
LF:2
LH:2
BRF:0
BRH:0
end_of_record
TN:
SF:src\containers\HomePage\index.js
FNF:0
FNH:0
LF:0
LH:0
BRF:0
BRH:0
end_of_record
TN:
SF:src\containers\Loading\Loading.jsx
FN:7,(anonymous_0)
FN:8,(anonymous_1)
FNF:2
FNH:2
FNDA:3,(anonymous_0)
FNDA:6,(anonymous_1)
DA:7,4
DA:8,6
DA:10,3
LF:3
LH:3
BRDA:10,0,0,3
BRDA:10,0,1,3
BRF:2
BRH:2
end_of_record
TN:
SF:src\containers\Loading\index.js
FNF:0
FNH:0
LF:0
LH:0
BRF:0
BRH:0
end_of_record
TN:
SF:src\containers\Main\Main.jsx
FN:14,(anonymous_0)
FN:15,(anonymous_1)
FN:16,(anonymous_2)
FN:17,(anonymous_3)
FN:18,(anonymous_4)
FN:19,(anonymous_5)
FN:20,(anonymous_6)
FN:25,(anonymous_7)
FNF:8
FNH:7
FNDA:3,(anonymous_0)
FNDA:6,(anonymous_1)
FNDA:6,(anonymous_2)
FNDA:6,(anonymous_3)
FNDA:6,(anonymous_4)
FNDA:6,(anonymous_5)
FNDA:6,(anonymous_6)
FNDA:0,(anonymous_7)
DA:14,4
DA:15,6
DA:16,6
DA:17,6
DA:18,6
DA:19,6
DA:20,6
DA:21,3
DA:22,3
DA:23,3
DA:25,3
DA:26,0
DA:27,0
DA:28,0
DA:31,3
LF:15
LH:12
BRDA:31,0,0,3
BRDA:31,0,1,1
BRF:2
BRH:2
end_of_record
TN:
SF:src\containers\Main\index.js
FNF:0
FNH:0
LF:0
LH:0
BRF:0
BRH:0
end_of_record
TN:
SF:src\containers\Menu\Menu.jsx
FN:8,(anonymous_0)
FNF:1
FNH:1
FNDA:2,(anonymous_0)
DA:8,5
DA:9,2
LF:2
LH:2
BRF:0
BRH:0
end_of_record
TN:
SF:src\containers\Menu\index.js
FNF:0
FNH:0
LF:0
LH:0
BRF:0
BRH:0
end_of_record
TN:
SF:src\containers\ModalWindow\ModalWindow.jsx
FN:14,(anonymous_0)
FN:15,(anonymous_1)
FN:16,(anonymous_2)
FN:19,(anonymous_3)
FN:24,(anonymous_4)
FN:32,(anonymous_5)
FN:37,(anonymous_6)
FNF:7
FNH:3
FNDA:3,(anonymous_0)
FNDA:7,(anonymous_1)
FNDA:7,(anonymous_2)
FNDA:0,(anonymous_3)
FNDA:0,(anonymous_4)
FNDA:0,(anonymous_5)
FNDA:0,(anonymous_6)
DA:14,3
DA:15,7
DA:16,7
DA:17,3
DA:19,3
DA:20,0
DA:23,3
DA:25,0
DA:26,0
DA:32,3
DA:33,0
DA:34,0
DA:35,0
DA:37,0
DA:38,0
DA:42,3
LF:16
LH:8
BRDA:25,0,0,0
BRDA:25,0,1,0
BRDA:33,1,0,0
BRDA:33,1,1,0
BRDA:42,2,0,3
BRDA:42,2,1,2
BRDA:56,3,0,2
BRDA:56,3,1,1
BRF:8
BRH:4
end_of_record
TN:
SF:src\containers\ModalWindow\index.js
FNF:0
FNH:0
LF:0
LH:0
BRF:0
BRH:0
end_of_record
TN:
SF:src\containers\ModalWindow\forms\AddMovie\AddMovie.jsx
FN:10,(anonymous_0)
FN:11,(anonymous_1)
FN:13,(anonymous_2)
FNF:3
FNH:2
FNDA:3,(anonymous_0)
FNDA:6,(anonymous_1)
FNDA:0,(anonymous_2)
DA:10,4
DA:11,6
DA:12,3
DA:13,3
DA:14,0
DA:19,0
DA:22,3
DA:36,3
DA:42,3
DA:52,4
LF:10
LH:8
BRDA:42,0,0,3
BRDA:42,0,1,3
BRF:2
BRH:2
end_of_record
TN:
SF:src\containers\ModalWindow\forms\AddMovie\index.js
FNF:0
FNH:0
LF:0
LH:0
BRF:0
BRH:0
end_of_record
TN:
SF:src\containers\ModalWindow\forms\CommonForm\CommonForm.jsx
FN:9,(anonymous_0)
FN:45,(anonymous_1)
FNF:2
FNH:1
FNDA:4,(anonymous_0)
FNDA:0,(anonymous_1)
DA:9,5
DA:10,4
DA:46,0
DA:77,5
DA:82,5
LF:5
LH:4
BRDA:11,0,0,4
BRDA:11,0,1,1
BRDA:18,1,0,1
BRDA:18,1,1,3
BRDA:70,2,0,1
BRDA:70,2,1,3
BRF:6
BRH:6
end_of_record
TN:
SF:src\containers\ModalWindow\forms\CommonForm\index.js
FNF:0
FNH:0
LF:0
LH:0
BRF:0
BRH:0
end_of_record
TN:
SF:src\containers\ModalWindow\forms\DeleteMovie\DeleteMovie.jsx
FN:8,(anonymous_0)
FN:9,(anonymous_1)
FN:11,(anonymous_2)
FNF:3
FNH:2
FNDA:2,(anonymous_0)
FNDA:4,(anonymous_1)
FNDA:0,(anonymous_2)
DA:8,4
DA:9,4
DA:10,2
DA:11,2
DA:12,0
DA:13,0
DA:16,2
DA:33,4
LF:8
LH:6
BRDA:16,0,0,2
BRDA:16,0,1,1
BRF:2
BRH:2
end_of_record
TN:
SF:src\containers\ModalWindow\forms\DeleteMovie\index.js
FNF:0
FNH:0
LF:0
LH:0
BRF:0
BRH:0
end_of_record
TN:
SF:src\containers\ModalWindow\forms\EditMovie\EditMovie.jsx
FN:11,(anonymous_0)
FN:28,(anonymous_1)
FN:30,(anonymous_2)
FN:60,(anonymous_3)
FNF:4
FNH:3
FNDA:2,(anonymous_0)
FNDA:4,(anonymous_1)
FNDA:0,(anonymous_2)
FNDA:1,(anonymous_3)
DA:11,4
DA:28,4
DA:29,2
DA:30,2
DA:31,0
DA:36,0
DA:39,2
DA:54,2
DA:61,1
DA:70,4
LF:10
LH:8
BRDA:47,0,0,2
BRDA:47,0,1,0
BRDA:48,1,0,2
BRDA:48,1,1,0
BRDA:54,2,0,2
BRDA:54,2,1,1
BRF:6
BRH:4
end_of_record
TN:
SF:src\containers\ModalWindow\forms\EditMovie\index.js
FNF:0
FNH:0
LF:0
LH:0
BRF:0
BRH:0
end_of_record
TN:
SF:src\containers\ModalWindow\forms\FormItem\FormItem.jsx
FN:7,FormItem
FNF:1
FNH:1
FNDA:45,FormItem
DA:10,45
DA:12,45
DA:32,5
DA:42,5
LF:4
LH:4
BRDA:14,0,0,24
BRDA:14,0,1,21
BRDA:15,1,0,45
BRDA:15,1,1,36
BRDA:23,2,0,45
BRDA:23,2,1,33
BRDA:27,3,0,0
BRDA:27,3,1,45
BRF:8
BRH:7
end_of_record
TN:
SF:src\containers\ModalWindow\forms\FormItem\index.js
FNF:0
FNH:0
LF:0
LH:0
BRF:0
BRH:0
end_of_record
TN:
SF:src\containers\MovieCard\MovieCard.jsx
FN:18,(anonymous_0)
FN:27,(anonymous_1)
FN:31,(anonymous_2)
FN:35,(anonymous_3)
FN:39,(anonymous_4)
FN:43,(anonymous_5)
FNF:6
FNH:1
FNDA:13,(anonymous_0)
FNDA:0,(anonymous_1)
FNDA:0,(anonymous_2)
FNDA:0,(anonymous_3)
FNDA:0,(anonymous_4)
FNDA:0,(anonymous_5)
DA:18,6
DA:24,13
DA:25,13
DA:27,13
DA:28,0
DA:31,13
DA:32,0
DA:35,13
DA:36,0
DA:39,13
DA:40,0
DA:43,13
DA:44,0
DA:47,13
DA:80,6
DA:97,6
LF:16
LH:11
BRDA:55,0,0,13
BRDA:55,0,1,0
BRF:2
BRH:1
end_of_record
TN:
SF:src\containers\MovieCard\index.js
FNF:0
FNH:0
LF:0
LH:0
BRF:0
BRH:0
end_of_record
TN:
SF:src\containers\MovieCardMenu\MovieCardMenu.jsx
FN:8,(anonymous_0)
FN:12,(anonymous_1)
FN:16,(anonymous_2)
FN:26,(anonymous_3)
FN:34,(anonymous_4)
FN:39,(anonymous_5)
FNF:6
FNH:1
FNDA:14,(anonymous_0)
FNDA:0,(anonymous_1)
FNDA:0,(anonymous_2)
FNDA:0,(anonymous_3)
FNDA:0,(anonymous_4)
FNDA:0,(anonymous_5)
DA:8,7
DA:12,14
DA:13,0
DA:16,0
DA:18,0
DA:20,0
DA:25,14
DA:27,0
DA:28,0
DA:34,14
DA:35,0
DA:36,0
DA:37,0
DA:39,0
DA:40,0
DA:44,14
DA:75,7
LF:17
LH:6
BRDA:18,0,0,0
BRDA:18,0,1,0
BRDA:27,1,0,0
BRDA:27,1,1,0
BRDA:35,2,0,0
BRDA:35,2,1,0
BRDA:44,3,0,14
BRDA:44,3,1,1
BRF:8
BRH:2
end_of_record
TN:
SF:src\containers\MovieCardMenu\index.js
FNF:0
FNH:0
LF:0
LH:0
BRF:0
BRH:0
end_of_record
TN:
SF:src\containers\MovieDetails\MovieDetails.jsx
FN:9,(anonymous_0)
FNF:1
FNH:1
FNDA:2,(anonymous_0)
DA:9,3
DA:10,2
LF:2
LH:2
BRF:0
BRH:0
end_of_record
TN:
SF:src\containers\MovieDetails\index.js
FNF:0
FNH:0
LF:0
LH:0
BRF:0
BRH:0
end_of_record
TN:
SF:src\containers\MovieDetailsPage\MovieDetailsPage.jsx
FN:8,(anonymous_0)
FNF:1
FNH:1
FNDA:1,(anonymous_0)
DA:8,2
DA:9,1
LF:2
LH:2
BRF:0
BRH:0
end_of_record
TN:
SF:src\containers\MovieDetailsPage\index.js
FNF:0
FNH:0
LF:0
LH:0
BRF:0
BRH:0
end_of_record
TN:
SF:src\containers\MoviesList\MoviesList.jsx
FN:8,(anonymous_0)
FN:9,(anonymous_1)
FN:13,(anonymous_2)
FNF:3
FNH:3
FNDA:2,(anonymous_0)
FNDA:4,(anonymous_1)
FNDA:12,(anonymous_2)
DA:8,5
DA:9,4
DA:11,2
DA:14,12
LF:4
LH:4
BRF:0
BRH:0
end_of_record
TN:
SF:src\containers\MoviesList\index.js
FNF:0
FNH:0
LF:0
LH:0
BRF:0
BRH:0
end_of_record
TN:
SF:src\containers\NoMoviesFound\NoMoviesFound.jsx
FN:6,(anonymous_0)
FN:7,(anonymous_1)
FNF:2
FNH:2
FNDA:2,(anonymous_0)
FNDA:4,(anonymous_1)
DA:6,5
DA:7,4
DA:9,2
LF:3
LH:3
BRDA:9,0,0,2
BRDA:9,0,1,1
BRF:2
BRH:2
end_of_record
TN:
SF:src\containers\NoMoviesFound\index.js
FNF:0
FNH:0
LF:0
LH:0
BRF:0
BRH:0
end_of_record
TN:
SF:src\containers\PageNotFound\PageNotFound.jsx
FN:11,(anonymous_0)
FNF:1
FNH:1
FNDA:1,(anonymous_0)
DA:11,2
DA:12,1
LF:2
LH:2
BRF:0
BRH:0
end_of_record
TN:
SF:src\containers\PageNotFound\index.js
FNF:0
FNH:0
LF:0
LH:0
BRF:0
BRH:0
end_of_record
TN:
SF:src\containers\ResultCount\ResultCount.jsx
FN:6,(anonymous_0)
FN:7,(anonymous_1)
FNF:2
FNH:2
FNDA:2,(anonymous_0)
FNDA:4,(anonymous_1)
DA:6,5
DA:7,4
DA:9,2
LF:3
LH:3
BRDA:12,0,0,2
BRDA:12,0,1,1
BRF:2
BRH:2
end_of_record
TN:
SF:src\containers\ResultCount\index.js
FNF:0
FNH:0
LF:0
LH:0
BRF:0
BRH:0
end_of_record
TN:
SF:src\containers\ResultsFilter\ResultsFilter.jsx
FN:13,(anonymous_0)
FN:16,(anonymous_1)
FN:17,(anonymous_2)
FN:21,(anonymous_3)
FN:36,(anonymous_4)
FN:41,(anonymous_5)
FNF:6
FNH:4
FNDA:3,(anonymous_0)
FNDA:6,(anonymous_1)
FNDA:6,(anonymous_2)
FNDA:0,(anonymous_3)
FNDA:15,(anonymous_4)
FNDA:0,(anonymous_5)
DA:13,6
DA:14,3
DA:15,3
DA:16,6
DA:17,6
DA:18,3
DA:19,3
DA:21,3
DA:23,0
DA:24,0
DA:26,0
DA:33,3
DA:37,15
DA:41,0
LF:14
LH:10
BRDA:23,0,0,0
BRDA:23,0,1,0
BRF:2
BRH:0
end_of_record
TN:
SF:src\containers\ResultsFilter\index.js
FNF:0
FNH:0
LF:0
LH:0
BRF:0
BRH:0
end_of_record
TN:
SF:src\containers\ResultsSort\ResultsSort.jsx
FN:15,(anonymous_0)
FN:16,(anonymous_1)
FN:17,(anonymous_2)
FN:19,(anonymous_3)
FN:23,(anonymous_4)
FN:24,(anonymous_5)
FN:27,(anonymous_6)
FN:39,(anonymous_7)
FN:41,(anonymous_8)
FNF:9
FNH:6
FNDA:3,(anonymous_0)
FNDA:6,(anonymous_1)
FNDA:6,(anonymous_2)
FNDA:6,(anonymous_3)
FNDA:3,(anonymous_4)
FNDA:18,(anonymous_5)
FNDA:0,(anonymous_6)
FNDA:0,(anonymous_7)
FNDA:0,(anonymous_8)
DA:15,6
DA:16,6
DA:17,6
DA:18,3
DA:19,6
DA:20,3
DA:21,3
DA:23,3
DA:24,18
DA:27,3
DA:29,0
DA:30,0
DA:32,0
DA:39,3
DA:41,3
DA:43,0
DA:44,0
DA:46,0
DA:53,3
LF:19
LH:13
BRDA:29,0,0,0
BRDA:29,0,1,0
BRDA:39,1,0,0
BRDA:39,1,1,0
BRDA:43,2,0,0
BRDA:43,2,1,0
BRF:6
BRH:0
end_of_record
TN:
SF:src\containers\ResultsSort\index.js
FNF:0
FNH:0
LF:0
LH:0
BRF:0
BRH:0
end_of_record
TN:
SF:src\containers\Search\Search.jsx
FN:12,(anonymous_0)
FN:14,(anonymous_1)
FN:19,(anonymous_2)
FN:26,(anonymous_3)
FN:34,(anonymous_4)
FN:36,(anonymous_5)
FN:44,(anonymous_6)
FNF:7
FNH:2
FNDA:4,(anonymous_0)
FNDA:9,(anonymous_1)
FNDA:0,(anonymous_2)
FNDA:0,(anonymous_3)
FNDA:0,(anonymous_4)
FNDA:0,(anonymous_5)
FNDA:0,(anonymous_6)
DA:12,5
DA:13,4
DA:14,9
DA:15,4
DA:16,4
DA:17,4
DA:18,4
DA:19,4
DA:20,0
DA:25,4
DA:27,0
DA:28,0
DA:34,4
DA:35,0
DA:36,0
DA:37,0
DA:40,4
DA:44,0
LF:18
LH:11
BRDA:16,0,0,4
BRDA:16,0,1,4
BRDA:27,1,0,0
BRDA:27,1,1,0
BRF:4
BRH:2
end_of_record
TN:
SF:src\containers\Search\index.js
FNF:0
FNH:0
LF:0
LH:0
BRF:0
BRH:0
end_of_record
TN:
SF:src\containers\SearchInput\SearchInput.jsx
FN:6,(anonymous_0)
FNF:1
FNH:1
FNDA:5,(anonymous_0)
DA:6,6
DA:7,5
DA:16,6
LF:3
LH:3
BRF:0
BRH:0
end_of_record
TN:
SF:src\containers\SearchInput\index.js
FNF:0
FNH:0
LF:0
LH:0
BRF:0
BRH:0
end_of_record
TN:
SF:src\containers\SearchPage\SearchPage.jsx
FN:9,(anonymous_0)
FNF:1
FNH:1
FNDA:1,(anonymous_0)
DA:9,2
DA:10,1
LF:2
LH:2
BRF:0
BRH:0
end_of_record
TN:
SF:src\containers\SearchPage\index.js
FNF:0
FNH:0
LF:0
LH:0
BRF:0
BRH:0
end_of_record
TN:
SF:src\reducers\index.js
FNF:0
FNH:0
DA:6,1
LF:1
LH:1
BRF:0
BRH:0
end_of_record
TN:
SF:src\reducers\movie\index.js
FNF:0
FNH:0
LF:0
LH:0
BRF:0
BRH:0
end_of_record
TN:
SF:src\reducers\movie\movie.js
FN:13,(anonymous_0)
FNF:1
FNH:1
FNDA:11,(anonymous_0)
DA:3,2
DA:13,2
DA:14,11
DA:16,1
DA:21,1
DA:27,1
DA:32,1
DA:39,1
DA:44,1
DA:50,1
DA:55,1
DA:60,3
LF:12
LH:12
BRDA:13,0,0,3
BRDA:14,1,0,1
BRDA:14,1,1,1
BRDA:14,1,2,1
BRDA:14,1,3,1
BRDA:14,1,4,1
BRDA:14,1,5,1
BRDA:14,1,6,1
BRDA:14,1,7,1
BRDA:14,1,8,3
BRF:10
BRH:10
end_of_record
TN:
SF:src\reducers\query\index.js
FNF:0
FNH:0
LF:0
LH:0
BRF:0
BRH:0
end_of_record
TN:
SF:src\reducers\query\query.js
FN:11,(anonymous_0)
FNF:1
FNH:1
FNDA:8,(anonymous_0)
DA:3,2
DA:11,2
DA:12,8
DA:14,1
DA:19,1
DA:24,1
DA:29,1
DA:34,1
DA:39,3
LF:9
LH:9
BRDA:11,0,0,3
BRDA:12,1,0,1
BRDA:12,1,1,1
BRDA:12,1,2,1
BRDA:12,1,3,1
BRDA:12,1,4,1
BRDA:12,1,5,3
BRF:7
BRH:7
end_of_record
TN:
SF:src\store\index.js
FNF:0
FNH:0
DA:7,1
LF:1
LH:1
BRF:0
BRH:0
end_of_record
TN:
SF:src\tests\mocks\fileMock.js
FNF:0
FNH:0
DA:1,26
LF:1
LH:1
BRF:0
BRH:0
end_of_record
TN:
SF:src\tests\mocks\mockData.js
FNF:0
FNH:0
DA:8,16
LF:1
LH:1
BRF:0
BRH:0
end_of_record
TN:
SF:src\utils\index.js
FNF:0
FNH:0
LF:0
LH:0
BRF:0
BRH:0
end_of_record
TN:
SF:src\utils\utils.js
FN:8,(anonymous_0)
FN:9,(anonymous_1)
FN:12,(anonymous_2)
FN:14,(anonymous_3)
FN:16,(anonymous_4)
FN:19,(anonymous_5)
FN:22,(anonymous_6)
FN:38,(anonymous_7)
FN:48,(anonymous_8)
FN:67,(anonymous_9)
FN:75,(anonymous_10)
FN:80,(anonymous_11)
FN:82,(anonymous_12)
FN:90,(anonymous_13)
FN:94,(anonymous_14)
FN:97,(anonymous_15)
FNF:16
FNH:14
FNDA:2,(anonymous_0)
FNDA:38,(anonymous_1)
FNDA:102,(anonymous_2)
FNDA:36,(anonymous_3)
FNDA:33,(anonymous_4)
FNDA:3,(anonymous_5)
FNDA:3,(anonymous_6)
FNDA:4,(anonymous_7)
FNDA:0,(anonymous_8)
FNDA:0,(anonymous_9)
FNDA:1,(anonymous_10)
FNDA:1,(anonymous_11)
FNDA:2,(anonymous_12)
FNDA:2,(anonymous_13)
FNDA:6,(anonymous_14)
FNDA:1,(anonymous_15)
DA:8,22
DA:9,38
DA:12,102
DA:14,36
DA:16,33
DA:19,22
DA:22,22
DA:24,3
DA:25,1
DA:28,2
DA:30,2
DA:32,1
DA:35,1
DA:38,22
DA:48,0
DA:67,0
DA:75,22
DA:77,1
DA:80,22
DA:82,2
DA:90,22
DA:92,2
DA:94,22
DA:97,22
LF:24
LH:22
BRDA:19,0,0,3
BRDA:19,0,1,2
BRDA:24,1,0,1
BRDA:24,1,1,2
BRDA:81,2,0,1
BRDA:81,2,1,0
BRF:6
BRH:5
end_of_record
